<Event xmlns='http://schemas.microsoft.com/win/2004/08/events/event'><System><Provider Name='Microsoft-Windows-DistributedCOM' Guid='{1B562E86-B7AA-4131-BADC-B6F3A001407E}' EventSourceName='DCOM'/><EventID Qualifiers='0'>10010</EventID><Version>0</Version><Level>2</Level><Task>0</Task><Opcode>0</Opcode><Keywords>0x8080000000000000</Keywords><TimeCreated SystemTime='2025-08-30T12:36:36.0261401Z'/><EventRecordID>3162106</EventRecordID><Correlation ActivityID='{cf5b452f-1c4c-41c2-acd2-c76e4b777daa}'/><Execution ProcessID='1016' ThreadID='19360'/><Channel>System</Channel><Computer>ARROW-PROEJCTS</Computer><Security UserID='S-1-5-21-2552682363-1415638892-1482416837-1001'/></System><EventData><Data Name='param1'>Microsoft.AAD.BrokerPlugin_1000.19041.4239.0_neutral_neutral_cw5n1h2txyewy!Windows.Security.Authentication.Web.Core.BackgroundGetTokenTask.ClassId.WebAccountProvider</Data></EventData><RenderingInfo Culture='en-SG'><Message>The server Microsoft.AAD.BrokerPlugin_1000.19041.4239.0_neutral_neutral_cw5n1h2txyewy!Windows.Security.Authentication.Web.Core.BackgroundGetTokenTask.ClassId.WebAccountProvider did not register with DCOM within the required timeout.</Message><Level>Error</Level><Task></Task><Opcode>Info</Opcode><Channel></Channel><Provider>Microsoft-Windows-DistributedCOM</Provider><Keywords><Keyword>Classic</Keyword></Keywords></RenderingInfo></Event><Event xmlns='http://schemas.microsoft.com/win/2004/08/events/event'><System><Provider Name='Microsoft-Windows-DistributedCOM' Guid='{1B562E86-B7AA-4131-BADC-B6F3A001407E}' EventSourceName='DCOM'/><EventID Qualifiers='0'>10010</EventID><Version>0</Version><Level>2</Level><Task>0</Task><Opcode>0</Opcode><Keywords>0x8080000000000000</Keywords><TimeCreated SystemTime='2025-08-30T11:36:34.8298171Z'/><EventRecordID>3162105</EventRecordID><Correlation ActivityID='{c8fef603-1bf8-4ce9-8304-353ccbb453ee}'/><Execution ProcessID='1016' ThreadID='15884'/><Channel>System</Channel><Computer>ARROW-PROEJCTS</Computer><Security UserID='S-1-5-21-2552682363-1415638892-1482416837-1001'/></System><EventData><Data Name='param1'>Microsoft.AAD.BrokerPlugin_1000.19041.4239.0_neutral_neutral_cw5n1h2txyewy!Windows.Security.Authentication.Web.Core.BackgroundGetTokenTask.ClassId.WebAccountProvider</Data></EventData><RenderingInfo Culture='en-SG'><Message>The server Microsoft.AAD.BrokerPlugin_1000.19041.4239.0_neutral_neutral_cw5n1h2txyewy!Windows.Security.Authentication.Web.Core.BackgroundGetTokenTask.ClassId.WebAccountProvider did not register with DCOM within the required timeout.</Message><Level>Error</Level><Task></Task><Opcode>Info</Opcode><Channel></Channel><Provider>Microsoft-Windows-DistributedCOM</Provider><Keywords><Keyword>Classic</Keyword></Keywords></RenderingInfo></Event><Event xmlns='http://schemas.microsoft.com/win/2004/08/events/event'><System><Provider Name='Microsoft-Windows-DistributedCOM' Guid='{1B562E86-B7AA-4131-BADC-B6F3A001407E}' EventSourceName='DCOM'/><EventID Qualifiers='0'>10010</EventID><Version>0</Version><Level>2</Level><Task>0</Task><Opcode>0</Opcode><Keywords>0x8080000000000000</Keywords><TimeCreated SystemTime='2025-08-30T11:31:01.7944717Z'/><EventRecordID>3162104</EventRecordID><Correlation ActivityID='{26982559-2aef-4933-a085-294cf9544172}'/><Execution ProcessID='1016' ThreadID='10492'/><Channel>System</Channel><Computer>ARROW-PROEJCTS</Computer><Security UserID='S-1-5-21-2552682363-1415638892-1482416837-1001'/></System><EventData><Data Name='param1'>Microsoft.AAD.BrokerPlugin_1000.19041.4239.0_neutral_neutral_cw5n1h2txyewy!Windows.Security.Authentication.Web.Core.BackgroundGetTokenTask.ClassId.WebAccountProvider</Data></EventData><RenderingInfo Culture='en-SG'><Message>The server Microsoft.AAD.BrokerPlugin_1000.19041.4239.0_neutral_neutral_cw5n1h2txyewy!Windows.Security.Authentication.Web.Core.BackgroundGetTokenTask.ClassId.WebAccountProvider did not register with DCOM within the required timeout.</Message><Level>Error</Level><Task></Task><Opcode>Info</Opcode><Channel></Channel><Provider>Microsoft-Windows-DistributedCOM</Provider><Keywords><Keyword>Classic</Keyword></Keywords></RenderingInfo></Event><Event xmlns='http://schemas.microsoft.com/win/2004/08/events/event'><System><Provider Name='Microsoft-Windows-DistributedCOM' Guid='{1B562E86-B7AA-4131-BADC-B6F3A001407E}' EventSourceName='DCOM'/><EventID Qualifiers='0'>10010</EventID><Version>0</Version><Level>2</Level><Task>0</Task><Opcode>0</Opcode><Keywords>0x8080000000000000</Keywords><TimeCreated SystemTime='2025-08-30T11:30:58.7404709Z'/><EventRecordID>3162103</EventRecordID><Correlation ActivityID='{b234815e-ab4e-4f65-b1b8-a44e6a9f1cd8}'/><Execution ProcessID='1016' ThreadID='10492'/><Channel>System</Channel><Computer>ARROW-PROEJCTS</Computer><Security UserID='S-1-5-21-2552682363-1415638892-1482416837-1001'/></System><EventData><Data Name='param1'>Microsoft.AAD.BrokerPlugin_1000.19041.4239.0_neutral_neutral_cw5n1h2txyewy!Windows.Security.Authentication.Web.Core.BackgroundGetTokenTask.ClassId.WebAccountProvider</Data></EventData><RenderingInfo Culture='en-SG'><Message>The server Microsoft.AAD.BrokerPlugin_1000.19041.4239.0_neutral_neutral_cw5n1h2txyewy!Windows.Security.Authentication.Web.Core.BackgroundGetTokenTask.ClassId.WebAccountProvider did not register with DCOM within the required timeout.</Message><Level>Error</Level><Task></Task><Opcode>Info</Opcode><Channel></Channel><Provider>Microsoft-Windows-DistributedCOM</Provider><Keywords><Keyword>Classic</Keyword></Keywords></RenderingInfo></Event><Event xmlns='http://schemas.microsoft.com/win/2004/08/events/event'><System><Provider Name='Microsoft-Windows-DistributedCOM' Guid='{1B562E86-B7AA-4131-BADC-B6F3A001407E}' EventSourceName='DCOM'/><EventID Qualifiers='0'>10010</EventID><Version>0</Version><Level>2</Level><Task>0</Task><Opcode>0</Opcode><Keywords>0x8080000000000000</Keywords><TimeCreated SystemTime='2025-08-30T11:24:28.1779631Z'/><EventRecordID>3162102</EventRecordID><Correlation ActivityID='{2a76b843-d7ab-4f04-bc98-22133b4dcdb0}'/><Execution ProcessID='1016' ThreadID='14788'/><Channel>System</Channel><Computer>ARROW-PROEJCTS</Computer><Security UserID='S-1-5-21-2552682363-1415638892-1482416837-1001'/></System><EventData><Data Name='param1'>Microsoft.Windows.Search_1.14.17.19041_neutral_neutral_cw5n1h2txyewy!CortanaUI.AppX49we79s9ab0xp8xpjb6t6g31ep03r71y.mca</Data></EventData><RenderingInfo Culture='en-SG'><Message>The server Microsoft.Windows.Search_1.14.17.19041_neutral_neutral_cw5n1h2txyewy!CortanaUI.AppX49we79s9ab0xp8xpjb6t6g31ep03r71y.mca did not register with DCOM within the required timeout.</Message><Level>Error</Level><Task></Task><Opcode>Info</Opcode><Channel></Channel><Provider>Microsoft-Windows-DistributedCOM</Provider><Keywords><Keyword>Classic</Keyword></Keywords></RenderingInfo></Event><Event xmlns='http://schemas.microsoft.com/win/2004/08/events/event'><System><Provider Name='Microsoft-Windows-WAS' Guid='{524B5D04-133C-4A62-8362-64E8EDB9CE40}' EventSourceName='WAS'/><EventID Qualifiers='16384'>5186</EventID><Version>0</Version><Level>4</Level><Task>0</Task><Opcode>0</Opcode><Keywords>0x80000000000000</Keywords><TimeCreated SystemTime='2025-08-30T11:10:53.8364485Z'/><EventRecordID>3162101</EventRecordID><Correlation/><Execution ProcessID='0' ThreadID='0'/><Channel>System</Channel><Computer>ARROW-PROEJCTS</Computer><Security/></System><EventData><Data Name='ProcessID'>9364</Data><Data Name='AppPoolID'>acrm</Data><Data Name='Minutes'>20</Data></EventData><RenderingInfo Culture='en-SG'><Message>A worker process with process id of '9364' serving application pool 'acrm' was shutdown due to inactivity.  Application Pool timeout configuration was set to 20 minutes.  A new worker process will be started when needed.</Message><Level>Information</Level><Task></Task><Opcode></Opcode><Channel></Channel><Provider>Microsoft-Windows-WAS</Provider><Keywords><Keyword>Classic</Keyword></Keywords></RenderingInfo></Event><Event xmlns='http://schemas.microsoft.com/win/2004/08/events/event'><System><Provider Name='Microsoft-Windows-DistributedCOM' Guid='{1B562E86-B7AA-4131-BADC-B6F3A001407E}' EventSourceName='DCOM'/><EventID Qualifiers='0'>10010</EventID><Version>0</Version><Level>2</Level><Task>0</Task><Opcode>0</Opcode><Keywords>0x8080000000000000</Keywords><TimeCreated SystemTime='2025-08-30T10:36:36.1884092Z'/><EventRecordID>3162100</EventRecordID><Correlation ActivityID='{da68ebfc-e5b2-4821-9c5b-849c89cd40ba}'/><Execution ProcessID='1016' ThreadID='7608'/><Channel>System</Channel><Computer>ARROW-PROEJCTS</Computer><Security UserID='S-1-5-21-2552682363-1415638892-1482416837-1001'/></System><EventData><Data Name='param1'>Microsoft.AAD.BrokerPlugin_1000.19041.4239.0_neutral_neutral_cw5n1h2txyewy!Windows.Security.Authentication.Web.Core.BackgroundGetTokenTask.ClassId.WebAccountProvider</Data></EventData><RenderingInfo Culture='en-SG'><Message>The server Microsoft.AAD.BrokerPlugin_1000.19041.4239.0_neutral_neutral_cw5n1h2txyewy!Windows.Security.Authentication.Web.Core.BackgroundGetTokenTask.ClassId.WebAccountProvider did not register with DCOM within the required timeout.</Message><Level>Error</Level><Task></Task><Opcode>Info</Opcode><Channel></Channel><Provider>Microsoft-Windows-DistributedCOM</Provider><Keywords><Keyword>Classic</Keyword></Keywords></RenderingInfo></Event><Event xmlns='http://schemas.microsoft.com/win/2004/08/events/event'><System><Provider Name='Microsoft-Windows-WAS' Guid='{524B5D04-133C-4A62-8362-64E8EDB9CE40}' EventSourceName='WAS'/><EventID Qualifiers='16384'>5186</EventID><Version>0</Version><Level>4</Level><Task>0</Task><Opcode>0</Opcode><Keywords>0x80000000000000</Keywords><TimeCreated SystemTime='2025-08-30T10:11:46.9306656Z'/><EventRecordID>3162099</EventRecordID><Correlation/><Execution ProcessID='0' ThreadID='0'/><Channel>System</Channel><Computer>ARROW-PROEJCTS</Computer><Security/></System><EventData><Data Name='ProcessID'>18772</Data><Data Name='AppPoolID'>Arrowcrest.Invitation.Api</Data><Data Name='Minutes'>20</Data></EventData><RenderingInfo Culture='en-SG'><Message>A worker process with process id of '18772' serving application pool 'Arrowcrest.Invitation.Api' was shutdown due to inactivity.  Application Pool timeout configuration was set to 20 minutes.  A new worker process will be started when needed.</Message><Level>Information</Level><Task></Task><Opcode></Opcode><Channel></Channel><Provider>Microsoft-Windows-WAS</Provider><Keywords><Keyword>Classic</Keyword></Keywords></RenderingInfo></Event><Event xmlns='http://schemas.microsoft.com/win/2004/08/events/event'><System><Provider Name='Microsoft-Windows-Kernel-General' Guid='{a68ca8b7-004f-d7b6-a698-07e2de0f1f5d}'/><EventID>16</EventID><Version>0</Version><Level>4</Level><Task>0</Task><Opcode>0</Opcode><Keywords>0x8000000000000000</Keywords><TimeCreated SystemTime='2025-08-30T09:49:12.5896479Z'/><EventRecordID>3162098</EventRecordID><Correlation/><Execution ProcessID='4220' ThreadID='7688'/><Channel>System</Channel><Computer>ARROW-PROEJCTS</Computer><Security UserID='S-1-5-18'/></System><EventData><Data Name='HiveNameLength'>53</Data><Data Name='HiveName'>\??\C:\Windows\AppCompat\Programs\Amcache.hve.tmp.tmp</Data><Data Name='KeysUpdated'>4468</Data><Data Name='DirtyPages'>1823</Data></EventData><RenderingInfo Culture='en-SG'><Message>The access history in hive \??\C:\Windows\AppCompat\Programs\Amcache.hve.tmp.tmp was cleared updating 4468 keys and creating 1823 modified pages.</Message><Level>Information</Level><Task></Task><Opcode>Info</Opcode><Channel>System</Channel><Provider>Microsoft-Windows-Kernel-General</Provider><Keywords></Keywords></RenderingInfo></Event><Event xmlns='http://schemas.microsoft.com/win/2004/08/events/event'><System><Provider Name='Microsoft-Windows-DistributedCOM' Guid='{1B562E86-B7AA-4131-BADC-B6F3A001407E}' EventSourceName='DCOM'/><EventID Qualifiers='0'>10010</EventID><Version>0</Version><Level>2</Level><Task>0</Task><Opcode>0</Opcode><Keywords>0x8080000000000000</Keywords><TimeCreated SystemTime='2025-08-30T09:36:34.7583976Z'/><EventRecordID>3162097</EventRecordID><Correlation ActivityID='{e903bab5-6bc0-43e4-98ed-c23cec3757d7}'/><Execution ProcessID='1016' ThreadID='13128'/><Channel>System</Channel><Computer>ARROW-PROEJCTS</Computer><Security UserID='S-1-5-21-2552682363-1415638892-1482416837-1001'/></System><EventData><Data Name='param1'>Microsoft.AAD.BrokerPlugin_1000.19041.4239.0_neutral_neutral_cw5n1h2txyewy!Windows.Security.Authentication.Web.Core.BackgroundGetTokenTask.ClassId.WebAccountProvider</Data></EventData><RenderingInfo Culture='en-SG'><Message>The server Microsoft.AAD.BrokerPlugin_1000.19041.4239.0_neutral_neutral_cw5n1h2txyewy!Windows.Security.Authentication.Web.Core.BackgroundGetTokenTask.ClassId.WebAccountProvider did not register with DCOM within the required timeout.</Message><Level>Error</Level><Task></Task><Opcode>Info</Opcode><Channel></Channel><Provider>Microsoft-Windows-DistributedCOM</Provider><Keywords><Keyword>Classic</Keyword></Keywords></RenderingInfo></Event><Event xmlns='http://schemas.microsoft.com/win/2004/08/events/event'><System><Provider Name='Microsoft-Windows-WAS' Guid='{524B5D04-133C-4A62-8362-64E8EDB9CE40}' EventSourceName='WAS'/><EventID Qualifiers='16384'>5186</EventID><Version>0</Version><Level>4</Level><Task>0</Task><Opcode>0</Opcode><Keywords>0x80000000000000</Keywords><TimeCreated SystemTime='2025-08-30T09:32:16.4927989Z'/><EventRecordID>3162096</EventRecordID><Correlation/><Execution ProcessID='0' ThreadID='0'/><Channel>System</Channel><Computer>ARROW-PROEJCTS</Computer><Security/></System><EventData><Data Name='ProcessID'>13848</Data><Data Name='AppPoolID'>acrm</Data><Data Name='Minutes'>20</Data></EventData><RenderingInfo Culture='en-SG'><Message>A worker process with process id of '13848' serving application pool 'acrm' was shutdown due to inactivity.  Application Pool timeout configuration was set to 20 minutes.  A new worker process will be started when needed.</Message><Level>Information</Level><Task></Task><Opcode></Opcode><Channel></Channel><Provider>Microsoft-Windows-WAS</Provider><Keywords><Keyword>Classic</Keyword></Keywords></RenderingInfo></Event><Event xmlns='http://schemas.microsoft.com/win/2004/08/events/event'><System><Provider Name='Microsoft-Windows-DistributedCOM' Guid='{1B562E86-B7AA-4131-BADC-B6F3A001407E}' EventSourceName='DCOM'/><EventID Qualifiers='0'>10010</EventID><Version>0</Version><Level>2</Level><Task>0</Task><Opcode>0</Opcode><Keywords>0x8080000000000000</Keywords><TimeCreated SystemTime='2025-08-30T09:07:54.5649847Z'/><EventRecordID>3162095</EventRecordID><Correlation ActivityID='{c18da0e9-0c15-4d05-b3e4-b540c09f4b8e}'/><Execution ProcessID='1016' ThreadID='13008'/><Channel>System</Channel><Computer>ARROW-PROEJCTS</Computer><Security UserID='S-1-5-21-2552682363-1415638892-1482416837-1001'/></System><EventData><Data Name='param1'>Microsoft.WindowsStore_22507.1401.6.0_x64__8wekyb3d8bbwe!App.AppX19ds9cm7f9evc4x8ayz8h1c2dprymvye.mca</Data></EventData><RenderingInfo Culture='en-SG'><Message>The server Microsoft.WindowsStore_22507.1401.6.0_x64__8wekyb3d8bbwe!App.AppX19ds9cm7f9evc4x8ayz8h1c2dprymvye.mca did not register with DCOM within the required timeout.</Message><Level>Error</Level><Task></Task><Opcode>Info</Opcode><Channel></Channel><Provider>Microsoft-Windows-DistributedCOM</Provider><Keywords><Keyword>Classic</Keyword></Keywords></RenderingInfo></Event><Event xmlns='http://schemas.microsoft.com/win/2004/08/events/event'><System><Provider Name='Microsoft-Windows-DistributedCOM' Guid='{1B562E86-B7AA-4131-BADC-B6F3A001407E}' EventSourceName='DCOM'/><EventID Qualifiers='0'>10010</EventID><Version>0</Version><Level>2</Level><Task>0</Task><Opcode>0</Opcode><Keywords>0x8080000000000000</Keywords><TimeCreated SystemTime='2025-08-30T08:36:35.9087665Z'/><EventRecordID>3162094</EventRecordID><Correlation ActivityID='{843efef4-4739-4c34-93bf-c40e80adc517}'/><Execution ProcessID='1016' ThreadID='19232'/><Channel>System</Channel><Computer>ARROW-PROEJCTS</Computer><Security UserID='S-1-5-21-2552682363-1415638892-1482416837-1001'/></System><EventData><Data Name='param1'>Microsoft.AAD.BrokerPlugin_1000.19041.4239.0_neutral_neutral_cw5n1h2txyewy!Windows.Security.Authentication.Web.Core.BackgroundGetTokenTask.ClassId.WebAccountProvider</Data></EventData><RenderingInfo Culture='en-SG'><Message>The server Microsoft.AAD.BrokerPlugin_1000.19041.4239.0_neutral_neutral_cw5n1h2txyewy!Windows.Security.Authentication.Web.Core.BackgroundGetTokenTask.ClassId.WebAccountProvider did not register with DCOM within the required timeout.</Message><Level>Error</Level><Task></Task><Opcode>Info</Opcode><Channel></Channel><Provider>Microsoft-Windows-DistributedCOM</Provider><Keywords><Keyword>Classic</Keyword></Keywords></RenderingInfo></Event><Event xmlns='http://schemas.microsoft.com/win/2004/08/events/event'><System><Provider Name='Microsoft-Windows-DistributedCOM' Guid='{1B562E86-B7AA-4131-BADC-B6F3A001407E}' EventSourceName='DCOM'/><EventID Qualifiers='0'>10010</EventID><Version>0</Version><Level>2</Level><Task>0</Task><Opcode>0</Opcode><Keywords>0x8080000000000000</Keywords><TimeCreated SystemTime='2025-08-30T08:24:51.4647464Z'/><EventRecordID>3162093</EventRecordID><Correlation ActivityID='{04805cf3-22f4-4b4f-b3a4-0d5176e792d1}'/><Execution ProcessID='1016' ThreadID='6528'/><Channel>System</Channel><Computer>ARROW-PROEJCTS</Computer><Security UserID='S-1-5-21-2552682363-1415638892-1482416837-1001'/></System><EventData><Data Name='param1'>Microsoft.Windows.Search_1.14.17.19041_neutral_neutral_cw5n1h2txyewy!CortanaUI.AppX49we79s9ab0xp8xpjb6t6g31ep03r71y.mca</Data></EventData><RenderingInfo Culture='en-SG'><Message>The server Microsoft.Windows.Search_1.14.17.19041_neutral_neutral_cw5n1h2txyewy!CortanaUI.AppX49we79s9ab0xp8xpjb6t6g31ep03r71y.mca did not register with DCOM within the required timeout.</Message><Level>Error</Level><Task></Task><Opcode>Info</Opcode><Channel></Channel><Provider>Microsoft-Windows-DistributedCOM</Provider><Keywords><Keyword>Classic</Keyword></Keywords></RenderingInfo></Event><Event xmlns='http://schemas.microsoft.com/win/2004/08/events/event'><System><Provider Name='Microsoft-Windows-DistributedCOM' Guid='{1B562E86-B7AA-4131-BADC-B6F3A001407E}' EventSourceName='DCOM'/><EventID Qualifiers='0'>10010</EventID><Version>0</Version><Level>2</Level><Task>0</Task><Opcode>0</Opcode><Keywords>0x8080000000000000</Keywords><TimeCreated SystemTime='2025-08-30T07:36:35.8018126Z'/><EventRecordID>3162092</EventRecordID><Correlation ActivityID='{0764e281-3714-4d21-bf8e-24ab6cdae54e}'/><Execution ProcessID='1016' ThreadID='18796'/><Channel>System</Channel><Computer>ARROW-PROEJCTS</Computer><Security UserID='S-1-5-21-2552682363-1415638892-1482416837-1001'/></System><EventData><Data Name='param1'>Microsoft.AAD.BrokerPlugin_1000.19041.4239.0_neutral_neutral_cw5n1h2txyewy!Windows.Security.Authentication.Web.Core.BackgroundGetTokenTask.ClassId.WebAccountProvider</Data></EventData><RenderingInfo Culture='en-SG'><Message>The server Microsoft.AAD.BrokerPlugin_1000.19041.4239.0_neutral_neutral_cw5n1h2txyewy!Windows.Security.Authentication.Web.Core.BackgroundGetTokenTask.ClassId.WebAccountProvider did not register with DCOM within the required timeout.</Message><Level>Error</Level><Task></Task><Opcode>Info</Opcode><Channel></Channel><Provider>Microsoft-Windows-DistributedCOM</Provider><Keywords><Keyword>Classic</Keyword></Keywords></RenderingInfo></Event><Event xmlns='http://schemas.microsoft.com/win/2004/08/events/event'><System><Provider Name='Microsoft-Windows-DistributedCOM' Guid='{1B562E86-B7AA-4131-BADC-B6F3A001407E}' EventSourceName='DCOM'/><EventID Qualifiers='0'>10010</EventID><Version>0</Version><Level>2</Level><Task>0</Task><Opcode>0</Opcode><Keywords>0x8080000000000000</Keywords><TimeCreated SystemTime='2025-08-30T06:36:34.6328466Z'/><EventRecordID>3162091</EventRecordID><Correlation ActivityID='{de2b5bd2-5555-49cc-9eb5-802971486b7b}'/><Execution ProcessID='1016' ThreadID='9948'/><Channel>System</Channel><Computer>ARROW-PROEJCTS</Computer><Security UserID='S-1-5-21-2552682363-1415638892-1482416837-1001'/></System><EventData><Data Name='param1'>Microsoft.AAD.BrokerPlugin_1000.19041.4239.0_neutral_neutral_cw5n1h2txyewy!Windows.Security.Authentication.Web.Core.BackgroundGetTokenTask.ClassId.WebAccountProvider</Data></EventData><RenderingInfo Culture='en-SG'><Message>The server Microsoft.AAD.BrokerPlugin_1000.19041.4239.0_neutral_neutral_cw5n1h2txyewy!Windows.Security.Authentication.Web.Core.BackgroundGetTokenTask.ClassId.WebAccountProvider did not register with DCOM within the required timeout.</Message><Level>Error</Level><Task></Task><Opcode>Info</Opcode><Channel></Channel><Provider>Microsoft-Windows-DistributedCOM</Provider><Keywords><Keyword>Classic</Keyword></Keywords></RenderingInfo></Event><Event xmlns='http://schemas.microsoft.com/win/2004/08/events/event'><System><Provider Name='Microsoft-Windows-DistributedCOM' Guid='{1B562E86-B7AA-4131-BADC-B6F3A001407E}' EventSourceName='DCOM'/><EventID Qualifiers='0'>10010</EventID><Version>0</Version><Level>2</Level><Task>0</Task><Opcode>0</Opcode><Keywords>0x8080000000000000</Keywords><TimeCreated SystemTime='2025-08-30T06:15:53.3994500Z'/><EventRecordID>3162090</EventRecordID><Correlation ActivityID='{bb24c67b-71ee-4b77-8e94-7eee5bec54f1}'/><Execution ProcessID='1016' ThreadID='12996'/><Channel>System</Channel><Computer>ARROW-PROEJCTS</Computer><Security UserID='S-1-5-21-2552682363-1415638892-1482416837-1001'/></System><EventData><Data Name='param1'>Microsoft.AAD.BrokerPlugin_1000.19041.4239.0_neutral_neutral_cw5n1h2txyewy!Windows.Security.Authentication.Web.Core.BackgroundGetTokenTask.ClassId.WebAccountProvider</Data></EventData><RenderingInfo Culture='en-SG'><Message>The server Microsoft.AAD.BrokerPlugin_1000.19041.4239.0_neutral_neutral_cw5n1h2txyewy!Windows.Security.Authentication.Web.Core.BackgroundGetTokenTask.ClassId.WebAccountProvider did not register with DCOM within the required timeout.</Message><Level>Error</Level><Task></Task><Opcode>Info</Opcode><Channel></Channel><Provider>Microsoft-Windows-DistributedCOM</Provider><Keywords><Keyword>Classic</Keyword></Keywords></RenderingInfo></Event><Event xmlns='http://schemas.microsoft.com/win/2004/08/events/event'><System><Provider Name='Microsoft-Windows-DistributedCOM' Guid='{1B562E86-B7AA-4131-BADC-B6F3A001407E}' EventSourceName='DCOM'/><EventID Qualifiers='0'>10010</EventID><Version>0</Version><Level>2</Level><Task>0</Task><Opcode>0</Opcode><Keywords>0x8080000000000000</Keywords><TimeCreated SystemTime='2025-08-30T06:15:50.4822782Z'/><EventRecordID>3162089</EventRecordID><Correlation ActivityID='{969bfcf2-2c93-4c54-8e28-45d5f85a813f}'/><Execution ProcessID='1016' ThreadID='14928'/><Channel>System</Channel><Computer>ARROW-PROEJCTS</Computer><Security UserID='S-1-5-21-2552682363-1415638892-1482416837-1001'/></System><EventData><Data Name='param1'>Microsoft.AAD.BrokerPlugin_1000.19041.4239.0_neutral_neutral_cw5n1h2txyewy!Windows.Security.Authentication.Web.Core.BackgroundGetTokenTask.ClassId.WebAccountProvider</Data></EventData><RenderingInfo Culture='en-SG'><Message>The server Microsoft.AAD.BrokerPlugin_1000.19041.4239.0_neutral_neutral_cw5n1h2txyewy!Windows.Security.Authentication.Web.Core.BackgroundGetTokenTask.ClassId.WebAccountProvider did not register with DCOM within the required timeout.</Message><Level>Error</Level><Task></Task><Opcode>Info</Opcode><Channel></Channel><Provider>Microsoft-Windows-DistributedCOM</Provider><Keywords><Keyword>Classic</Keyword></Keywords></RenderingInfo></Event><Event xmlns='http://schemas.microsoft.com/win/2004/08/events/event'><System><Provider Name='Microsoft-Windows-WAS' Guid='{524B5D04-133C-4A62-8362-64E8EDB9CE40}' EventSourceName='WAS'/><EventID Qualifiers='16384'>5186</EventID><Version>0</Version><Level>4</Level><Task>0</Task><Opcode>0</Opcode><Keywords>0x80000000000000</Keywords><TimeCreated SystemTime='2025-08-30T05:37:46.1154298Z'/><EventRecordID>3162088</EventRecordID><Correlation/><Execution ProcessID='0' ThreadID='0'/><Channel>System</Channel><Computer>ARROW-PROEJCTS</Computer><Security/></System><EventData><Data Name='ProcessID'>9788</Data><Data Name='AppPoolID'>Arrowcrest.Invitation.Api</Data><Data Name='Minutes'>20</Data></EventData><RenderingInfo Culture='en-SG'><Message>A worker process with process id of '9788' serving application pool 'Arrowcrest.Invitation.Api' was shutdown due to inactivity.  Application Pool timeout configuration was set to 20 minutes.  A new worker process will be started when needed.</Message><Level>Information</Level><Task></Task><Opcode></Opcode><Channel></Channel><Provider>Microsoft-Windows-WAS</Provider><Keywords><Keyword>Classic</Keyword></Keywords></RenderingInfo></Event><Event xmlns='http://schemas.microsoft.com/win/2004/08/events/event'><System><Provider Name='Microsoft-Windows-DistributedCOM' Guid='{1B562E86-B7AA-4131-BADC-B6F3A001407E}' EventSourceName='DCOM'/><EventID Qualifiers='0'>10010</EventID><Version>0</Version><Level>2</Level><Task>0</Task><Opcode>0</Opcode><Keywords>0x8080000000000000</Keywords><TimeCreated SystemTime='2025-08-30T05:36:34.6720224Z'/><EventRecordID>3162087</EventRecordID><Correlation ActivityID='{ad18aecc-f3a8-40a9-9aa8-cffdb568b76e}'/><Execution ProcessID='1016' ThreadID='9456'/><Channel>System</Channel><Computer>ARROW-PROEJCTS</Computer><Security UserID='S-1-5-21-2552682363-1415638892-1482416837-1001'/></System><EventData><Data Name='param1'>Microsoft.AAD.BrokerPlugin_1000.19041.4239.0_neutral_neutral_cw5n1h2txyewy!Windows.Security.Authentication.Web.Core.BackgroundGetTokenTask.ClassId.WebAccountProvider</Data></EventData><RenderingInfo Culture='en-SG'><Message>The server Microsoft.AAD.BrokerPlugin_1000.19041.4239.0_neutral_neutral_cw5n1h2txyewy!Windows.Security.Authentication.Web.Core.BackgroundGetTokenTask.ClassId.WebAccountProvider did not register with DCOM within the required timeout.</Message><Level>Error</Level><Task></Task><Opcode>Info</Opcode><Channel></Channel><Provider>Microsoft-Windows-DistributedCOM</Provider><Keywords><Keyword>Classic</Keyword></Keywords></RenderingInfo></Event><Event xmlns='http://schemas.microsoft.com/win/2004/08/events/event'><System><Provider Name='Microsoft-Windows-DistributedCOM' Guid='{1B562E86-B7AA-4131-BADC-B6F3A001407E}' EventSourceName='DCOM'/><EventID Qualifiers='0'>10010</EventID><Version>0</Version><Level>2</Level><Task>0</Task><Opcode>0</Opcode><Keywords>0x8080000000000000</Keywords><TimeCreated SystemTime='2025-08-30T05:24:38.0690739Z'/><EventRecordID>3162086</EventRecordID><Correlation ActivityID='{c89a45cf-9c81-41ad-9a58-2f69054d158c}'/><Execution ProcessID='1016' ThreadID='15252'/><Channel>System</Channel><Computer>ARROW-PROEJCTS</Computer><Security UserID='S-1-5-21-2552682363-1415638892-1482416837-1001'/></System><EventData><Data Name='param1'>Microsoft.Windows.Search_1.14.17.19041_neutral_neutral_cw5n1h2txyewy!CortanaUI.AppX49we79s9ab0xp8xpjb6t6g31ep03r71y.mca</Data></EventData><RenderingInfo Culture='en-SG'><Message>The server Microsoft.Windows.Search_1.14.17.19041_neutral_neutral_cw5n1h2txyewy!CortanaUI.AppX49we79s9ab0xp8xpjb6t6g31ep03r71y.mca did not register with DCOM within the required timeout.</Message><Level>Error</Level><Task></Task><Opcode>Info</Opcode><Channel></Channel><Provider>Microsoft-Windows-DistributedCOM</Provider><Keywords><Keyword>Classic</Keyword></Keywords></RenderingInfo></Event><Event xmlns='http://schemas.microsoft.com/win/2004/08/events/event'><System><Provider Name='Microsoft-Windows-Time-Service' Guid='{06edcfeb-0fd0-4e53-acca-a6f8bbf81bcb}'/><EventID>36</EventID><Version>0</Version><Level>3</Level><Task>0</Task><Opcode>0</Opcode><Keywords>0x8000000000000000</Keywords><TimeCreated SystemTime='2025-08-30T05:24:33.1108232Z'/><EventRecordID>3162085</EventRecordID><Correlation/><Execution ProcessID='4956' ThreadID='5836'/><Channel>System</Channel><Computer>ARROW-PROEJCTS</Computer><Security UserID='S-1-5-19'/></System><EventData Name='TMP_EVENT_TIME_SOURCE_NONE'><Data Name='UnsynchronizedTimeSeconds'>86400</Data><Data Name='TimeRemainingToSetLocalClockFreeRunningSeconds'>0</Data></EventData><RenderingInfo Culture='en-SG'><Message>The time service has not synchronized the system time for the last 86400 seconds because none of the time service providers provided a usable time stamp. The time service will not update the local system time until it is able to synchronize with a time source. If the local system is configured to act as a time server for clients, it will stop advertising as a time source to clients after 0 seconds. The time service will continue to retry and sync time with its time sources. Check system event log for other W32time events for more details. Run 'w32tm /resync' to force an instant time synchronization. You can control the frequency of the time source rediscovery using ClockHoldoverPeriod W32time config setting. Modify the EventLogFlags W32time config setting if you wish to disable this message.</Message><Level>Warning</Level><Task></Task><Opcode>Info</Opcode><Channel>System</Channel><Provider>Microsoft-Windows-Time-Service</Provider><Keywords></Keywords></RenderingInfo></Event><Event xmlns='http://schemas.microsoft.com/win/2004/08/events/event'><System><Provider Name='Microsoft-Windows-DistributedCOM' Guid='{1B562E86-B7AA-4131-BADC-B6F3A001407E}' EventSourceName='DCOM'/><EventID Qualifiers='0'>10010</EventID><Version>0</Version><Level>2</Level><Task>0</Task><Opcode>0</Opcode><Keywords>0x8080000000000000</Keywords><TimeCreated SystemTime='2025-08-30T05:23:16.6296657Z'/><EventRecordID>3162084</EventRecordID><Correlation ActivityID='{45c465ab-14d3-4c33-b298-0687f3c89f17}'/><Execution ProcessID='1016' ThreadID='12052'/><Channel>System</Channel><Computer>ARROW-PROEJCTS</Computer><Security UserID='S-1-5-21-2552682363-1415638892-1482416837-1001'/></System><EventData><Data Name='param1'>Microsoft.AAD.BrokerPlugin_1000.19041.4239.0_neutral_neutral_cw5n1h2txyewy!Windows.Security.Authentication.Web.Core.BackgroundGetTokenTask.ClassId.WebAccountProvider</Data></EventData><RenderingInfo Culture='en-SG'><Message>The server Microsoft.AAD.BrokerPlugin_1000.19041.4239.0_neutral_neutral_cw5n1h2txyewy!Windows.Security.Authentication.Web.Core.BackgroundGetTokenTask.ClassId.WebAccountProvider did not register with DCOM within the required timeout.</Message><Level>Error</Level><Task></Task><Opcode>Info</Opcode><Channel></Channel><Provider>Microsoft-Windows-DistributedCOM</Provider><Keywords><Keyword>Classic</Keyword></Keywords></RenderingInfo></Event><Event xmlns='http://schemas.microsoft.com/win/2004/08/events/event'><System><Provider Name='Microsoft-Windows-DistributedCOM' Guid='{1B562E86-B7AA-4131-BADC-B6F3A001407E}' EventSourceName='DCOM'/><EventID Qualifiers='0'>10010</EventID><Version>0</Version><Level>2</Level><Task>0</Task><Opcode>0</Opcode><Keywords>0x8080000000000000</Keywords><TimeCreated SystemTime='2025-08-30T05:23:12.5276628Z'/><EventRecordID>3162083</EventRecordID><Correlation ActivityID='{1adecad6-bcae-4ceb-827a-5b48920dca0c}'/><Execution ProcessID='1016' ThreadID='15252'/><Channel>System</Channel><Computer>ARROW-PROEJCTS</Computer><Security UserID='S-1-5-21-2552682363-1415638892-1482416837-1001'/></System><EventData><Data Name='param1'>Microsoft.AAD.BrokerPlugin_1000.19041.4239.0_neutral_neutral_cw5n1h2txyewy!Windows.Security.Authentication.Web.Core.BackgroundGetTokenTask.ClassId.WebAccountProvider</Data></EventData><RenderingInfo Culture='en-SG'><Message>The server Microsoft.AAD.BrokerPlugin_1000.19041.4239.0_neutral_neutral_cw5n1h2txyewy!Windows.Security.Authentication.Web.Core.BackgroundGetTokenTask.ClassId.WebAccountProvider did not register with DCOM within the required timeout.</Message><Level>Error</Level><Task></Task><Opcode>Info</Opcode><Channel></Channel><Provider>Microsoft-Windows-DistributedCOM</Provider><Keywords><Keyword>Classic</Keyword></Keywords></RenderingInfo></Event><Event xmlns='http://schemas.microsoft.com/win/2004/08/events/event'><System><Provider Name='Microsoft-Windows-DistributedCOM' Guid='{1B562E86-B7AA-4131-BADC-B6F3A001407E}' EventSourceName='DCOM'/><EventID Qualifiers='0'>10010</EventID><Version>0</Version><Level>2</Level><Task>0</Task><Opcode>0</Opcode><Keywords>0x8080000000000000</Keywords><TimeCreated SystemTime='2025-08-30T05:23:07.5172198Z'/><EventRecordID>3162082</EventRecordID><Correlation ActivityID='{ea6b7c04-27c3-4388-bba5-1165b18b3537}'/><Execution ProcessID='1016' ThreadID='12052'/><Channel>System</Channel><Computer>ARROW-PROEJCTS</Computer><Security UserID='S-1-5-21-2552682363-1415638892-1482416837-1001'/></System><EventData><Data Name='param1'>Microsoft.AAD.BrokerPlugin_1000.19041.4239.0_neutral_neutral_cw5n1h2txyewy!Windows.Security.Authentication.Web.Core.BackgroundGetTokenTask.ClassId.WebAccountProvider</Data></EventData><RenderingInfo Culture='en-SG'><Message>The server Microsoft.AAD.BrokerPlugin_1000.19041.4239.0_neutral_neutral_cw5n1h2txyewy!Windows.Security.Authentication.Web.Core.BackgroundGetTokenTask.ClassId.WebAccountProvider did not register with DCOM within the required timeout.</Message><Level>Error</Level><Task></Task><Opcode>Info</Opcode><Channel></Channel><Provider>Microsoft-Windows-DistributedCOM</Provider><Keywords><Keyword>Classic</Keyword></Keywords></RenderingInfo></Event><Event xmlns='http://schemas.microsoft.com/win/2004/08/events/event'><System><Provider Name='Microsoft-Windows-WAS' Guid='{524B5D04-133C-4A62-8362-64E8EDB9CE40}' EventSourceName='WAS'/><EventID Qualifiers='16384'>5186</EventID><Version>0</Version><Level>4</Level><Task>0</Task><Opcode>0</Opcode><Keywords>0x80000000000000</Keywords><TimeCreated SystemTime='2025-08-30T05:21:52.8625956Z'/><EventRecordID>3162081</EventRecordID><Correlation/><Execution ProcessID='0' ThreadID='0'/><Channel>System</Channel><Computer>ARROW-PROEJCTS</Computer><Security/></System><EventData><Data Name='ProcessID'>14372</Data><Data Name='AppPoolID'>acrm</Data><Data Name='Minutes'>20</Data></EventData><RenderingInfo Culture='en-SG'><Message>A worker process with process id of '14372' serving application pool 'acrm' was shutdown due to inactivity.  Application Pool timeout configuration was set to 20 minutes.  A new worker process will be started when needed.</Message><Level>Information</Level><Task></Task><Opcode></Opcode><Channel></Channel><Provider>Microsoft-Windows-WAS</Provider><Keywords><Keyword>Classic</Keyword></Keywords></RenderingInfo></Event><Event xmlns='http://schemas.microsoft.com/win/2004/08/events/event'><System><Provider Name='Microsoft-Windows-DistributedCOM' Guid='{1B562E86-B7AA-4131-BADC-B6F3A001407E}' EventSourceName='DCOM'/><EventID Qualifiers='0'>10010</EventID><Version>0</Version><Level>2</Level><Task>0</Task><Opcode>0</Opcode><Keywords>0x8080000000000000</Keywords><TimeCreated SystemTime='2025-08-30T05:09:40.9112167Z'/><EventRecordID>3162080</EventRecordID><Correlation ActivityID='{9ebe48b0-5e14-4701-8a49-0060b8334da9}'/><Execution ProcessID='1016' ThreadID='2424'/><Channel>System</Channel><Computer>ARROW-PROEJCTS</Computer><Security UserID='S-1-5-21-2552682363-1415638892-1482416837-1001'/></System><EventData><Data Name='param1'>Microsoft.AAD.BrokerPlugin_1000.19041.4239.0_neutral_neutral_cw5n1h2txyewy!Windows.Security.Authentication.Web.Core.BackgroundGetTokenTask.ClassId.WebAccountProvider</Data></EventData><RenderingInfo Culture='en-SG'><Message>The server Microsoft.AAD.BrokerPlugin_1000.19041.4239.0_neutral_neutral_cw5n1h2txyewy!Windows.Security.Authentication.Web.Core.BackgroundGetTokenTask.ClassId.WebAccountProvider did not register with DCOM within the required timeout.</Message><Level>Error</Level><Task></Task><Opcode>Info</Opcode><Channel></Channel><Provider>Microsoft-Windows-DistributedCOM</Provider><Keywords><Keyword>Classic</Keyword></Keywords></RenderingInfo></Event><Event xmlns='http://schemas.microsoft.com/win/2004/08/events/event'><System><Provider Name='Microsoft-Windows-DistributedCOM' Guid='{1B562E86-B7AA-4131-BADC-B6F3A001407E}' EventSourceName='DCOM'/><EventID Qualifiers='0'>10010</EventID><Version>0</Version><Level>2</Level><Task>0</Task><Opcode>0</Opcode><Keywords>0x8080000000000000</Keywords><TimeCreated SystemTime='2025-08-30T05:09:37.8125310Z'/><EventRecordID>3162079</EventRecordID><Correlation ActivityID='{f53aa1da-d45f-4eee-a434-9fefd2b929b2}'/><Execution ProcessID='1016' ThreadID='2424'/><Channel>System</Channel><Computer>ARROW-PROEJCTS</Computer><Security UserID='S-1-5-21-2552682363-1415638892-1482416837-1001'/></System><EventData><Data Name='param1'>Microsoft.AAD.BrokerPlugin_1000.19041.4239.0_neutral_neutral_cw5n1h2txyewy!Windows.Security.Authentication.Web.Core.BackgroundGetTokenTask.ClassId.WebAccountProvider</Data></EventData><RenderingInfo Culture='en-SG'><Message>The server Microsoft.AAD.BrokerPlugin_1000.19041.4239.0_neutral_neutral_cw5n1h2txyewy!Windows.Security.Authentication.Web.Core.BackgroundGetTokenTask.ClassId.WebAccountProvider did not register with DCOM within the required timeout.</Message><Level>Error</Level><Task></Task><Opcode>Info</Opcode><Channel></Channel><Provider>Microsoft-Windows-DistributedCOM</Provider><Keywords><Keyword>Classic</Keyword></Keywords></RenderingInfo></Event><Event xmlns='http://schemas.microsoft.com/win/2004/08/events/event'><System><Provider Name='Microsoft-Windows-DistributedCOM' Guid='{1B562E86-B7AA-4131-BADC-B6F3A001407E}' EventSourceName='DCOM'/><EventID Qualifiers='0'>10010</EventID><Version>0</Version><Level>2</Level><Task>0</Task><Opcode>0</Opcode><Keywords>0x8080000000000000</Keywords><TimeCreated SystemTime='2025-08-30T05:09:34.3755306Z'/><EventRecordID>3162078</EventRecordID><Correlation ActivityID='{bf01f698-7343-4fe2-8b5d-abe55c1ab581}'/><Execution ProcessID='1016' ThreadID='2424'/><Channel>System</Channel><Computer>ARROW-PROEJCTS</Computer><Security UserID='S-1-5-21-2552682363-1415638892-1482416837-1001'/></System><EventData><Data Name='param1'>Microsoft.AAD.BrokerPlugin_1000.19041.4239.0_neutral_neutral_cw5n1h2txyewy!Windows.Security.Authentication.Web.Core.BackgroundGetTokenTask.ClassId.WebAccountProvider</Data></EventData><RenderingInfo Culture='en-SG'><Message>The server Microsoft.AAD.BrokerPlugin_1000.19041.4239.0_neutral_neutral_cw5n1h2txyewy!Windows.Security.Authentication.Web.Core.BackgroundGetTokenTask.ClassId.WebAccountProvider did not register with DCOM within the required timeout.</Message><Level>Error</Level><Task></Task><Opcode>Info</Opcode><Channel></Channel><Provider>Microsoft-Windows-DistributedCOM</Provider><Keywords><Keyword>Classic</Keyword></Keywords></RenderingInfo></Event><Event xmlns='http://schemas.microsoft.com/win/2004/08/events/event'><System><Provider Name='Microsoft-Windows-DistributedCOM' Guid='{1B562E86-B7AA-4131-BADC-B6F3A001407E}' EventSourceName='DCOM'/><EventID Qualifiers='0'>10010</EventID><Version>0</Version><Level>2</Level><Task>0</Task><Opcode>0</Opcode><Keywords>0x8080000000000000</Keywords><TimeCreated SystemTime='2025-08-30T05:09:31.3607896Z'/><EventRecordID>3162077</EventRecordID><Correlation ActivityID='{c3ff49d2-3edc-4c0f-9101-499c63686c08}'/><Execution ProcessID='1016' ThreadID='17492'/><Channel>System</Channel><Computer>ARROW-PROEJCTS</Computer><Security UserID='S-1-5-21-2552682363-1415638892-1482416837-1001'/></System><EventData><Data Name='param1'>Microsoft.AAD.BrokerPlugin_1000.19041.4239.0_neutral_neutral_cw5n1h2txyewy!Windows.Security.Authentication.Web.Core.BackgroundGetTokenTask.ClassId.WebAccountProvider</Data></EventData><RenderingInfo Culture='en-SG'><Message>The server Microsoft.AAD.BrokerPlugin_1000.19041.4239.0_neutral_neutral_cw5n1h2txyewy!Windows.Security.Authentication.Web.Core.BackgroundGetTokenTask.ClassId.WebAccountProvider did not register with DCOM within the required timeout.</Message><Level>Error</Level><Task></Task><Opcode>Info</Opcode><Channel></Channel><Provider>Microsoft-Windows-DistributedCOM</Provider><Keywords><Keyword>Classic</Keyword></Keywords></RenderingInfo></Event><Event xmlns='http://schemas.microsoft.com/win/2004/08/events/event'><System><Provider Name='Microsoft-Windows-DistributedCOM' Guid='{1B562E86-B7AA-4131-BADC-B6F3A001407E}' EventSourceName='DCOM'/><EventID Qualifiers='0'>10010</EventID><Version>0</Version><Level>2</Level><Task>0</Task><Opcode>0</Opcode><Keywords>0x8080000000000000</Keywords><TimeCreated SystemTime='2025-08-30T05:09:27.6367900Z'/><EventRecordID>3162076</EventRecordID><Correlation ActivityID='{72789fc2-3127-471e-a5d0-61b229181da3}'/><Execution ProcessID='1016' ThreadID='2424'/><Channel>System</Channel><Computer>ARROW-PROEJCTS</Computer><Security UserID='S-1-5-21-2552682363-1415638892-1482416837-1001'/></System><EventData><Data Name='param1'>Microsoft.AAD.BrokerPlugin_1000.19041.4239.0_neutral_neutral_cw5n1h2txyewy!Windows.Security.Authentication.Web.Core.BackgroundGetTokenTask.ClassId.WebAccountProvider</Data></EventData><RenderingInfo Culture='en-SG'><Message>The server Microsoft.AAD.BrokerPlugin_1000.19041.4239.0_neutral_neutral_cw5n1h2txyewy!Windows.Security.Authentication.Web.Core.BackgroundGetTokenTask.ClassId.WebAccountProvider did not register with DCOM within the required timeout.</Message><Level>Error</Level><Task></Task><Opcode>Info</Opcode><Channel></Channel><Provider>Microsoft-Windows-DistributedCOM</Provider><Keywords><Keyword>Classic</Keyword></Keywords></RenderingInfo></Event><Event xmlns='http://schemas.microsoft.com/win/2004/08/events/event'><System><Provider Name='Microsoft-Windows-DistributedCOM' Guid='{1B562E86-B7AA-4131-BADC-B6F3A001407E}' EventSourceName='DCOM'/><EventID Qualifiers='0'>10010</EventID><Version>0</Version><Level>2</Level><Task>0</Task><Opcode>0</Opcode><Keywords>0x8080000000000000</Keywords><TimeCreated SystemTime='2025-08-30T05:09:23.9490724Z'/><EventRecordID>3162075</EventRecordID><Correlation ActivityID='{feefff04-1d10-4284-985c-664cd3d22678}'/><Execution ProcessID='1016' ThreadID='2424'/><Channel>System</Channel><Computer>ARROW-PROEJCTS</Computer><Security UserID='S-1-5-21-2552682363-1415638892-1482416837-1001'/></System><EventData><Data Name='param1'>Microsoft.AAD.BrokerPlugin_1000.19041.4239.0_neutral_neutral_cw5n1h2txyewy!Windows.Security.Authentication.Web.Core.BackgroundGetTokenTask.ClassId.WebAccountProvider</Data></EventData><RenderingInfo Culture='en-SG'><Message>The server Microsoft.AAD.BrokerPlugin_1000.19041.4239.0_neutral_neutral_cw5n1h2txyewy!Windows.Security.Authentication.Web.Core.BackgroundGetTokenTask.ClassId.WebAccountProvider did not register with DCOM within the required timeout.</Message><Level>Error</Level><Task></Task><Opcode>Info</Opcode><Channel></Channel><Provider>Microsoft-Windows-DistributedCOM</Provider><Keywords><Keyword>Classic</Keyword></Keywords></RenderingInfo></Event><Event xmlns='http://schemas.microsoft.com/win/2004/08/events/event'><System><Provider Name='Microsoft-Windows-DistributedCOM' Guid='{1B562E86-B7AA-4131-BADC-B6F3A001407E}' EventSourceName='DCOM'/><EventID Qualifiers='0'>10010</EventID><Version>0</Version><Level>2</Level><Task>0</Task><Opcode>0</Opcode><Keywords>0x8080000000000000</Keywords><TimeCreated SystemTime='2025-08-30T05:09:19.5052113Z'/><EventRecordID>3162074</EventRecordID><Correlation ActivityID='{083b8e58-bf67-48b6-8f3b-bb3e9356e12d}'/><Execution ProcessID='1016' ThreadID='2424'/><Channel>System</Channel><Computer>ARROW-PROEJCTS</Computer><Security UserID='S-1-5-21-2552682363-1415638892-1482416837-1001'/></System><EventData><Data Name='param1'>Microsoft.AAD.BrokerPlugin_1000.19041.4239.0_neutral_neutral_cw5n1h2txyewy!Windows.Security.Authentication.Web.Core.BackgroundGetTokenTask.ClassId.WebAccountProvider</Data></EventData><RenderingInfo Culture='en-SG'><Message>The server Microsoft.AAD.BrokerPlugin_1000.19041.4239.0_neutral_neutral_cw5n1h2txyewy!Windows.Security.Authentication.Web.Core.BackgroundGetTokenTask.ClassId.WebAccountProvider did not register with DCOM within the required timeout.</Message><Level>Error</Level><Task></Task><Opcode>Info</Opcode><Channel></Channel><Provider>Microsoft-Windows-DistributedCOM</Provider><Keywords><Keyword>Classic</Keyword></Keywords></RenderingInfo></Event><Event xmlns='http://schemas.microsoft.com/win/2004/08/events/event'><System><Provider Name='Microsoft-Windows-DistributedCOM' Guid='{1B562E86-B7AA-4131-BADC-B6F3A001407E}' EventSourceName='DCOM'/><EventID Qualifiers='0'>10010</EventID><Version>0</Version><Level>2</Level><Task>0</Task><Opcode>0</Opcode><Keywords>0x8080000000000000</Keywords><TimeCreated SystemTime='2025-08-30T04:36:34.6268976Z'/><EventRecordID>3162073</EventRecordID><Correlation ActivityID='{e540d5cd-7fcc-46bf-8287-6fb35265ec2a}'/><Execution ProcessID='1016' ThreadID='6024'/><Channel>System</Channel><Computer>ARROW-PROEJCTS</Computer><Security UserID='S-1-5-21-2552682363-1415638892-1482416837-1001'/></System><EventData><Data Name='param1'>Microsoft.AAD.BrokerPlugin_1000.19041.4239.0_neutral_neutral_cw5n1h2txyewy!Windows.Security.Authentication.Web.Core.BackgroundGetTokenTask.ClassId.WebAccountProvider</Data></EventData><RenderingInfo Culture='en-SG'><Message>The server Microsoft.AAD.BrokerPlugin_1000.19041.4239.0_neutral_neutral_cw5n1h2txyewy!Windows.Security.Authentication.Web.Core.BackgroundGetTokenTask.ClassId.WebAccountProvider did not register with DCOM within the required timeout.</Message><Level>Error</Level><Task></Task><Opcode>Info</Opcode><Channel></Channel><Provider>Microsoft-Windows-DistributedCOM</Provider><Keywords><Keyword>Classic</Keyword></Keywords></RenderingInfo></Event><Event xmlns='http://schemas.microsoft.com/win/2004/08/events/event'><System><Provider Name='Microsoft-Windows-WAS' Guid='{524B5D04-133C-4A62-8362-64E8EDB9CE40}' EventSourceName='WAS'/><EventID Qualifiers='16384'>5186</EventID><Version>0</Version><Level>4</Level><Task>0</Task><Opcode>0</Opcode><Keywords>0x80000000000000</Keywords><TimeCreated SystemTime='2025-08-30T04:10:53.0414783Z'/><EventRecordID>3162072</EventRecordID><Correlation/><Execution ProcessID='0' ThreadID='0'/><Channel>System</Channel><Computer>ARROW-PROEJCTS</Computer><Security/></System><EventData><Data Name='ProcessID'>2608</Data><Data Name='AppPoolID'>Arrowcrest.Invitation.Api</Data><Data Name='Minutes'>20</Data></EventData><RenderingInfo Culture='en-SG'><Message>A worker process with process id of '2608' serving application pool 'Arrowcrest.Invitation.Api' was shutdown due to inactivity.  Application Pool timeout configuration was set to 20 minutes.  A new worker process will be started when needed.</Message><Level>Information</Level><Task></Task><Opcode></Opcode><Channel></Channel><Provider>Microsoft-Windows-WAS</Provider><Keywords><Keyword>Classic</Keyword></Keywords></RenderingInfo></Event><Event xmlns='http://schemas.microsoft.com/win/2004/08/events/event'><System><Provider Name='Microsoft-Windows-DistributedCOM' Guid='{1B562E86-B7AA-4131-BADC-B6F3A001407E}' EventSourceName='DCOM'/><EventID Qualifiers='0'>10010</EventID><Version>0</Version><Level>2</Level><Task>0</Task><Opcode>0</Opcode><Keywords>0x8080000000000000</Keywords><TimeCreated SystemTime='2025-08-30T04:07:57.2655866Z'/><EventRecordID>3162071</EventRecordID><Correlation ActivityID='{0c0f2f0a-e97e-4909-840c-05bb1f8b41cd}'/><Execution ProcessID='1016' ThreadID='18772'/><Channel>System</Channel><Computer>ARROW-PROEJCTS</Computer><Security UserID='S-1-5-21-2552682363-1415638892-1482416837-1001'/></System><EventData><Data Name='param1'>Microsoft.AAD.BrokerPlugin_1000.19041.4239.0_neutral_neutral_cw5n1h2txyewy!Windows.Security.Authentication.Web.Core.BackgroundGetTokenTask.ClassId.WebAccountProvider</Data></EventData><RenderingInfo Culture='en-SG'><Message>The server Microsoft.AAD.BrokerPlugin_1000.19041.4239.0_neutral_neutral_cw5n1h2txyewy!Windows.Security.Authentication.Web.Core.BackgroundGetTokenTask.ClassId.WebAccountProvider did not register with DCOM within the required timeout.</Message><Level>Error</Level><Task></Task><Opcode>Info</Opcode><Channel></Channel><Provider>Microsoft-Windows-DistributedCOM</Provider><Keywords><Keyword>Classic</Keyword></Keywords></RenderingInfo></Event><Event xmlns='http://schemas.microsoft.com/win/2004/08/events/event'><System><Provider Name='Microsoft-Windows-DistributedCOM' Guid='{1B562E86-B7AA-4131-BADC-B6F3A001407E}' EventSourceName='DCOM'/><EventID Qualifiers='0'>10010</EventID><Version>0</Version><Level>2</Level><Task>0</Task><Opcode>0</Opcode><Keywords>0x8080000000000000</Keywords><TimeCreated SystemTime='2025-08-30T04:07:53.6434893Z'/><EventRecordID>3162070</EventRecordID><Correlation ActivityID='{8878c046-845a-48c1-a970-f7df8f8082d0}'/><Execution ProcessID='1016' ThreadID='18772'/><Channel>System</Channel><Computer>ARROW-PROEJCTS</Computer><Security UserID='S-1-5-21-2552682363-1415638892-1482416837-1001'/></System><EventData><Data Name='param1'>Microsoft.AAD.BrokerPlugin_1000.19041.4239.0_neutral_neutral_cw5n1h2txyewy!Windows.Security.Authentication.Web.Core.BackgroundGetTokenTask.ClassId.WebAccountProvider</Data></EventData><RenderingInfo Culture='en-SG'><Message>The server Microsoft.AAD.BrokerPlugin_1000.19041.4239.0_neutral_neutral_cw5n1h2txyewy!Windows.Security.Authentication.Web.Core.BackgroundGetTokenTask.ClassId.WebAccountProvider did not register with DCOM within the required timeout.</Message><Level>Error</Level><Task></Task><Opcode>Info</Opcode><Channel></Channel><Provider>Microsoft-Windows-DistributedCOM</Provider><Keywords><Keyword>Classic</Keyword></Keywords></RenderingInfo></Event>