<Event xmlns='http://schemas.microsoft.com/win/2004/08/events/event'><System><Provider Name='Microsoft-Windows-DistributedCOM' Guid='{1B562E86-B7AA-4131-BADC-B6F3A001407E}' EventSourceName='DCOM'/><EventID Qualifiers='0'>10010</EventID><Version>0</Version><Level>2</Level><Task>0</Task><Opcode>0</Opcode><Keywords>0x8080000000000000</Keywords><TimeCreated SystemTime='2025-08-29T23:09:29.8298138Z'/><EventRecordID>3162033</EventRecordID><Correlation ActivityID='{605278ef-6184-47ff-92fd-9f3ff2ab7704}'/><Execution ProcessID='1016' ThreadID='14748'/><Channel>System</Channel><Computer>ARROW-PROEJCTS</Computer><Security UserID='S-1-5-21-2552682363-1415638892-1482416837-1001'/></System><EventData><Data Name='param1'>Microsoft.AAD.BrokerPlugin_1000.19041.4239.0_neutral_neutral_cw5n1h2txyewy!Windows.Security.Authentication.Web.Core.BackgroundGetTokenTask.ClassId.WebAccountProvider</Data></EventData><RenderingInfo Culture='en-SG'><Message>The server Microsoft.AAD.BrokerPlugin_1000.19041.4239.0_neutral_neutral_cw5n1h2txyewy!Windows.Security.Authentication.Web.Core.BackgroundGetTokenTask.ClassId.WebAccountProvider did not register with DCOM within the required timeout.</Message><Level>Error</Level><Task></Task><Opcode>Info</Opcode><Channel></Channel><Provider>Microsoft-Windows-DistributedCOM</Provider><Keywords><Keyword>Classic</Keyword></Keywords></RenderingInfo></Event><Event xmlns='http://schemas.microsoft.com/win/2004/08/events/event'><System><Provider Name='Microsoft-Windows-DistributedCOM' Guid='{1B562E86-B7AA-4131-BADC-B6F3A001407E}' EventSourceName='DCOM'/><EventID Qualifiers='0'>10010</EventID><Version>0</Version><Level>2</Level><Task>0</Task><Opcode>0</Opcode><Keywords>0x8080000000000000</Keywords><TimeCreated SystemTime='2025-08-29T23:09:25.3338137Z'/><EventRecordID>3162032</EventRecordID><Correlation ActivityID='{e13c7a1e-b976-487f-bbc3-c711095d512b}'/><Execution ProcessID='1016' ThreadID='5380'/><Channel>System</Channel><Computer>ARROW-PROEJCTS</Computer><Security UserID='S-1-5-21-2552682363-1415638892-1482416837-1001'/></System><EventData><Data Name='param1'>Microsoft.AAD.BrokerPlugin_1000.19041.4239.0_neutral_neutral_cw5n1h2txyewy!Windows.Security.Authentication.Web.Core.BackgroundGetTokenTask.ClassId.WebAccountProvider</Data></EventData><RenderingInfo Culture='en-SG'><Message>The server Microsoft.AAD.BrokerPlugin_1000.19041.4239.0_neutral_neutral_cw5n1h2txyewy!Windows.Security.Authentication.Web.Core.BackgroundGetTokenTask.ClassId.WebAccountProvider did not register with DCOM within the required timeout.</Message><Level>Error</Level><Task></Task><Opcode>Info</Opcode><Channel></Channel><Provider>Microsoft-Windows-DistributedCOM</Provider><Keywords><Keyword>Classic</Keyword></Keywords></RenderingInfo></Event><Event xmlns='http://schemas.microsoft.com/win/2004/08/events/event'><System><Provider Name='Microsoft-Windows-DistributedCOM' Guid='{1B562E86-B7AA-4131-BADC-B6F3A001407E}' EventSourceName='DCOM'/><EventID Qualifiers='0'>10010</EventID><Version>0</Version><Level>2</Level><Task>0</Task><Opcode>0</Opcode><Keywords>0x8080000000000000</Keywords><TimeCreated SystemTime='2025-08-29T23:09:19.3791411Z'/><EventRecordID>3162031</EventRecordID><Correlation ActivityID='{b3aff180-3051-4fa7-828f-9e230125ad6a}'/><Execution ProcessID='1016' ThreadID='5380'/><Channel>System</Channel><Computer>ARROW-PROEJCTS</Computer><Security UserID='S-1-5-21-2552682363-1415638892-1482416837-1001'/></System><EventData><Data Name='param1'>Microsoft.AAD.BrokerPlugin_1000.19041.4239.0_neutral_neutral_cw5n1h2txyewy!Windows.Security.Authentication.Web.Core.BackgroundGetTokenTask.ClassId.WebAccountProvider</Data></EventData><RenderingInfo Culture='en-SG'><Message>The server Microsoft.AAD.BrokerPlugin_1000.19041.4239.0_neutral_neutral_cw5n1h2txyewy!Windows.Security.Authentication.Web.Core.BackgroundGetTokenTask.ClassId.WebAccountProvider did not register with DCOM within the required timeout.</Message><Level>Error</Level><Task></Task><Opcode>Info</Opcode><Channel></Channel><Provider>Microsoft-Windows-DistributedCOM</Provider><Keywords><Keyword>Classic</Keyword></Keywords></RenderingInfo></Event><Event xmlns='http://schemas.microsoft.com/win/2004/08/events/event'><System><Provider Name='Microsoft-Windows-DistributedCOM' Guid='{1B562E86-B7AA-4131-BADC-B6F3A001407E}' EventSourceName='DCOM'/><EventID Qualifiers='0'>10010</EventID><Version>0</Version><Level>2</Level><Task>0</Task><Opcode>0</Opcode><Keywords>0x8080000000000000</Keywords><TimeCreated SystemTime='2025-08-29T22:44:54.7541517Z'/><EventRecordID>3162030</EventRecordID><Correlation ActivityID='{e8a41153-2e8e-4785-a4da-d242f304daad}'/><Execution ProcessID='1016' ThreadID='19112'/><Channel>System</Channel><Computer>ARROW-PROEJCTS</Computer><Security UserID='S-1-5-21-2552682363-1415638892-1482416837-1001'/></System><EventData><Data Name='param1'>Microsoft.AAD.BrokerPlugin_1000.19041.4239.0_neutral_neutral_cw5n1h2txyewy!Windows.Security.Authentication.Web.Core.BackgroundGetTokenTask.ClassId.WebAccountProvider</Data></EventData><RenderingInfo Culture='en-SG'><Message>The server Microsoft.AAD.BrokerPlugin_1000.19041.4239.0_neutral_neutral_cw5n1h2txyewy!Windows.Security.Authentication.Web.Core.BackgroundGetTokenTask.ClassId.WebAccountProvider did not register with DCOM within the required timeout.</Message><Level>Error</Level><Task></Task><Opcode>Info</Opcode><Channel></Channel><Provider>Microsoft-Windows-DistributedCOM</Provider><Keywords><Keyword>Classic</Keyword></Keywords></RenderingInfo></Event><Event xmlns='http://schemas.microsoft.com/win/2004/08/events/event'><System><Provider Name='Microsoft-Windows-DistributedCOM' Guid='{1B562E86-B7AA-4131-BADC-B6F3A001407E}' EventSourceName='DCOM'/><EventID Qualifiers='0'>10010</EventID><Version>0</Version><Level>2</Level><Task>0</Task><Opcode>0</Opcode><Keywords>0x8080000000000000</Keywords><TimeCreated SystemTime='2025-08-29T22:44:51.3459192Z'/><EventRecordID>3162029</EventRecordID><Correlation ActivityID='{aca10aa7-1fae-46c4-87a8-edd2ad801063}'/><Execution ProcessID='1016' ThreadID='19112'/><Channel>System</Channel><Computer>ARROW-PROEJCTS</Computer><Security UserID='S-1-5-21-2552682363-1415638892-1482416837-1001'/></System><EventData><Data Name='param1'>Microsoft.AAD.BrokerPlugin_1000.19041.4239.0_neutral_neutral_cw5n1h2txyewy!Windows.Security.Authentication.Web.Core.BackgroundGetTokenTask.ClassId.WebAccountProvider</Data></EventData><RenderingInfo Culture='en-SG'><Message>The server Microsoft.AAD.BrokerPlugin_1000.19041.4239.0_neutral_neutral_cw5n1h2txyewy!Windows.Security.Authentication.Web.Core.BackgroundGetTokenTask.ClassId.WebAccountProvider did not register with DCOM within the required timeout.</Message><Level>Error</Level><Task></Task><Opcode>Info</Opcode><Channel></Channel><Provider>Microsoft-Windows-DistributedCOM</Provider><Keywords><Keyword>Classic</Keyword></Keywords></RenderingInfo></Event><Event xmlns='http://schemas.microsoft.com/win/2004/08/events/event'><System><Provider Name='Microsoft-Windows-DistributedCOM' Guid='{1B562E86-B7AA-4131-BADC-B6F3A001407E}' EventSourceName='DCOM'/><EventID Qualifiers='0'>10010</EventID><Version>0</Version><Level>2</Level><Task>0</Task><Opcode>0</Opcode><Keywords>0x8080000000000000</Keywords><TimeCreated SystemTime='2025-08-29T22:36:15.7047732Z'/><EventRecordID>3162028</EventRecordID><Correlation ActivityID='{14c6a845-fc64-4ddc-befc-9417272d1e2e}'/><Execution ProcessID='1016' ThreadID='19112'/><Channel>System</Channel><Computer>ARROW-PROEJCTS</Computer><Security UserID='S-1-5-21-2552682363-1415638892-1482416837-1001'/></System><EventData><Data Name='param1'>Microsoft.AAD.BrokerPlugin_1000.19041.4239.0_neutral_neutral_cw5n1h2txyewy!Windows.Security.Authentication.Web.Core.BackgroundGetTokenTask.ClassId.WebAccountProvider</Data></EventData><RenderingInfo Culture='en-SG'><Message>The server Microsoft.AAD.BrokerPlugin_1000.19041.4239.0_neutral_neutral_cw5n1h2txyewy!Windows.Security.Authentication.Web.Core.BackgroundGetTokenTask.ClassId.WebAccountProvider did not register with DCOM within the required timeout.</Message><Level>Error</Level><Task></Task><Opcode>Info</Opcode><Channel></Channel><Provider>Microsoft-Windows-DistributedCOM</Provider><Keywords><Keyword>Classic</Keyword></Keywords></RenderingInfo></Event><Event xmlns='http://schemas.microsoft.com/win/2004/08/events/event'><System><Provider Name='Microsoft-Windows-DistributedCOM' Guid='{1B562E86-B7AA-4131-BADC-B6F3A001407E}' EventSourceName='DCOM'/><EventID Qualifiers='0'>10010</EventID><Version>0</Version><Level>2</Level><Task>0</Task><Opcode>0</Opcode><Keywords>0x8080000000000000</Keywords><TimeCreated SystemTime='2025-08-29T21:36:15.6241979Z'/><EventRecordID>3162027</EventRecordID><Correlation ActivityID='{e7662650-eacd-4c6c-a4fd-2761f323578a}'/><Execution ProcessID='1016' ThreadID='17568'/><Channel>System</Channel><Computer>ARROW-PROEJCTS</Computer><Security UserID='S-1-5-21-2552682363-1415638892-1482416837-1001'/></System><EventData><Data Name='param1'>Microsoft.AAD.BrokerPlugin_1000.19041.4239.0_neutral_neutral_cw5n1h2txyewy!Windows.Security.Authentication.Web.Core.BackgroundGetTokenTask.ClassId.WebAccountProvider</Data></EventData><RenderingInfo Culture='en-SG'><Message>The server Microsoft.AAD.BrokerPlugin_1000.19041.4239.0_neutral_neutral_cw5n1h2txyewy!Windows.Security.Authentication.Web.Core.BackgroundGetTokenTask.ClassId.WebAccountProvider did not register with DCOM within the required timeout.</Message><Level>Error</Level><Task></Task><Opcode>Info</Opcode><Channel></Channel><Provider>Microsoft-Windows-DistributedCOM</Provider><Keywords><Keyword>Classic</Keyword></Keywords></RenderingInfo></Event><Event xmlns='http://schemas.microsoft.com/win/2004/08/events/event'><System><Provider Name='Microsoft-Windows-DistributedCOM' Guid='{1B562E86-B7AA-4131-BADC-B6F3A001407E}' EventSourceName='DCOM'/><EventID Qualifiers='0'>10010</EventID><Version>0</Version><Level>2</Level><Task>0</Task><Opcode>0</Opcode><Keywords>0x8080000000000000</Keywords><TimeCreated SystemTime='2025-08-29T21:09:52.9956797Z'/><EventRecordID>3162026</EventRecordID><Correlation ActivityID='{116f970c-3000-44ab-8b21-adf31da331a6}'/><Execution ProcessID='1016' ThreadID='15488'/><Channel>System</Channel><Computer>ARROW-PROEJCTS</Computer><Security UserID='S-1-5-21-2552682363-1415638892-1482416837-1001'/></System><EventData><Data Name='param1'>Microsoft.AAD.BrokerPlugin_1000.19041.4239.0_neutral_neutral_cw5n1h2txyewy!Windows.Security.Authentication.Web.Core.BackgroundGetTokenTask.ClassId.WebAccountProvider</Data></EventData><RenderingInfo Culture='en-SG'><Message>The server Microsoft.AAD.BrokerPlugin_1000.19041.4239.0_neutral_neutral_cw5n1h2txyewy!Windows.Security.Authentication.Web.Core.BackgroundGetTokenTask.ClassId.WebAccountProvider did not register with DCOM within the required timeout.</Message><Level>Error</Level><Task></Task><Opcode>Info</Opcode><Channel></Channel><Provider>Microsoft-Windows-DistributedCOM</Provider><Keywords><Keyword>Classic</Keyword></Keywords></RenderingInfo></Event><Event xmlns='http://schemas.microsoft.com/win/2004/08/events/event'><System><Provider Name='Microsoft-Windows-DistributedCOM' Guid='{1B562E86-B7AA-4131-BADC-B6F3A001407E}' EventSourceName='DCOM'/><EventID Qualifiers='0'>10010</EventID><Version>0</Version><Level>2</Level><Task>0</Task><Opcode>0</Opcode><Keywords>0x8080000000000000</Keywords><TimeCreated SystemTime='2025-08-29T21:09:50.9481306Z'/><EventRecordID>3162025</EventRecordID><Correlation ActivityID='{4fa44c88-58f2-4f3b-bc3b-fed6d912eb7a}'/><Execution ProcessID='1016' ThreadID='4236'/><Channel>System</Channel><Computer>ARROW-PROEJCTS</Computer><Security UserID='S-1-5-21-2552682363-1415638892-1482416837-1001'/></System><EventData><Data Name='param1'>Microsoft.WindowsStore_22507.1401.6.0_x64__8wekyb3d8bbwe!App.AppX19ds9cm7f9evc4x8ayz8h1c2dprymvye.mca</Data></EventData><RenderingInfo Culture='en-SG'><Message>The server Microsoft.WindowsStore_22507.1401.6.0_x64__8wekyb3d8bbwe!App.AppX19ds9cm7f9evc4x8ayz8h1c2dprymvye.mca did not register with DCOM within the required timeout.</Message><Level>Error</Level><Task></Task><Opcode>Info</Opcode><Channel></Channel><Provider>Microsoft-Windows-DistributedCOM</Provider><Keywords><Keyword>Classic</Keyword></Keywords></RenderingInfo></Event><Event xmlns='http://schemas.microsoft.com/win/2004/08/events/event'><System><Provider Name='Microsoft-Windows-DistributedCOM' Guid='{1B562E86-B7AA-4131-BADC-B6F3A001407E}' EventSourceName='DCOM'/><EventID Qualifiers='0'>10010</EventID><Version>0</Version><Level>2</Level><Task>0</Task><Opcode>0</Opcode><Keywords>0x8080000000000000</Keywords><TimeCreated SystemTime='2025-08-29T21:09:49.4633363Z'/><EventRecordID>3162024</EventRecordID><Correlation ActivityID='{916ec791-45fa-417e-898c-fc91b172a3bc}'/><Execution ProcessID='1016' ThreadID='15488'/><Channel>System</Channel><Computer>ARROW-PROEJCTS</Computer><Security UserID='S-1-5-21-2552682363-1415638892-1482416837-1001'/></System><EventData><Data Name='param1'>Microsoft.AAD.BrokerPlugin_1000.19041.4239.0_neutral_neutral_cw5n1h2txyewy!Windows.Security.Authentication.Web.Core.BackgroundGetTokenTask.ClassId.WebAccountProvider</Data></EventData><RenderingInfo Culture='en-SG'><Message>The server Microsoft.AAD.BrokerPlugin_1000.19041.4239.0_neutral_neutral_cw5n1h2txyewy!Windows.Security.Authentication.Web.Core.BackgroundGetTokenTask.ClassId.WebAccountProvider did not register with DCOM within the required timeout.</Message><Level>Error</Level><Task></Task><Opcode>Info</Opcode><Channel></Channel><Provider>Microsoft-Windows-DistributedCOM</Provider><Keywords><Keyword>Classic</Keyword></Keywords></RenderingInfo></Event><Event xmlns='http://schemas.microsoft.com/win/2004/08/events/event'><System><Provider Name='Microsoft-Windows-DistributedCOM' Guid='{1B562E86-B7AA-4131-BADC-B6F3A001407E}' EventSourceName='DCOM'/><EventID Qualifiers='0'>10010</EventID><Version>0</Version><Level>2</Level><Task>0</Task><Opcode>0</Opcode><Keywords>0x8080000000000000</Keywords><TimeCreated SystemTime='2025-08-29T21:09:45.7313358Z'/><EventRecordID>3162023</EventRecordID><Correlation ActivityID='{544a8282-6834-4057-b664-18b2a4c53f86}'/><Execution ProcessID='1016' ThreadID='19192'/><Channel>System</Channel><Computer>ARROW-PROEJCTS</Computer><Security UserID='S-1-5-21-2552682363-1415638892-1482416837-1001'/></System><EventData><Data Name='param1'>Microsoft.AAD.BrokerPlugin_1000.19041.4239.0_neutral_neutral_cw5n1h2txyewy!Windows.Security.Authentication.Web.Core.BackgroundGetTokenTask.ClassId.WebAccountProvider</Data></EventData><RenderingInfo Culture='en-SG'><Message>The server Microsoft.AAD.BrokerPlugin_1000.19041.4239.0_neutral_neutral_cw5n1h2txyewy!Windows.Security.Authentication.Web.Core.BackgroundGetTokenTask.ClassId.WebAccountProvider did not register with DCOM within the required timeout.</Message><Level>Error</Level><Task></Task><Opcode>Info</Opcode><Channel></Channel><Provider>Microsoft-Windows-DistributedCOM</Provider><Keywords><Keyword>Classic</Keyword></Keywords></RenderingInfo></Event><Event xmlns='http://schemas.microsoft.com/win/2004/08/events/event'><System><Provider Name='Microsoft-Windows-DistributedCOM' Guid='{1B562E86-B7AA-4131-BADC-B6F3A001407E}' EventSourceName='DCOM'/><EventID Qualifiers='0'>10010</EventID><Version>0</Version><Level>2</Level><Task>0</Task><Opcode>0</Opcode><Keywords>0x8080000000000000</Keywords><TimeCreated SystemTime='2025-08-29T21:09:42.2303361Z'/><EventRecordID>3162022</EventRecordID><Correlation ActivityID='{b806d100-1cf4-4152-887c-dc0f0c9f2ce1}'/><Execution ProcessID='1016' ThreadID='19192'/><Channel>System</Channel><Computer>ARROW-PROEJCTS</Computer><Security UserID='S-1-5-21-2552682363-1415638892-1482416837-1001'/></System><EventData><Data Name='param1'>Microsoft.AAD.BrokerPlugin_1000.19041.4239.0_neutral_neutral_cw5n1h2txyewy!Windows.Security.Authentication.Web.Core.BackgroundGetTokenTask.ClassId.WebAccountProvider</Data></EventData><RenderingInfo Culture='en-SG'><Message>The server Microsoft.AAD.BrokerPlugin_1000.19041.4239.0_neutral_neutral_cw5n1h2txyewy!Windows.Security.Authentication.Web.Core.BackgroundGetTokenTask.ClassId.WebAccountProvider did not register with DCOM within the required timeout.</Message><Level>Error</Level><Task></Task><Opcode>Info</Opcode><Channel></Channel><Provider>Microsoft-Windows-DistributedCOM</Provider><Keywords><Keyword>Classic</Keyword></Keywords></RenderingInfo></Event><Event xmlns='http://schemas.microsoft.com/win/2004/08/events/event'><System><Provider Name='Microsoft-Windows-DistributedCOM' Guid='{1B562E86-B7AA-4131-BADC-B6F3A001407E}' EventSourceName='DCOM'/><EventID Qualifiers='0'>10010</EventID><Version>0</Version><Level>2</Level><Task>0</Task><Opcode>0</Opcode><Keywords>0x8080000000000000</Keywords><TimeCreated SystemTime='2025-08-29T21:09:39.1407350Z'/><EventRecordID>3162021</EventRecordID><Correlation ActivityID='{fe6be66c-e97a-4a6e-a1b9-3cdf017385be}'/><Execution ProcessID='1016' ThreadID='19192'/><Channel>System</Channel><Computer>ARROW-PROEJCTS</Computer><Security UserID='S-1-5-21-2552682363-1415638892-1482416837-1001'/></System><EventData><Data Name='param1'>Microsoft.AAD.BrokerPlugin_1000.19041.4239.0_neutral_neutral_cw5n1h2txyewy!Windows.Security.Authentication.Web.Core.BackgroundGetTokenTask.ClassId.WebAccountProvider</Data></EventData><RenderingInfo Culture='en-SG'><Message>The server Microsoft.AAD.BrokerPlugin_1000.19041.4239.0_neutral_neutral_cw5n1h2txyewy!Windows.Security.Authentication.Web.Core.BackgroundGetTokenTask.ClassId.WebAccountProvider did not register with DCOM within the required timeout.</Message><Level>Error</Level><Task></Task><Opcode>Info</Opcode><Channel></Channel><Provider>Microsoft-Windows-DistributedCOM</Provider><Keywords><Keyword>Classic</Keyword></Keywords></RenderingInfo></Event><Event xmlns='http://schemas.microsoft.com/win/2004/08/events/event'><System><Provider Name='Microsoft-Windows-DistributedCOM' Guid='{1B562E86-B7AA-4131-BADC-B6F3A001407E}' EventSourceName='DCOM'/><EventID Qualifiers='0'>10010</EventID><Version>0</Version><Level>2</Level><Task>0</Task><Opcode>0</Opcode><Keywords>0x8080000000000000</Keywords><TimeCreated SystemTime='2025-08-29T21:09:34.5077360Z'/><EventRecordID>3162020</EventRecordID><Correlation ActivityID='{869faee9-0bfc-4654-957f-3d6ca8aca289}'/><Execution ProcessID='1016' ThreadID='16420'/><Channel>System</Channel><Computer>ARROW-PROEJCTS</Computer><Security UserID='S-1-5-21-2552682363-1415638892-1482416837-1001'/></System><EventData><Data Name='param1'>Microsoft.AAD.BrokerPlugin_1000.19041.4239.0_neutral_neutral_cw5n1h2txyewy!Windows.Security.Authentication.Web.Core.BackgroundGetTokenTask.ClassId.WebAccountProvider</Data></EventData><RenderingInfo Culture='en-SG'><Message>The server Microsoft.AAD.BrokerPlugin_1000.19041.4239.0_neutral_neutral_cw5n1h2txyewy!Windows.Security.Authentication.Web.Core.BackgroundGetTokenTask.ClassId.WebAccountProvider did not register with DCOM within the required timeout.</Message><Level>Error</Level><Task></Task><Opcode>Info</Opcode><Channel></Channel><Provider>Microsoft-Windows-DistributedCOM</Provider><Keywords><Keyword>Classic</Keyword></Keywords></RenderingInfo></Event><Event xmlns='http://schemas.microsoft.com/win/2004/08/events/event'><System><Provider Name='Microsoft-Windows-DistributedCOM' Guid='{1B562E86-B7AA-4131-BADC-B6F3A001407E}' EventSourceName='DCOM'/><EventID Qualifiers='0'>10010</EventID><Version>0</Version><Level>2</Level><Task>0</Task><Opcode>0</Opcode><Keywords>0x8080000000000000</Keywords><TimeCreated SystemTime='2025-08-29T20:36:15.5678227Z'/><EventRecordID>3162019</EventRecordID><Correlation ActivityID='{01bed7e5-501c-4155-9670-7d471f0c9d6e}'/><Execution ProcessID='1016' ThreadID='7460'/><Channel>System</Channel><Computer>ARROW-PROEJCTS</Computer><Security UserID='S-1-5-21-2552682363-1415638892-1482416837-1001'/></System><EventData><Data Name='param1'>Microsoft.AAD.BrokerPlugin_1000.19041.4239.0_neutral_neutral_cw5n1h2txyewy!Windows.Security.Authentication.Web.Core.BackgroundGetTokenTask.ClassId.WebAccountProvider</Data></EventData><RenderingInfo Culture='en-SG'><Message>The server Microsoft.AAD.BrokerPlugin_1000.19041.4239.0_neutral_neutral_cw5n1h2txyewy!Windows.Security.Authentication.Web.Core.BackgroundGetTokenTask.ClassId.WebAccountProvider did not register with DCOM within the required timeout.</Message><Level>Error</Level><Task></Task><Opcode>Info</Opcode><Channel></Channel><Provider>Microsoft-Windows-DistributedCOM</Provider><Keywords><Keyword>Classic</Keyword></Keywords></RenderingInfo></Event><Event xmlns='http://schemas.microsoft.com/win/2004/08/events/event'><System><Provider Name='Microsoft-Windows-DistributedCOM' Guid='{1B562E86-B7AA-4131-BADC-B6F3A001407E}' EventSourceName='DCOM'/><EventID Qualifiers='0'>10010</EventID><Version>0</Version><Level>2</Level><Task>0</Task><Opcode>0</Opcode><Keywords>0x8080000000000000</Keywords><TimeCreated SystemTime='2025-08-29T20:24:50.1625899Z'/><EventRecordID>3162018</EventRecordID><Correlation ActivityID='{e497b92d-7dc2-48e8-b276-6e30ddf0d3a4}'/><Execution ProcessID='1016' ThreadID='14632'/><Channel>System</Channel><Computer>ARROW-PROEJCTS</Computer><Security UserID='S-1-5-21-2552682363-1415638892-1482416837-1001'/></System><EventData><Data Name='param1'>Microsoft.Windows.Search_1.14.17.19041_neutral_neutral_cw5n1h2txyewy!CortanaUI.AppX49we79s9ab0xp8xpjb6t6g31ep03r71y.mca</Data></EventData><RenderingInfo Culture='en-SG'><Message>The server Microsoft.Windows.Search_1.14.17.19041_neutral_neutral_cw5n1h2txyewy!CortanaUI.AppX49we79s9ab0xp8xpjb6t6g31ep03r71y.mca did not register with DCOM within the required timeout.</Message><Level>Error</Level><Task></Task><Opcode>Info</Opcode><Channel></Channel><Provider>Microsoft-Windows-DistributedCOM</Provider><Keywords><Keyword>Classic</Keyword></Keywords></RenderingInfo></Event><Event xmlns='http://schemas.microsoft.com/win/2004/08/events/event'><System><Provider Name='Microsoft-Windows-WAS' Guid='{524B5D04-133C-4A62-8362-64E8EDB9CE40}' EventSourceName='WAS'/><EventID Qualifiers='16384'>5186</EventID><Version>0</Version><Level>4</Level><Task>0</Task><Opcode>0</Opcode><Keywords>0x80000000000000</Keywords><TimeCreated SystemTime='2025-08-29T20:08:35.0670185Z'/><EventRecordID>3162017</EventRecordID><Correlation/><Execution ProcessID='0' ThreadID='0'/><Channel>System</Channel><Computer>ARROW-PROEJCTS</Computer><Security/></System><EventData><Data Name='ProcessID'>16844</Data><Data Name='AppPoolID'>Arrowcrest.Invitation.Api</Data><Data Name='Minutes'>20</Data></EventData><RenderingInfo Culture='en-SG'><Message>A worker process with process id of '16844' serving application pool 'Arrowcrest.Invitation.Api' was shutdown due to inactivity.  Application Pool timeout configuration was set to 20 minutes.  A new worker process will be started when needed.</Message><Level>Information</Level><Task></Task><Opcode></Opcode><Channel></Channel><Provider>Microsoft-Windows-WAS</Provider><Keywords><Keyword>Classic</Keyword></Keywords></RenderingInfo></Event><Event xmlns='http://schemas.microsoft.com/win/2004/08/events/event'><System><Provider Name='Microsoft-Windows-WAS' Guid='{524B5D04-133C-4A62-8362-64E8EDB9CE40}' EventSourceName='WAS'/><EventID Qualifiers='16384'>5186</EventID><Version>0</Version><Level>4</Level><Task>0</Task><Opcode>0</Opcode><Keywords>0x80000000000000</Keywords><TimeCreated SystemTime='2025-08-29T20:03:16.6437385Z'/><EventRecordID>3162016</EventRecordID><Correlation/><Execution ProcessID='0' ThreadID='0'/><Channel>System</Channel><Computer>ARROW-PROEJCTS</Computer><Security/></System><EventData><Data Name='ProcessID'>15328</Data><Data Name='AppPoolID'>acrm</Data><Data Name='Minutes'>20</Data></EventData><RenderingInfo Culture='en-SG'><Message>A worker process with process id of '15328' serving application pool 'acrm' was shutdown due to inactivity.  Application Pool timeout configuration was set to 20 minutes.  A new worker process will be started when needed.</Message><Level>Information</Level><Task></Task><Opcode></Opcode><Channel></Channel><Provider>Microsoft-Windows-WAS</Provider><Keywords><Keyword>Classic</Keyword></Keywords></RenderingInfo></Event><Event xmlns='http://schemas.microsoft.com/win/2004/08/events/event'><System><Provider Name='Service Control Manager' Guid='{555908d1-a6d7-4695-8e1e-26931d2012f4}' EventSourceName='Service Control Manager'/><EventID Qualifiers='16384'>7040</EventID><Version>0</Version><Level>4</Level><Task>0</Task><Opcode>0</Opcode><Keywords>0x8080000000000000</Keywords><TimeCreated SystemTime='2025-08-29T19:41:22.3309927Z'/><EventRecordID>3162015</EventRecordID><Correlation/><Execution ProcessID='716' ThreadID='11620'/><Channel>System</Channel><Computer>ARROW-PROEJCTS</Computer><Security UserID='S-1-5-18'/></System><EventData><Data Name='param1'>Background Intelligent Transfer Service</Data><Data Name='param2'>auto start</Data><Data Name='param3'>demand start</Data><Data Name='param4'>BITS</Data></EventData><RenderingInfo Culture='en-SG'><Message>The start type of the Background Intelligent Transfer Service service was changed from auto start to demand start.</Message><Level>Information</Level><Task></Task><Opcode></Opcode><Channel></Channel><Provider>Microsoft-Windows-Service Control Manager</Provider><Keywords><Keyword>Classic</Keyword></Keywords></RenderingInfo></Event><Event xmlns='http://schemas.microsoft.com/win/2004/08/events/event'><System><Provider Name='Microsoft-Windows-DistributedCOM' Guid='{1B562E86-B7AA-4131-BADC-B6F3A001407E}' EventSourceName='DCOM'/><EventID Qualifiers='0'>10010</EventID><Version>0</Version><Level>2</Level><Task>0</Task><Opcode>0</Opcode><Keywords>0x8080000000000000</Keywords><TimeCreated SystemTime='2025-08-29T19:39:20.2854498Z'/><EventRecordID>3162014</EventRecordID><Correlation ActivityID='{3c435f3b-3178-4fa1-9402-f85f44700cc5}'/><Execution ProcessID='1016' ThreadID='17692'/><Channel>System</Channel><Computer>ARROW-PROEJCTS</Computer><Security UserID='S-1-5-21-2552682363-1415638892-1482416837-1001'/></System><EventData><Data Name='param1'>Microsoft.AAD.BrokerPlugin_1000.19041.4239.0_neutral_neutral_cw5n1h2txyewy!Windows.Security.Authentication.Web.Core.BackgroundGetTokenTask.ClassId.WebAccountProvider</Data></EventData><RenderingInfo Culture='en-SG'><Message>The server Microsoft.AAD.BrokerPlugin_1000.19041.4239.0_neutral_neutral_cw5n1h2txyewy!Windows.Security.Authentication.Web.Core.BackgroundGetTokenTask.ClassId.WebAccountProvider did not register with DCOM within the required timeout.</Message><Level>Error</Level><Task></Task><Opcode>Info</Opcode><Channel></Channel><Provider>Microsoft-Windows-DistributedCOM</Provider><Keywords><Keyword>Classic</Keyword></Keywords></RenderingInfo></Event><Event xmlns='http://schemas.microsoft.com/win/2004/08/events/event'><System><Provider Name='Service Control Manager' Guid='{555908d1-a6d7-4695-8e1e-26931d2012f4}' EventSourceName='Service Control Manager'/><EventID Qualifiers='16384'>7040</EventID><Version>0</Version><Level>4</Level><Task>0</Task><Opcode>0</Opcode><Keywords>0x8080000000000000</Keywords><TimeCreated SystemTime='2025-08-29T19:39:05.1899945Z'/><EventRecordID>3162013</EventRecordID><Correlation/><Execution ProcessID='716' ThreadID='11620'/><Channel>System</Channel><Computer>ARROW-PROEJCTS</Computer><Security UserID='S-1-5-18'/></System><EventData><Data Name='param1'>Background Intelligent Transfer Service</Data><Data Name='param2'>demand start</Data><Data Name='param3'>auto start</Data><Data Name='param4'>BITS</Data></EventData><RenderingInfo Culture='en-SG'><Message>The start type of the Background Intelligent Transfer Service service was changed from demand start to auto start.</Message><Level>Information</Level><Task></Task><Opcode></Opcode><Channel></Channel><Provider>Microsoft-Windows-Service Control Manager</Provider><Keywords><Keyword>Classic</Keyword></Keywords></RenderingInfo></Event><Event xmlns='http://schemas.microsoft.com/win/2004/08/events/event'><System><Provider Name='Microsoft-Windows-DistributedCOM' Guid='{1B562E86-B7AA-4131-BADC-B6F3A001407E}' EventSourceName='DCOM'/><EventID Qualifiers='0'>10010</EventID><Version>0</Version><Level>2</Level><Task>0</Task><Opcode>0</Opcode><Keywords>0x8080000000000000</Keywords><TimeCreated SystemTime='2025-08-29T19:36:15.4096778Z'/><EventRecordID>3162012</EventRecordID><Correlation ActivityID='{44c1eb3d-91fd-4238-8541-5ea0c63e36e4}'/><Execution ProcessID='1016' ThreadID='17692'/><Channel>System</Channel><Computer>ARROW-PROEJCTS</Computer><Security UserID='S-1-5-21-2552682363-1415638892-1482416837-1001'/></System><EventData><Data Name='param1'>Microsoft.AAD.BrokerPlugin_1000.19041.4239.0_neutral_neutral_cw5n1h2txyewy!Windows.Security.Authentication.Web.Core.BackgroundGetTokenTask.ClassId.WebAccountProvider</Data></EventData><RenderingInfo Culture='en-SG'><Message>The server Microsoft.AAD.BrokerPlugin_1000.19041.4239.0_neutral_neutral_cw5n1h2txyewy!Windows.Security.Authentication.Web.Core.BackgroundGetTokenTask.ClassId.WebAccountProvider did not register with DCOM within the required timeout.</Message><Level>Error</Level><Task></Task><Opcode>Info</Opcode><Channel></Channel><Provider>Microsoft-Windows-DistributedCOM</Provider><Keywords><Keyword>Classic</Keyword></Keywords></RenderingInfo></Event><Event xmlns='http://schemas.microsoft.com/win/2004/08/events/event'><System><Provider Name='Microsoft-Windows-WAS' Guid='{524B5D04-133C-4A62-8362-64E8EDB9CE40}' EventSourceName='WAS'/><EventID Qualifiers='16384'>5186</EventID><Version>0</Version><Level>4</Level><Task>0</Task><Opcode>0</Opcode><Keywords>0x80000000000000</Keywords><TimeCreated SystemTime='2025-08-29T19:29:16.4215795Z'/><EventRecordID>3162011</EventRecordID><Correlation/><Execution ProcessID='0' ThreadID='0'/><Channel>System</Channel><Computer>ARROW-PROEJCTS</Computer><Security/></System><EventData><Data Name='ProcessID'>11468</Data><Data Name='AppPoolID'>acrm</Data><Data Name='Minutes'>20</Data></EventData><RenderingInfo Culture='en-SG'><Message>A worker process with process id of '11468' serving application pool 'acrm' was shutdown due to inactivity.  Application Pool timeout configuration was set to 20 minutes.  A new worker process will be started when needed.</Message><Level>Information</Level><Task></Task><Opcode></Opcode><Channel></Channel><Provider>Microsoft-Windows-WAS</Provider><Keywords><Keyword>Classic</Keyword></Keywords></RenderingInfo></Event><Event xmlns='http://schemas.microsoft.com/win/2004/08/events/event'><System><Provider Name='Service Control Manager' Guid='{555908d1-a6d7-4695-8e1e-26931d2012f4}' EventSourceName='Service Control Manager'/><EventID Qualifiers='16384'>7040</EventID><Version>0</Version><Level>4</Level><Task>0</Task><Opcode>0</Opcode><Keywords>0x8080000000000000</Keywords><TimeCreated SystemTime='2025-08-29T19:09:43.0739908Z'/><EventRecordID>3162010</EventRecordID><Correlation/><Execution ProcessID='716' ThreadID='13344'/><Channel>System</Channel><Computer>ARROW-PROEJCTS</Computer><Security UserID='S-1-5-18'/></System><EventData><Data Name='param1'>Background Intelligent Transfer Service</Data><Data Name='param2'>auto start</Data><Data Name='param3'>demand start</Data><Data Name='param4'>BITS</Data></EventData><RenderingInfo Culture='en-SG'><Message>The start type of the Background Intelligent Transfer Service service was changed from auto start to demand start.</Message><Level>Information</Level><Task></Task><Opcode></Opcode><Channel></Channel><Provider>Microsoft-Windows-Service Control Manager</Provider><Keywords><Keyword>Classic</Keyword></Keywords></RenderingInfo></Event><Event xmlns='http://schemas.microsoft.com/win/2004/08/events/event'><System><Provider Name='Service Control Manager' Guid='{555908d1-a6d7-4695-8e1e-26931d2012f4}' EventSourceName='Service Control Manager'/><EventID Qualifiers='16384'>7040</EventID><Version>0</Version><Level>4</Level><Task>0</Task><Opcode>0</Opcode><Keywords>0x8080000000000000</Keywords><TimeCreated SystemTime='2025-08-29T19:07:37.7278182Z'/><EventRecordID>3162009</EventRecordID><Correlation/><Execution ProcessID='716' ThreadID='6932'/><Channel>System</Channel><Computer>ARROW-PROEJCTS</Computer><Security UserID='S-1-5-18'/></System><EventData><Data Name='param1'>Background Intelligent Transfer Service</Data><Data Name='param2'>demand start</Data><Data Name='param3'>auto start</Data><Data Name='param4'>BITS</Data></EventData><RenderingInfo Culture='en-SG'><Message>The start type of the Background Intelligent Transfer Service service was changed from demand start to auto start.</Message><Level>Information</Level><Task></Task><Opcode></Opcode><Channel></Channel><Provider>Microsoft-Windows-Service Control Manager</Provider><Keywords><Keyword>Classic</Keyword></Keywords></RenderingInfo></Event><Event xmlns='http://schemas.microsoft.com/win/2004/08/events/event'><System><Provider Name='Microsoft-Windows-WAS' Guid='{524B5D04-133C-4A62-8362-64E8EDB9CE40}' EventSourceName='WAS'/><EventID Qualifiers='16384'>5186</EventID><Version>0</Version><Level>4</Level><Task>0</Task><Opcode>0</Opcode><Keywords>0x80000000000000</Keywords><TimeCreated SystemTime='2025-08-29T19:07:25.9969734Z'/><EventRecordID>3162008</EventRecordID><Correlation/><Execution ProcessID='0' ThreadID='0'/><Channel>System</Channel><Computer>ARROW-PROEJCTS</Computer><Security/></System><EventData><Data Name='ProcessID'>18836</Data><Data Name='AppPoolID'>Arrowcrest.Invitation.Api</Data><Data Name='Minutes'>20</Data></EventData><RenderingInfo Culture='en-SG'><Message>A worker process with process id of '18836' serving application pool 'Arrowcrest.Invitation.Api' was shutdown due to inactivity.  Application Pool timeout configuration was set to 20 minutes.  A new worker process will be started when needed.</Message><Level>Information</Level><Task></Task><Opcode></Opcode><Channel></Channel><Provider>Microsoft-Windows-WAS</Provider><Keywords><Keyword>Classic</Keyword></Keywords></RenderingInfo></Event><Event xmlns='http://schemas.microsoft.com/win/2004/08/events/event'><System><Provider Name='Microsoft-Windows-DistributedCOM' Guid='{1B562E86-B7AA-4131-BADC-B6F3A001407E}' EventSourceName='DCOM'/><EventID Qualifiers='0'>10010</EventID><Version>0</Version><Level>2</Level><Task>0</Task><Opcode>0</Opcode><Keywords>0x8080000000000000</Keywords><TimeCreated SystemTime='2025-08-29T18:36:17.8549976Z'/><EventRecordID>3162007</EventRecordID><Correlation ActivityID='{210662e9-1dc8-47eb-82ac-7b0d7d5ff8d1}'/><Execution ProcessID='1016' ThreadID='17868'/><Channel>System</Channel><Computer>ARROW-PROEJCTS</Computer><Security UserID='S-1-5-21-2552682363-1415638892-1482416837-1001'/></System><EventData><Data Name='param1'>Microsoft.AAD.BrokerPlugin_1000.19041.4239.0_neutral_neutral_cw5n1h2txyewy!Windows.Security.Authentication.Web.Core.BackgroundGetTokenTask.ClassId.WebAccountProvider</Data></EventData><RenderingInfo Culture='en-SG'><Message>The server Microsoft.AAD.BrokerPlugin_1000.19041.4239.0_neutral_neutral_cw5n1h2txyewy!Windows.Security.Authentication.Web.Core.BackgroundGetTokenTask.ClassId.WebAccountProvider did not register with DCOM within the required timeout.</Message><Level>Error</Level><Task></Task><Opcode>Info</Opcode><Channel></Channel><Provider>Microsoft-Windows-DistributedCOM</Provider><Keywords><Keyword>Classic</Keyword></Keywords></RenderingInfo></Event><Event xmlns='http://schemas.microsoft.com/win/2004/08/events/event'><System><Provider Name='Microsoft-Windows-DistributedCOM' Guid='{1B562E86-B7AA-4131-BADC-B6F3A001407E}' EventSourceName='DCOM'/><EventID Qualifiers='0'>10010</EventID><Version>0</Version><Level>2</Level><Task>0</Task><Opcode>0</Opcode><Keywords>0x8080000000000000</Keywords><TimeCreated SystemTime='2025-08-29T18:36:14.8511286Z'/><EventRecordID>3162006</EventRecordID><Correlation ActivityID='{9479db5e-68bf-443d-8376-5cc9c9a75df1}'/><Execution ProcessID='1016' ThreadID='17868'/><Channel>System</Channel><Computer>ARROW-PROEJCTS</Computer><Security UserID='S-1-5-21-2552682363-1415638892-1482416837-1001'/></System><EventData><Data Name='param1'>Microsoft.AAD.BrokerPlugin_1000.19041.4239.0_neutral_neutral_cw5n1h2txyewy!Windows.Security.Authentication.Web.Core.BackgroundGetTokenTask.ClassId.WebAccountProvider</Data></EventData><RenderingInfo Culture='en-SG'><Message>The server Microsoft.AAD.BrokerPlugin_1000.19041.4239.0_neutral_neutral_cw5n1h2txyewy!Windows.Security.Authentication.Web.Core.BackgroundGetTokenTask.ClassId.WebAccountProvider did not register with DCOM within the required timeout.</Message><Level>Error</Level><Task></Task><Opcode>Info</Opcode><Channel></Channel><Provider>Microsoft-Windows-DistributedCOM</Provider><Keywords><Keyword>Classic</Keyword></Keywords></RenderingInfo></Event><Event xmlns='http://schemas.microsoft.com/win/2004/08/events/event'><System><Provider Name='Service Control Manager' Guid='{555908d1-a6d7-4695-8e1e-26931d2012f4}' EventSourceName='Service Control Manager'/><EventID Qualifiers='16384'>7040</EventID><Version>0</Version><Level>4</Level><Task>0</Task><Opcode>0</Opcode><Keywords>0x8080000000000000</Keywords><TimeCreated SystemTime='2025-08-29T18:19:54.1325374Z'/><EventRecordID>3162005</EventRecordID><Correlation/><Execution ProcessID='716' ThreadID='7756'/><Channel>System</Channel><Computer>ARROW-PROEJCTS</Computer><Security UserID='S-1-5-18'/></System><EventData><Data Name='param1'>Background Intelligent Transfer Service</Data><Data Name='param2'>auto start</Data><Data Name='param3'>demand start</Data><Data Name='param4'>BITS</Data></EventData><RenderingInfo Culture='en-SG'><Message>The start type of the Background Intelligent Transfer Service service was changed from auto start to demand start.</Message><Level>Information</Level><Task></Task><Opcode></Opcode><Channel></Channel><Provider>Microsoft-Windows-Service Control Manager</Provider><Keywords><Keyword>Classic</Keyword></Keywords></RenderingInfo></Event><Event xmlns='http://schemas.microsoft.com/win/2004/08/events/event'><System><Provider Name='Service Control Manager' Guid='{555908d1-a6d7-4695-8e1e-26931d2012f4}' EventSourceName='Service Control Manager'/><EventID Qualifiers='16384'>7040</EventID><Version>0</Version><Level>4</Level><Task>0</Task><Opcode>0</Opcode><Keywords>0x8080000000000000</Keywords><TimeCreated SystemTime='2025-08-29T18:17:48.4785324Z'/><EventRecordID>3162004</EventRecordID><Correlation/><Execution ProcessID='716' ThreadID='14660'/><Channel>System</Channel><Computer>ARROW-PROEJCTS</Computer><Security UserID='S-1-5-18'/></System><EventData><Data Name='param1'>Background Intelligent Transfer Service</Data><Data Name='param2'>demand start</Data><Data Name='param3'>auto start</Data><Data Name='param4'>BITS</Data></EventData><RenderingInfo Culture='en-SG'><Message>The start type of the Background Intelligent Transfer Service service was changed from demand start to auto start.</Message><Level>Information</Level><Task></Task><Opcode></Opcode><Channel></Channel><Provider>Microsoft-Windows-Service Control Manager</Provider><Keywords><Keyword>Classic</Keyword></Keywords></RenderingInfo></Event><Event xmlns='http://schemas.microsoft.com/win/2004/08/events/event'><System><Provider Name='Microsoft-Windows-WAS' Guid='{524B5D04-133C-4A62-8362-64E8EDB9CE40}' EventSourceName='WAS'/><EventID Qualifiers='16384'>5186</EventID><Version>0</Version><Level>4</Level><Task>0</Task><Opcode>0</Opcode><Keywords>0x80000000000000</Keywords><TimeCreated SystemTime='2025-08-29T18:01:01.8383856Z'/><EventRecordID>3162003</EventRecordID><Correlation/><Execution ProcessID='0' ThreadID='0'/><Channel>System</Channel><Computer>ARROW-PROEJCTS</Computer><Security/></System><EventData><Data Name='ProcessID'>15324</Data><Data Name='AppPoolID'>acrm</Data><Data Name='Minutes'>20</Data></EventData><RenderingInfo Culture='en-SG'><Message>A worker process with process id of '15324' serving application pool 'acrm' was shutdown due to inactivity.  Application Pool timeout configuration was set to 20 minutes.  A new worker process will be started when needed.</Message><Level>Information</Level><Task></Task><Opcode></Opcode><Channel></Channel><Provider>Microsoft-Windows-WAS</Provider><Keywords><Keyword>Classic</Keyword></Keywords></RenderingInfo></Event><Event xmlns='http://schemas.microsoft.com/win/2004/08/events/event'><System><Provider Name='Microsoft-Windows-DistributedCOM' Guid='{1B562E86-B7AA-4131-BADC-B6F3A001407E}' EventSourceName='DCOM'/><EventID Qualifiers='0'>10010</EventID><Version>0</Version><Level>2</Level><Task>0</Task><Opcode>0</Opcode><Keywords>0x8080000000000000</Keywords><TimeCreated SystemTime='2025-08-29T17:36:15.2348134Z'/><EventRecordID>3162002</EventRecordID><Correlation ActivityID='{316de83b-1077-4ef9-ae19-8d1aa997768b}'/><Execution ProcessID='1016' ThreadID='19112'/><Channel>System</Channel><Computer>ARROW-PROEJCTS</Computer><Security UserID='S-1-5-21-2552682363-1415638892-1482416837-1001'/></System><EventData><Data Name='param1'>Microsoft.AAD.BrokerPlugin_1000.19041.4239.0_neutral_neutral_cw5n1h2txyewy!Windows.Security.Authentication.Web.Core.BackgroundGetTokenTask.ClassId.WebAccountProvider</Data></EventData><RenderingInfo Culture='en-SG'><Message>The server Microsoft.AAD.BrokerPlugin_1000.19041.4239.0_neutral_neutral_cw5n1h2txyewy!Windows.Security.Authentication.Web.Core.BackgroundGetTokenTask.ClassId.WebAccountProvider did not register with DCOM within the required timeout.</Message><Level>Error</Level><Task></Task><Opcode>Info</Opcode><Channel></Channel><Provider>Microsoft-Windows-DistributedCOM</Provider><Keywords><Keyword>Classic</Keyword></Keywords></RenderingInfo></Event><Event xmlns='http://schemas.microsoft.com/win/2004/08/events/event'><System><Provider Name='Microsoft-Windows-WAS' Guid='{524B5D04-133C-4A62-8362-64E8EDB9CE40}' EventSourceName='WAS'/><EventID Qualifiers='16384'>5186</EventID><Version>0</Version><Level>4</Level><Task>0</Task><Opcode>0</Opcode><Keywords>0x80000000000000</Keywords><TimeCreated SystemTime='2025-08-29T17:32:31.6623415Z'/><EventRecordID>3162001</EventRecordID><Correlation/><Execution ProcessID='0' ThreadID='0'/><Channel>System</Channel><Computer>ARROW-PROEJCTS</Computer><Security/></System><EventData><Data Name='ProcessID'>4732</Data><Data Name='AppPoolID'>acrm</Data><Data Name='Minutes'>20</Data></EventData><RenderingInfo Culture='en-SG'><Message>A worker process with process id of '4732' serving application pool 'acrm' was shutdown due to inactivity.  Application Pool timeout configuration was set to 20 minutes.  A new worker process will be started when needed.</Message><Level>Information</Level><Task></Task><Opcode></Opcode><Channel></Channel><Provider>Microsoft-Windows-WAS</Provider><Keywords><Keyword>Classic</Keyword></Keywords></RenderingInfo></Event><Event xmlns='http://schemas.microsoft.com/win/2004/08/events/event'><System><Provider Name='Microsoft-Windows-DistributedCOM' Guid='{1B562E86-B7AA-4131-BADC-B6F3A001407E}' EventSourceName='DCOM'/><EventID Qualifiers='0'>10010</EventID><Version>0</Version><Level>2</Level><Task>0</Task><Opcode>0</Opcode><Keywords>0x8080000000000000</Keywords><TimeCreated SystemTime='2025-08-29T17:24:49.7698548Z'/><EventRecordID>3162000</EventRecordID><Correlation ActivityID='{96be7e3b-625f-42b7-881d-ae5dd2c1a438}'/><Execution ProcessID='1016' ThreadID='7648'/><Channel>System</Channel><Computer>ARROW-PROEJCTS</Computer><Security UserID='S-1-5-21-2552682363-1415638892-1482416837-1001'/></System><EventData><Data Name='param1'>Microsoft.Windows.Search_1.14.17.19041_neutral_neutral_cw5n1h2txyewy!CortanaUI.AppX49we79s9ab0xp8xpjb6t6g31ep03r71y.mca</Data></EventData><RenderingInfo Culture='en-SG'><Message>The server Microsoft.Windows.Search_1.14.17.19041_neutral_neutral_cw5n1h2txyewy!CortanaUI.AppX49we79s9ab0xp8xpjb6t6g31ep03r71y.mca did not register with DCOM within the required timeout.</Message><Level>Error</Level><Task></Task><Opcode>Info</Opcode><Channel></Channel><Provider>Microsoft-Windows-DistributedCOM</Provider><Keywords><Keyword>Classic</Keyword></Keywords></RenderingInfo></Event><Event xmlns='http://schemas.microsoft.com/win/2004/08/events/event'><System><Provider Name='Microsoft-Windows-WAS' Guid='{524B5D04-133C-4A62-8362-64E8EDB9CE40}' EventSourceName='WAS'/><EventID Qualifiers='16384'>5186</EventID><Version>0</Version><Level>4</Level><Task>0</Task><Opcode>0</Opcode><Keywords>0x80000000000000</Keywords><TimeCreated SystemTime='2025-08-29T16:51:59.6329759Z'/><EventRecordID>3161999</EventRecordID><Correlation/><Execution ProcessID='0' ThreadID='0'/><Channel>System</Channel><Computer>ARROW-PROEJCTS</Computer><Security/></System><EventData><Data Name='ProcessID'>18896</Data><Data Name='AppPoolID'>Arrowcrest.Invitation.Api</Data><Data Name='Minutes'>20</Data></EventData><RenderingInfo Culture='en-SG'><Message>A worker process with process id of '18896' serving application pool 'Arrowcrest.Invitation.Api' was shutdown due to inactivity.  Application Pool timeout configuration was set to 20 minutes.  A new worker process will be started when needed.</Message><Level>Information</Level><Task></Task><Opcode></Opcode><Channel></Channel><Provider>Microsoft-Windows-WAS</Provider><Keywords><Keyword>Classic</Keyword></Keywords></RenderingInfo></Event><Event xmlns='http://schemas.microsoft.com/win/2004/08/events/event'><System><Provider Name='Microsoft-Windows-DistributedCOM' Guid='{1B562E86-B7AA-4131-BADC-B6F3A001407E}' EventSourceName='DCOM'/><EventID Qualifiers='0'>10010</EventID><Version>0</Version><Level>2</Level><Task>0</Task><Opcode>0</Opcode><Keywords>0x8080000000000000</Keywords><TimeCreated SystemTime='2025-08-29T16:44:48.1315150Z'/><EventRecordID>3161998</EventRecordID><Correlation ActivityID='{9bc48a31-3487-47bd-8d58-4ce94a14127f}'/><Execution ProcessID='1016' ThreadID='252'/><Channel>System</Channel><Computer>ARROW-PROEJCTS</Computer><Security UserID='S-1-5-21-2552682363-1415638892-1482416837-1001'/></System><EventData><Data Name='param1'>Microsoft.AAD.BrokerPlugin_1000.19041.4239.0_neutral_neutral_cw5n1h2txyewy!Windows.Security.Authentication.Web.Core.BackgroundGetTokenTask.ClassId.WebAccountProvider</Data></EventData><RenderingInfo Culture='en-SG'><Message>The server Microsoft.AAD.BrokerPlugin_1000.19041.4239.0_neutral_neutral_cw5n1h2txyewy!Windows.Security.Authentication.Web.Core.BackgroundGetTokenTask.ClassId.WebAccountProvider did not register with DCOM within the required timeout.</Message><Level>Error</Level><Task></Task><Opcode>Info</Opcode><Channel></Channel><Provider>Microsoft-Windows-DistributedCOM</Provider><Keywords><Keyword>Classic</Keyword></Keywords></RenderingInfo></Event><Event xmlns='http://schemas.microsoft.com/win/2004/08/events/event'><System><Provider Name='Microsoft-Windows-DistributedCOM' Guid='{1B562E86-B7AA-4131-BADC-B6F3A001407E}' EventSourceName='DCOM'/><EventID Qualifiers='0'>10010</EventID><Version>0</Version><Level>2</Level><Task>0</Task><Opcode>0</Opcode><Keywords>0x8080000000000000</Keywords><TimeCreated SystemTime='2025-08-29T16:44:42.3690542Z'/><EventRecordID>3161997</EventRecordID><Correlation ActivityID='{b07ac372-bf07-44bd-a494-9ae22a4f5aa9}'/><Execution ProcessID='1016' ThreadID='15328'/><Channel>System</Channel><Computer>ARROW-PROEJCTS</Computer><Security UserID='S-1-5-21-2552682363-1415638892-1482416837-1001'/></System><EventData><Data Name='param1'>Microsoft.AAD.BrokerPlugin_1000.19041.4239.0_neutral_neutral_cw5n1h2txyewy!Windows.Security.Authentication.Web.Core.BackgroundGetTokenTask.ClassId.WebAccountProvider</Data></EventData><RenderingInfo Culture='en-SG'><Message>The server Microsoft.AAD.BrokerPlugin_1000.19041.4239.0_neutral_neutral_cw5n1h2txyewy!Windows.Security.Authentication.Web.Core.BackgroundGetTokenTask.ClassId.WebAccountProvider did not register with DCOM within the required timeout.</Message><Level>Error</Level><Task></Task><Opcode>Info</Opcode><Channel></Channel><Provider>Microsoft-Windows-DistributedCOM</Provider><Keywords><Keyword>Classic</Keyword></Keywords></RenderingInfo></Event><Event xmlns='http://schemas.microsoft.com/win/2004/08/events/event'><System><Provider Name='Microsoft-Windows-DistributedCOM' Guid='{1B562E86-B7AA-4131-BADC-B6F3A001407E}' EventSourceName='DCOM'/><EventID Qualifiers='0'>10010</EventID><Version>0</Version><Level>2</Level><Task>0</Task><Opcode>0</Opcode><Keywords>0x8080000000000000</Keywords><TimeCreated SystemTime='2025-08-29T16:44:38.4612330Z'/><EventRecordID>3161996</EventRecordID><Correlation ActivityID='{7a7b7177-d99b-48cd-939c-cd47ba8502a9}'/><Execution ProcessID='1016' ThreadID='18060'/><Channel>System</Channel><Computer>ARROW-PROEJCTS</Computer><Security UserID='S-1-5-21-2552682363-1415638892-1482416837-1001'/></System><EventData><Data Name='param1'>Microsoft.AAD.BrokerPlugin_1000.19041.4239.0_neutral_neutral_cw5n1h2txyewy!Windows.Security.Authentication.Web.Core.BackgroundGetTokenTask.ClassId.WebAccountProvider</Data></EventData><RenderingInfo Culture='en-SG'><Message>The server Microsoft.AAD.BrokerPlugin_1000.19041.4239.0_neutral_neutral_cw5n1h2txyewy!Windows.Security.Authentication.Web.Core.BackgroundGetTokenTask.ClassId.WebAccountProvider did not register with DCOM within the required timeout.</Message><Level>Error</Level><Task></Task><Opcode>Info</Opcode><Channel></Channel><Provider>Microsoft-Windows-DistributedCOM</Provider><Keywords><Keyword>Classic</Keyword></Keywords></RenderingInfo></Event>