<Event xmlns='http://schemas.microsoft.com/win/2004/08/events/event'><System><Provider Name='Microsoft-Windows-Kernel-General' Guid='{a68ca8b7-004f-d7b6-a698-07e2de0f1f5d}'/><EventID>16</EventID><Version>0</Version><Level>4</Level><Task>0</Task><Opcode>0</Opcode><Keywords>0x8000000000000000</Keywords><TimeCreated SystemTime='2025-08-27T05:35:18.4555732Z'/><EventRecordID>3161662</EventRecordID><Correlation/><Execution ProcessID='19152' ThreadID='5080'/><Channel>System</Channel><Computer>ARROW-PROEJCTS</Computer><Security UserID='S-1-5-21-2552682363-1415638892-1482416837-1001'/></System><EventData><Data Name='HiveNameLength'>106</Data><Data Name='HiveName'>\??\C:\Users\Arrowcrest\AppData\Local\Packages\Microsoft.WindowsAlarms_8wekyb3d8bbwe\Settings\settings.dat</Data><Data Name='KeysUpdated'>6</Data><Data Name='DirtyPages'>1</Data></EventData><RenderingInfo Culture='en-SG'><Message>The access history in hive \??\C:\Users\Arrowcrest\AppData\Local\Packages\Microsoft.WindowsAlarms_8wekyb3d8bbwe\Settings\settings.dat was cleared updating 6 keys and creating 1 modified pages.</Message><Level>Information</Level><Task></Task><Opcode>Info</Opcode><Channel>System</Channel><Provider>Microsoft-Windows-Kernel-General</Provider><Keywords></Keywords></RenderingInfo></Event><Event xmlns='http://schemas.microsoft.com/win/2004/08/events/event'><System><Provider Name='Microsoft-Windows-WindowsUpdateClient' Guid='{945a8954-c147-4acd-923f-40c45405a658}'/><EventID>43</EventID><Version>1</Version><Level>4</Level><Task>1</Task><Opcode>13</Opcode><Keywords>0x8000000000002008</Keywords><TimeCreated SystemTime='2025-08-27T05:35:15.6603629Z'/><EventRecordID>3161661</EventRecordID><Correlation/><Execution ProcessID='8600' ThreadID='16496'/><Channel>System</Channel><Computer>ARROW-PROEJCTS</Computer><Security UserID='S-1-5-18'/></System><EventData><Data Name='updateTitle'>9WZDNCRFJ3PR-MICROSOFT.WINDOWSALARMS</Data><Data Name='updateGuid'>{b7b290bf-4450-42a5-8873-a47f83385f24}</Data><Data Name='updateRevisionNumber'>1</Data></EventData><RenderingInfo Culture='en-SG'><Message>Installation Started: Windows has started installing the following update: 9WZDNCRFJ3PR-MICROSOFT.WINDOWSALARMS</Message><Level>Information</Level><Task>Windows Update Agent</Task><Opcode>Installation</Opcode><Channel>System</Channel><Provider>Microsoft-Windows-WindowsUpdateClient</Provider><Keywords><Keyword>Installation</Keyword><Keyword>Started</Keyword></Keywords></RenderingInfo></Event><Event xmlns='http://schemas.microsoft.com/win/2004/08/events/event'><System><Provider Name='Microsoft-Windows-WindowsUpdateClient' Guid='{945a8954-c147-4acd-923f-40c45405a658}'/><EventID>19</EventID><Version>1</Version><Level>4</Level><Task>1</Task><Opcode>13</Opcode><Keywords>0x8000000000000018</Keywords><TimeCreated SystemTime='2025-08-27T05:35:13.7832731Z'/><EventRecordID>3161660</EventRecordID><Correlation ActivityID='{f920090f-04ff-0000-df65-f5faff04dc01}'/><Execution ProcessID='8600' ThreadID='8692'/><Channel>System</Channel><Computer>ARROW-PROEJCTS</Computer><Security UserID='S-1-5-18'/></System><EventData><Data Name='updateTitle'>9NHT9RB2F4HD-Microsoft.Copilot</Data><Data Name='updateGuid'>{324cda38-018a-478a-b781-da96b1da020a}</Data><Data Name='updateRevisionNumber'>1</Data><Data Name='serviceGuid'>{855e8a7c-ecb4-4ca3-b045-1dfa50104289}</Data></EventData><RenderingInfo Culture='en-SG'><Message>Installation Successful: Windows successfully installed the following update: 9NHT9RB2F4HD-Microsoft.Copilot</Message><Level>Information</Level><Task>Windows Update Agent</Task><Opcode>Installation</Opcode><Channel>System</Channel><Provider>Microsoft-Windows-WindowsUpdateClient</Provider><Keywords><Keyword>Installation</Keyword><Keyword>Success</Keyword></Keywords></RenderingInfo></Event><Event xmlns='http://schemas.microsoft.com/win/2004/08/events/event'><System><Provider Name='Microsoft-Windows-Kernel-General' Guid='{a68ca8b7-004f-d7b6-a698-07e2de0f1f5d}'/><EventID>16</EventID><Version>0</Version><Level>4</Level><Task>0</Task><Opcode>0</Opcode><Keywords>0x8000000000000000</Keywords><TimeCreated SystemTime='2025-08-27T05:35:11.1065336Z'/><EventRecordID>3161659</EventRecordID><Correlation/><Execution ProcessID='19152' ThreadID='5080'/><Channel>System</Channel><Computer>ARROW-PROEJCTS</Computer><Security UserID='S-1-5-21-2552682363-1415638892-1482416837-1001'/></System><EventData><Data Name='HiveNameLength'>100</Data><Data Name='HiveName'>\??\C:\Users\Arrowcrest\AppData\Local\Packages\Microsoft.Copilot_8wekyb3d8bbwe\Settings\settings.dat</Data><Data Name='KeysUpdated'>1</Data><Data Name='DirtyPages'>1</Data></EventData><RenderingInfo Culture='en-SG'><Message>The access history in hive \??\C:\Users\Arrowcrest\AppData\Local\Packages\Microsoft.Copilot_8wekyb3d8bbwe\Settings\settings.dat was cleared updating 1 keys and creating 1 modified pages.</Message><Level>Information</Level><Task></Task><Opcode>Info</Opcode><Channel>System</Channel><Provider>Microsoft-Windows-Kernel-General</Provider><Keywords></Keywords></RenderingInfo></Event><Event xmlns='http://schemas.microsoft.com/win/2004/08/events/event'><System><Provider Name='Microsoft-Windows-WindowsUpdateClient' Guid='{945a8954-c147-4acd-923f-40c45405a658}'/><EventID>43</EventID><Version>1</Version><Level>4</Level><Task>1</Task><Opcode>13</Opcode><Keywords>0x8000000000002008</Keywords><TimeCreated SystemTime='2025-08-27T05:34:35.7194201Z'/><EventRecordID>3161658</EventRecordID><Correlation/><Execution ProcessID='8600' ThreadID='8692'/><Channel>System</Channel><Computer>ARROW-PROEJCTS</Computer><Security UserID='S-1-5-18'/></System><EventData><Data Name='updateTitle'>9NHT9RB2F4HD-Microsoft.Copilot</Data><Data Name='updateGuid'>{324cda38-018a-478a-b781-da96b1da020a}</Data><Data Name='updateRevisionNumber'>1</Data></EventData><RenderingInfo Culture='en-SG'><Message>Installation Started: Windows has started installing the following update: 9NHT9RB2F4HD-Microsoft.Copilot</Message><Level>Information</Level><Task>Windows Update Agent</Task><Opcode>Installation</Opcode><Channel>System</Channel><Provider>Microsoft-Windows-WindowsUpdateClient</Provider><Keywords><Keyword>Installation</Keyword><Keyword>Started</Keyword></Keywords></RenderingInfo></Event><Event xmlns='http://schemas.microsoft.com/win/2004/08/events/event'><System><Provider Name='Microsoft-Windows-DistributedCOM' Guid='{1B562E86-B7AA-4131-BADC-B6F3A001407E}' EventSourceName='DCOM'/><EventID Qualifiers='0'>10010</EventID><Version>0</Version><Level>2</Level><Task>0</Task><Opcode>0</Opcode><Keywords>0x8080000000000000</Keywords><TimeCreated SystemTime='2025-08-27T05:34:31.5286494Z'/><EventRecordID>3161657</EventRecordID><Correlation ActivityID='{f26516ce-81d8-4fa4-aff5-8c542974b2a4}'/><Execution ProcessID='1016' ThreadID='18948'/><Channel>System</Channel><Computer>ARROW-PROEJCTS</Computer><Security UserID='S-1-5-21-2552682363-1415638892-1482416837-1001'/></System><EventData><Data Name='param1'>Microsoft.WindowsStore_22507.1401.6.0_x64__8wekyb3d8bbwe!App.AppX8c9571997bf2xvmf4pheeskam3jnz28r.mca</Data></EventData><RenderingInfo Culture='en-SG'><Message>The server Microsoft.WindowsStore_22507.1401.6.0_x64__8wekyb3d8bbwe!App.AppX8c9571997bf2xvmf4pheeskam3jnz28r.mca did not register with DCOM within the required timeout.</Message><Level>Error</Level><Task></Task><Opcode>Info</Opcode><Channel></Channel><Provider>Microsoft-Windows-DistributedCOM</Provider><Keywords><Keyword>Classic</Keyword></Keywords></RenderingInfo></Event><Event xmlns='http://schemas.microsoft.com/win/2004/08/events/event'><System><Provider Name='Microsoft-Windows-Kernel-General' Guid='{a68ca8b7-004f-d7b6-a698-07e2de0f1f5d}'/><EventID>16</EventID><Version>0</Version><Level>4</Level><Task>0</Task><Opcode>0</Opcode><Keywords>0x8000000000000000</Keywords><TimeCreated SystemTime='2025-08-27T05:34:28.9354764Z'/><EventRecordID>3161656</EventRecordID><Correlation/><Execution ProcessID='19152' ThreadID='7244'/><Channel>System</Channel><Computer>ARROW-PROEJCTS</Computer><Security UserID='S-1-5-18'/></System><EventData><Data Name='HiveNameLength'>134</Data><Data Name='HiveName'>\??\C:\ProgramData\Microsoft\Windows\AppRepository\Packages\Microsoft.WindowsAlarms_11.2507.1.0_x64__8wekyb3d8bbwe\ActivationStore.dat</Data><Data Name='KeysUpdated'>0</Data><Data Name='DirtyPages'>0</Data></EventData><RenderingInfo Culture='en-SG'><Message>The access history in hive \??\C:\ProgramData\Microsoft\Windows\AppRepository\Packages\Microsoft.WindowsAlarms_11.2507.1.0_x64__8wekyb3d8bbwe\ActivationStore.dat was cleared updating 0 keys and creating 0 modified pages.</Message><Level>Information</Level><Task></Task><Opcode>Info</Opcode><Channel>System</Channel><Provider>Microsoft-Windows-Kernel-General</Provider><Keywords></Keywords></RenderingInfo></Event><Event xmlns='http://schemas.microsoft.com/win/2004/08/events/event'><System><Provider Name='Microsoft-Windows-WindowsUpdateClient' Guid='{945a8954-c147-4acd-923f-40c45405a658}'/><EventID>19</EventID><Version>1</Version><Level>4</Level><Task>1</Task><Opcode>13</Opcode><Keywords>0x8000000000000018</Keywords><TimeCreated SystemTime='2025-08-27T05:34:24.1389914Z'/><EventRecordID>3161655</EventRecordID><Correlation ActivityID='{f920090f-04ff-0001-95fe-47faff04dc01}'/><Execution ProcessID='8600' ThreadID='17284'/><Channel>System</Channel><Computer>ARROW-PROEJCTS</Computer><Security UserID='S-1-5-18'/></System><EventData><Data Name='updateTitle'>9WZDNCRFJBMP-MICROSOFT.WINDOWSSTORE</Data><Data Name='updateGuid'>{2a039202-b50e-4bda-9678-d7748f56b8fb}</Data><Data Name='updateRevisionNumber'>1</Data><Data Name='serviceGuid'>{855e8a7c-ecb4-4ca3-b045-1dfa50104289}</Data></EventData><RenderingInfo Culture='en-SG'><Message>Installation Successful: Windows successfully installed the following update: 9WZDNCRFJBMP-MICROSOFT.WINDOWSSTORE</Message><Level>Information</Level><Task>Windows Update Agent</Task><Opcode>Installation</Opcode><Channel>System</Channel><Provider>Microsoft-Windows-WindowsUpdateClient</Provider><Keywords><Keyword>Installation</Keyword><Keyword>Success</Keyword></Keywords></RenderingInfo></Event><Event xmlns='http://schemas.microsoft.com/win/2004/08/events/event'><System><Provider Name='Microsoft-Windows-Kernel-General' Guid='{a68ca8b7-004f-d7b6-a698-07e2de0f1f5d}'/><EventID>16</EventID><Version>0</Version><Level>4</Level><Task>0</Task><Opcode>0</Opcode><Keywords>0x8000000000000000</Keywords><TimeCreated SystemTime='2025-08-27T05:34:13.8074579Z'/><EventRecordID>3161654</EventRecordID><Correlation/><Execution ProcessID='19152' ThreadID='9952'/><Channel>System</Channel><Computer>ARROW-PROEJCTS</Computer><Security UserID='S-1-5-21-2552682363-1415638892-1482416837-1001'/></System><EventData><Data Name='HiveNameLength'>105</Data><Data Name='HiveName'>\??\C:\Users\Arrowcrest\AppData\Local\Packages\Microsoft.WindowsStore_8wekyb3d8bbwe\Settings\settings.dat</Data><Data Name='KeysUpdated'>16</Data><Data Name='DirtyPages'>3</Data></EventData><RenderingInfo Culture='en-SG'><Message>The access history in hive \??\C:\Users\Arrowcrest\AppData\Local\Packages\Microsoft.WindowsStore_8wekyb3d8bbwe\Settings\settings.dat was cleared updating 16 keys and creating 3 modified pages.</Message><Level>Information</Level><Task></Task><Opcode>Info</Opcode><Channel>System</Channel><Provider>Microsoft-Windows-Kernel-General</Provider><Keywords></Keywords></RenderingInfo></Event><Event xmlns='http://schemas.microsoft.com/win/2004/08/events/event'><System><Provider Name='Microsoft-Windows-WindowsUpdateClient' Guid='{945a8954-c147-4acd-923f-40c45405a658}'/><EventID>43</EventID><Version>1</Version><Level>4</Level><Task>1</Task><Opcode>13</Opcode><Keywords>0x8000000000002008</Keywords><TimeCreated SystemTime='2025-08-27T05:34:10.9056635Z'/><EventRecordID>3161653</EventRecordID><Correlation/><Execution ProcessID='8600' ThreadID='17284'/><Channel>System</Channel><Computer>ARROW-PROEJCTS</Computer><Security UserID='S-1-5-18'/></System><EventData><Data Name='updateTitle'>9WZDNCRFJBMP-MICROSOFT.WINDOWSSTORE</Data><Data Name='updateGuid'>{2a039202-b50e-4bda-9678-d7748f56b8fb}</Data><Data Name='updateRevisionNumber'>1</Data></EventData><RenderingInfo Culture='en-SG'><Message>Installation Started: Windows has started installing the following update: 9WZDNCRFJBMP-MICROSOFT.WINDOWSSTORE</Message><Level>Information</Level><Task>Windows Update Agent</Task><Opcode>Installation</Opcode><Channel>System</Channel><Provider>Microsoft-Windows-WindowsUpdateClient</Provider><Keywords><Keyword>Installation</Keyword><Keyword>Started</Keyword></Keywords></RenderingInfo></Event><Event xmlns='http://schemas.microsoft.com/win/2004/08/events/event'><System><Provider Name='Microsoft-Windows-Kernel-General' Guid='{a68ca8b7-004f-d7b6-a698-07e2de0f1f5d}'/><EventID>16</EventID><Version>0</Version><Level>4</Level><Task>0</Task><Opcode>0</Opcode><Keywords>0x8000000000000000</Keywords><TimeCreated SystemTime='2025-08-27T05:34:00.7099144Z'/><EventRecordID>3161652</EventRecordID><Correlation/><Execution ProcessID='19152' ThreadID='9952'/><Channel>System</Channel><Computer>ARROW-PROEJCTS</Computer><Security UserID='S-1-5-18'/></System><EventData><Data Name='HiveNameLength'>136</Data><Data Name='HiveName'>\??\C:\ProgramData\Microsoft\Windows\AppRepository\Packages\Microsoft.WindowsStore_22507.1401.6.0_x64__8wekyb3d8bbwe\ActivationStore.dat</Data><Data Name='KeysUpdated'>0</Data><Data Name='DirtyPages'>0</Data></EventData><RenderingInfo Culture='en-SG'><Message>The access history in hive \??\C:\ProgramData\Microsoft\Windows\AppRepository\Packages\Microsoft.WindowsStore_22507.1401.6.0_x64__8wekyb3d8bbwe\ActivationStore.dat was cleared updating 0 keys and creating 0 modified pages.</Message><Level>Information</Level><Task></Task><Opcode>Info</Opcode><Channel>System</Channel><Provider>Microsoft-Windows-Kernel-General</Provider><Keywords></Keywords></RenderingInfo></Event><Event xmlns='http://schemas.microsoft.com/win/2004/08/events/event'><System><Provider Name='Microsoft-Windows-WindowsUpdateClient' Guid='{945a8954-c147-4acd-923f-40c45405a658}'/><EventID>44</EventID><Version>1</Version><Level>4</Level><Task>1</Task><Opcode>12</Opcode><Keywords>0x8000000000002004</Keywords><TimeCreated SystemTime='2025-08-27T05:33:39.1954853Z'/><EventRecordID>3161651</EventRecordID><Correlation/><Execution ProcessID='8600' ThreadID='15136'/><Channel>System</Channel><Computer>ARROW-PROEJCTS</Computer><Security UserID='S-1-5-18'/></System><EventData><Data Name='updateTitle'>9NHT9RB2F4HD-Microsoft.Copilot</Data><Data Name='updateGuid'>{324cda38-018a-478a-b781-da96b1da020a}</Data><Data Name='updateRevisionNumber'>1</Data></EventData><RenderingInfo Culture='en-SG'><Message>Windows Update started downloading an update.</Message><Level>Information</Level><Task>Windows Update Agent</Task><Opcode>Download</Opcode><Channel>System</Channel><Provider>Microsoft-Windows-WindowsUpdateClient</Provider><Keywords><Keyword>Download</Keyword><Keyword>Started</Keyword></Keywords></RenderingInfo></Event><Event xmlns='http://schemas.microsoft.com/win/2004/08/events/event'><System><Provider Name='Microsoft-Windows-WindowsUpdateClient' Guid='{945a8954-c147-4acd-923f-40c45405a658}'/><EventID>44</EventID><Version>1</Version><Level>4</Level><Task>1</Task><Opcode>12</Opcode><Keywords>0x8000000000002004</Keywords><TimeCreated SystemTime='2025-08-27T05:33:39.1954803Z'/><EventRecordID>3161650</EventRecordID><Correlation/><Execution ProcessID='8600' ThreadID='15136'/><Channel>System</Channel><Computer>ARROW-PROEJCTS</Computer><Security UserID='S-1-5-18'/></System><EventData><Data Name='updateTitle'>9WZDNCRFJ3PR-MICROSOFT.WINDOWSALARMS</Data><Data Name='updateGuid'>{b7b290bf-4450-42a5-8873-a47f83385f24}</Data><Data Name='updateRevisionNumber'>1</Data></EventData><RenderingInfo Culture='en-SG'><Message>Windows Update started downloading an update.</Message><Level>Information</Level><Task>Windows Update Agent</Task><Opcode>Download</Opcode><Channel>System</Channel><Provider>Microsoft-Windows-WindowsUpdateClient</Provider><Keywords><Keyword>Download</Keyword><Keyword>Started</Keyword></Keywords></RenderingInfo></Event><Event xmlns='http://schemas.microsoft.com/win/2004/08/events/event'><System><Provider Name='Microsoft-Windows-DistributedCOM' Guid='{1B562E86-B7AA-4131-BADC-B6F3A001407E}' EventSourceName='DCOM'/><EventID Qualifiers='0'>10010</EventID><Version>0</Version><Level>2</Level><Task>0</Task><Opcode>0</Opcode><Keywords>0x8080000000000000</Keywords><TimeCreated SystemTime='2025-08-27T05:33:37.2407300Z'/><EventRecordID>3161649</EventRecordID><Correlation ActivityID='{2c097d82-0799-4999-8484-270b34285025}'/><Execution ProcessID='1016' ThreadID='13424'/><Channel>System</Channel><Computer>ARROW-PROEJCTS</Computer><Security UserID='S-1-5-21-2552682363-1415638892-1482416837-1001'/></System><EventData><Data Name='param1'>Microsoft.AAD.BrokerPlugin_1000.19041.4239.0_neutral_neutral_cw5n1h2txyewy!Windows.Security.Authentication.Web.Core.BackgroundGetTokenTask.ClassId.WebAccountProvider</Data></EventData><RenderingInfo Culture='en-SG'><Message>The server Microsoft.AAD.BrokerPlugin_1000.19041.4239.0_neutral_neutral_cw5n1h2txyewy!Windows.Security.Authentication.Web.Core.BackgroundGetTokenTask.ClassId.WebAccountProvider did not register with DCOM within the required timeout.</Message><Level>Error</Level><Task></Task><Opcode>Info</Opcode><Channel></Channel><Provider>Microsoft-Windows-DistributedCOM</Provider><Keywords><Keyword>Classic</Keyword></Keywords></RenderingInfo></Event><Event xmlns='http://schemas.microsoft.com/win/2004/08/events/event'><System><Provider Name='Microsoft-Windows-DistributedCOM' Guid='{1B562E86-B7AA-4131-BADC-B6F3A001407E}' EventSourceName='DCOM'/><EventID Qualifiers='0'>10010</EventID><Version>0</Version><Level>2</Level><Task>0</Task><Opcode>0</Opcode><Keywords>0x8080000000000000</Keywords><TimeCreated SystemTime='2025-08-27T05:33:31.3058237Z'/><EventRecordID>3161648</EventRecordID><Correlation ActivityID='{589d0aeb-c270-4147-aa1e-ea62683f746b}'/><Execution ProcessID='1016' ThreadID='13424'/><Channel>System</Channel><Computer>ARROW-PROEJCTS</Computer><Security UserID='S-1-5-21-2552682363-1415638892-1482416837-1001'/></System><EventData><Data Name='param1'>Microsoft.AAD.BrokerPlugin_1000.19041.4239.0_neutral_neutral_cw5n1h2txyewy!Windows.Security.Authentication.Web.Core.BackgroundGetTokenTask.ClassId.WebAccountProvider</Data></EventData><RenderingInfo Culture='en-SG'><Message>The server Microsoft.AAD.BrokerPlugin_1000.19041.4239.0_neutral_neutral_cw5n1h2txyewy!Windows.Security.Authentication.Web.Core.BackgroundGetTokenTask.ClassId.WebAccountProvider did not register with DCOM within the required timeout.</Message><Level>Error</Level><Task></Task><Opcode>Info</Opcode><Channel></Channel><Provider>Microsoft-Windows-DistributedCOM</Provider><Keywords><Keyword>Classic</Keyword></Keywords></RenderingInfo></Event><Event xmlns='http://schemas.microsoft.com/win/2004/08/events/event'><System><Provider Name='Microsoft-Windows-DistributedCOM' Guid='{1B562E86-B7AA-4131-BADC-B6F3A001407E}' EventSourceName='DCOM'/><EventID Qualifiers='0'>10010</EventID><Version>0</Version><Level>2</Level><Task>0</Task><Opcode>0</Opcode><Keywords>0x8080000000000000</Keywords><TimeCreated SystemTime='2025-08-27T05:33:26.1129807Z'/><EventRecordID>3161647</EventRecordID><Correlation ActivityID='{4cf85369-f117-46d7-af2a-11e34303e5d8}'/><Execution ProcessID='1016' ThreadID='13424'/><Channel>System</Channel><Computer>ARROW-PROEJCTS</Computer><Security UserID='S-1-5-21-2552682363-1415638892-1482416837-1001'/></System><EventData><Data Name='param1'>Microsoft.AAD.BrokerPlugin_1000.19041.4239.0_neutral_neutral_cw5n1h2txyewy!Windows.Security.Authentication.Web.Core.BackgroundGetTokenTask.ClassId.WebAccountProvider</Data></EventData><RenderingInfo Culture='en-SG'><Message>The server Microsoft.AAD.BrokerPlugin_1000.19041.4239.0_neutral_neutral_cw5n1h2txyewy!Windows.Security.Authentication.Web.Core.BackgroundGetTokenTask.ClassId.WebAccountProvider did not register with DCOM within the required timeout.</Message><Level>Error</Level><Task></Task><Opcode>Info</Opcode><Channel></Channel><Provider>Microsoft-Windows-DistributedCOM</Provider><Keywords><Keyword>Classic</Keyword></Keywords></RenderingInfo></Event><Event xmlns='http://schemas.microsoft.com/win/2004/08/events/event'><System><Provider Name='Microsoft-Windows-DistributedCOM' Guid='{1B562E86-B7AA-4131-BADC-B6F3A001407E}' EventSourceName='DCOM'/><EventID Qualifiers='0'>10010</EventID><Version>0</Version><Level>2</Level><Task>0</Task><Opcode>0</Opcode><Keywords>0x8080000000000000</Keywords><TimeCreated SystemTime='2025-08-27T05:33:22.4008547Z'/><EventRecordID>3161646</EventRecordID><Correlation ActivityID='{c5c2bfc2-f373-4dd2-86c1-13b80b830156}'/><Execution ProcessID='1016' ThreadID='13424'/><Channel>System</Channel><Computer>ARROW-PROEJCTS</Computer><Security UserID='S-1-5-21-2552682363-1415638892-1482416837-1001'/></System><EventData><Data Name='param1'>Microsoft.AAD.BrokerPlugin_1000.19041.4239.0_neutral_neutral_cw5n1h2txyewy!Windows.Security.Authentication.Web.Core.BackgroundGetTokenTask.ClassId.WebAccountProvider</Data></EventData><RenderingInfo Culture='en-SG'><Message>The server Microsoft.AAD.BrokerPlugin_1000.19041.4239.0_neutral_neutral_cw5n1h2txyewy!Windows.Security.Authentication.Web.Core.BackgroundGetTokenTask.ClassId.WebAccountProvider did not register with DCOM within the required timeout.</Message><Level>Error</Level><Task></Task><Opcode>Info</Opcode><Channel></Channel><Provider>Microsoft-Windows-DistributedCOM</Provider><Keywords><Keyword>Classic</Keyword></Keywords></RenderingInfo></Event><Event xmlns='http://schemas.microsoft.com/win/2004/08/events/event'><System><Provider Name='Microsoft-Windows-DistributedCOM' Guid='{1B562E86-B7AA-4131-BADC-B6F3A001407E}' EventSourceName='DCOM'/><EventID Qualifiers='0'>10010</EventID><Version>0</Version><Level>2</Level><Task>0</Task><Opcode>0</Opcode><Keywords>0x8080000000000000</Keywords><TimeCreated SystemTime='2025-08-27T05:33:18.5354674Z'/><EventRecordID>3161645</EventRecordID><Correlation ActivityID='{b03e0903-966f-4385-9e04-b7a4f9e96128}'/><Execution ProcessID='1016' ThreadID='9308'/><Channel>System</Channel><Computer>ARROW-PROEJCTS</Computer><Security UserID='S-1-5-21-2552682363-1415638892-1482416837-1001'/></System><EventData><Data Name='param1'>Microsoft.AAD.BrokerPlugin_1000.19041.4239.0_neutral_neutral_cw5n1h2txyewy!Windows.Security.Authentication.Web.Core.BackgroundGetTokenTask.ClassId.WebAccountProvider</Data></EventData><RenderingInfo Culture='en-SG'><Message>The server Microsoft.AAD.BrokerPlugin_1000.19041.4239.0_neutral_neutral_cw5n1h2txyewy!Windows.Security.Authentication.Web.Core.BackgroundGetTokenTask.ClassId.WebAccountProvider did not register with DCOM within the required timeout.</Message><Level>Error</Level><Task></Task><Opcode>Info</Opcode><Channel></Channel><Provider>Microsoft-Windows-DistributedCOM</Provider><Keywords><Keyword>Classic</Keyword></Keywords></RenderingInfo></Event><Event xmlns='http://schemas.microsoft.com/win/2004/08/events/event'><System><Provider Name='Microsoft-Windows-WindowsUpdateClient' Guid='{945a8954-c147-4acd-923f-40c45405a658}'/><EventID>44</EventID><Version>1</Version><Level>4</Level><Task>1</Task><Opcode>12</Opcode><Keywords>0x8000000000002004</Keywords><TimeCreated SystemTime='2025-08-27T05:33:15.0738182Z'/><EventRecordID>3161644</EventRecordID><Correlation/><Execution ProcessID='8600' ThreadID='15136'/><Channel>System</Channel><Computer>ARROW-PROEJCTS</Computer><Security UserID='S-1-5-18'/></System><EventData><Data Name='updateTitle'>9WZDNCRFJBMP-MICROSOFT.WINDOWSSTORE</Data><Data Name='updateGuid'>{2a039202-b50e-4bda-9678-d7748f56b8fb}</Data><Data Name='updateRevisionNumber'>1</Data></EventData><RenderingInfo Culture='en-SG'><Message>Windows Update started downloading an update.</Message><Level>Information</Level><Task>Windows Update Agent</Task><Opcode>Download</Opcode><Channel>System</Channel><Provider>Microsoft-Windows-WindowsUpdateClient</Provider><Keywords><Keyword>Download</Keyword><Keyword>Started</Keyword></Keywords></RenderingInfo></Event><Event xmlns='http://schemas.microsoft.com/win/2004/08/events/event'><System><Provider Name='Microsoft-Windows-DistributedCOM' Guid='{1B562E86-B7AA-4131-BADC-B6F3A001407E}' EventSourceName='DCOM'/><EventID Qualifiers='0'>10010</EventID><Version>0</Version><Level>2</Level><Task>0</Task><Opcode>0</Opcode><Keywords>0x8080000000000000</Keywords><TimeCreated SystemTime='2025-08-27T05:33:13.7350693Z'/><EventRecordID>3161643</EventRecordID><Correlation ActivityID='{644e1d4c-083c-4c4e-8c2c-d897f55779c1}'/><Execution ProcessID='1016' ThreadID='9308'/><Channel>System</Channel><Computer>ARROW-PROEJCTS</Computer><Security UserID='S-1-5-21-2552682363-1415638892-1482416837-1001'/></System><EventData><Data Name='param1'>Microsoft.AAD.BrokerPlugin_1000.19041.4239.0_neutral_neutral_cw5n1h2txyewy!Windows.Security.Authentication.Web.Core.BackgroundGetTokenTask.ClassId.WebAccountProvider</Data></EventData><RenderingInfo Culture='en-SG'><Message>The server Microsoft.AAD.BrokerPlugin_1000.19041.4239.0_neutral_neutral_cw5n1h2txyewy!Windows.Security.Authentication.Web.Core.BackgroundGetTokenTask.ClassId.WebAccountProvider did not register with DCOM within the required timeout.</Message><Level>Error</Level><Task></Task><Opcode>Info</Opcode><Channel></Channel><Provider>Microsoft-Windows-DistributedCOM</Provider><Keywords><Keyword>Classic</Keyword></Keywords></RenderingInfo></Event><Event xmlns='http://schemas.microsoft.com/win/2004/08/events/event'><System><Provider Name='Microsoft-Windows-DistributedCOM' Guid='{1B562E86-B7AA-4131-BADC-B6F3A001407E}' EventSourceName='DCOM'/><EventID Qualifiers='0'>10010</EventID><Version>0</Version><Level>2</Level><Task>0</Task><Opcode>0</Opcode><Keywords>0x8080000000000000</Keywords><TimeCreated SystemTime='2025-08-27T05:24:37.8558226Z'/><EventRecordID>3161642</EventRecordID><Correlation ActivityID='{b79fce8a-caa3-4490-b60f-ab3babe11eeb}'/><Execution ProcessID='1016' ThreadID='3108'/><Channel>System</Channel><Computer>ARROW-PROEJCTS</Computer><Security UserID='S-1-5-21-2552682363-1415638892-1482416837-1001'/></System><EventData><Data Name='param1'>Microsoft.Windows.Search_1.14.17.19041_neutral_neutral_cw5n1h2txyewy!CortanaUI.AppX49we79s9ab0xp8xpjb6t6g31ep03r71y.mca</Data></EventData><RenderingInfo Culture='en-SG'><Message>The server Microsoft.Windows.Search_1.14.17.19041_neutral_neutral_cw5n1h2txyewy!CortanaUI.AppX49we79s9ab0xp8xpjb6t6g31ep03r71y.mca did not register with DCOM within the required timeout.</Message><Level>Error</Level><Task></Task><Opcode>Info</Opcode><Channel></Channel><Provider>Microsoft-Windows-DistributedCOM</Provider><Keywords><Keyword>Classic</Keyword></Keywords></RenderingInfo></Event><Event xmlns='http://schemas.microsoft.com/win/2004/08/events/event'><System><Provider Name='Microsoft-Windows-Time-Service' Guid='{06edcfeb-0fd0-4e53-acca-a6f8bbf81bcb}'/><EventID>36</EventID><Version>0</Version><Level>3</Level><Task>0</Task><Opcode>0</Opcode><Keywords>0x8000000000000000</Keywords><TimeCreated SystemTime='2025-08-27T05:24:32.9724465Z'/><EventRecordID>3161641</EventRecordID><Correlation/><Execution ProcessID='4956' ThreadID='1736'/><Channel>System</Channel><Computer>ARROW-PROEJCTS</Computer><Security UserID='S-1-5-19'/></System><EventData Name='TMP_EVENT_TIME_SOURCE_NONE'><Data Name='UnsynchronizedTimeSeconds'>86400</Data><Data Name='TimeRemainingToSetLocalClockFreeRunningSeconds'>0</Data></EventData><RenderingInfo Culture='en-SG'><Message>The time service has not synchronized the system time for the last 86400 seconds because none of the time service providers provided a usable time stamp. The time service will not update the local system time until it is able to synchronize with a time source. If the local system is configured to act as a time server for clients, it will stop advertising as a time source to clients after 0 seconds. The time service will continue to retry and sync time with its time sources. Check system event log for other W32time events for more details. Run 'w32tm /resync' to force an instant time synchronization. You can control the frequency of the time source rediscovery using ClockHoldoverPeriod W32time config setting. Modify the EventLogFlags W32time config setting if you wish to disable this message.</Message><Level>Warning</Level><Task></Task><Opcode>Info</Opcode><Channel>System</Channel><Provider>Microsoft-Windows-Time-Service</Provider><Keywords></Keywords></RenderingInfo></Event><Event xmlns='http://schemas.microsoft.com/win/2004/08/events/event'><System><Provider Name='Microsoft-Windows-DistributedCOM' Guid='{1B562E86-B7AA-4131-BADC-B6F3A001407E}' EventSourceName='DCOM'/><EventID Qualifiers='0'>10010</EventID><Version>0</Version><Level>2</Level><Task>0</Task><Opcode>0</Opcode><Keywords>0x8080000000000000</Keywords><TimeCreated SystemTime='2025-08-27T04:36:06.6643687Z'/><EventRecordID>3161640</EventRecordID><Correlation ActivityID='{c607d22f-9acd-482e-beaa-74d2ccfba8a4}'/><Execution ProcessID='1016' ThreadID='11256'/><Channel>System</Channel><Computer>ARROW-PROEJCTS</Computer><Security UserID='S-1-5-21-2552682363-1415638892-1482416837-1001'/></System><EventData><Data Name='param1'>Microsoft.AAD.BrokerPlugin_1000.19041.4239.0_neutral_neutral_cw5n1h2txyewy!Windows.Security.Authentication.Web.Core.BackgroundGetTokenTask.ClassId.WebAccountProvider</Data></EventData><RenderingInfo Culture='en-SG'><Message>The server Microsoft.AAD.BrokerPlugin_1000.19041.4239.0_neutral_neutral_cw5n1h2txyewy!Windows.Security.Authentication.Web.Core.BackgroundGetTokenTask.ClassId.WebAccountProvider did not register with DCOM within the required timeout.</Message><Level>Error</Level><Task></Task><Opcode>Info</Opcode><Channel></Channel><Provider>Microsoft-Windows-DistributedCOM</Provider><Keywords><Keyword>Classic</Keyword></Keywords></RenderingInfo></Event><Event xmlns='http://schemas.microsoft.com/win/2004/08/events/event'><System><Provider Name='Microsoft-Windows-WAS' Guid='{524B5D04-133C-4A62-8362-64E8EDB9CE40}' EventSourceName='WAS'/><EventID Qualifiers='16384'>5186</EventID><Version>0</Version><Level>4</Level><Task>0</Task><Opcode>0</Opcode><Keywords>0x80000000000000</Keywords><TimeCreated SystemTime='2025-08-27T04:24:25.0129728Z'/><EventRecordID>3161639</EventRecordID><Correlation/><Execution ProcessID='0' ThreadID='0'/><Channel>System</Channel><Computer>ARROW-PROEJCTS</Computer><Security/></System><EventData><Data Name='ProcessID'>16532</Data><Data Name='AppPoolID'>acrm</Data><Data Name='Minutes'>20</Data></EventData><RenderingInfo Culture='en-SG'><Message>A worker process with process id of '16532' serving application pool 'acrm' was shutdown due to inactivity.  Application Pool timeout configuration was set to 20 minutes.  A new worker process will be started when needed.</Message><Level>Information</Level><Task></Task><Opcode></Opcode><Channel></Channel><Provider>Microsoft-Windows-WAS</Provider><Keywords><Keyword>Classic</Keyword></Keywords></RenderingInfo></Event><Event xmlns='http://schemas.microsoft.com/win/2004/08/events/event'><System><Provider Name='Microsoft-Windows-WAS' Guid='{524B5D04-133C-4A62-8362-64E8EDB9CE40}' EventSourceName='WAS'/><EventID Qualifiers='16384'>5186</EventID><Version>0</Version><Level>4</Level><Task>0</Task><Opcode>0</Opcode><Keywords>0x80000000000000</Keywords><TimeCreated SystemTime='2025-08-27T04:08:31.2836904Z'/><EventRecordID>3161638</EventRecordID><Correlation/><Execution ProcessID='0' ThreadID='0'/><Channel>System</Channel><Computer>ARROW-PROEJCTS</Computer><Security/></System><EventData><Data Name='ProcessID'>5248</Data><Data Name='AppPoolID'>Arrowcrest.Invitation.Api</Data><Data Name='Minutes'>20</Data></EventData><RenderingInfo Culture='en-SG'><Message>A worker process with process id of '5248' serving application pool 'Arrowcrest.Invitation.Api' was shutdown due to inactivity.  Application Pool timeout configuration was set to 20 minutes.  A new worker process will be started when needed.</Message><Level>Information</Level><Task></Task><Opcode></Opcode><Channel></Channel><Provider>Microsoft-Windows-WAS</Provider><Keywords><Keyword>Classic</Keyword></Keywords></RenderingInfo></Event><Event xmlns='http://schemas.microsoft.com/win/2004/08/events/event'><System><Provider Name='EventLog'/><EventID Qualifiers='32768'>6013</EventID><Version>0</Version><Level>4</Level><Task>0</Task><Opcode>0</Opcode><Keywords>0x80000000000000</Keywords><TimeCreated SystemTime='2025-08-27T04:00:00.6529073Z'/><EventRecordID>3161637</EventRecordID><Correlation/><Execution ProcessID='0' ThreadID='0'/><Channel>System</Channel><Computer>ARROW-PROEJCTS</Computer><Security/></System><EventData><Data></Data><Data></Data><Data></Data><Data></Data><Data>1982165</Data><Data>60</Data><Data>-480 Malay Peninsula Standard Time</Data><Binary>31002E003100000030000000570069006E0064006F00770073002000310030002000500072006F000000310030002E0030002E003100390030003400350020004200750069006C0064002000310039003000340035002000200000004D0075006C0074006900700072006F0063006500730073006F007200200046007200650065000000310039003000340031002E00760062005F00720065006C0065006100730065002E003100390031003200300036002D00310034003000360000003600300034003700310065003600320000004E006F007400200041007600610069006C00610062006C00650000004E006F007400200041007600610069006C00610062006C006500000039000000320000003800310037003600000034003000390000004100520052004F0057002D00500052004F0045004A0043005400530000000000</Binary></EventData><RenderingInfo Culture='en-SG'><Message>The system uptime is 1982165 seconds.</Message><Level>Information</Level><Task></Task><Opcode></Opcode><Channel></Channel><Provider></Provider><Keywords><Keyword>Classic</Keyword></Keywords></RenderingInfo></Event><Event xmlns='http://schemas.microsoft.com/win/2004/08/events/event'><System><Provider Name='Microsoft-Windows-DistributedCOM' Guid='{1B562E86-B7AA-4131-BADC-B6F3A001407E}' EventSourceName='DCOM'/><EventID Qualifiers='0'>10010</EventID><Version>0</Version><Level>2</Level><Task>0</Task><Opcode>0</Opcode><Keywords>0x8080000000000000</Keywords><TimeCreated SystemTime='2025-08-27T03:55:19.1844126Z'/><EventRecordID>3161636</EventRecordID><Correlation ActivityID='{a60f8746-075e-49d3-8b83-1f996237602e}'/><Execution ProcessID='1016' ThreadID='17188'/><Channel>System</Channel><Computer>ARROW-PROEJCTS</Computer><Security UserID='S-1-5-21-2552682363-1415638892-1482416837-1001'/></System><EventData><Data Name='param1'>Microsoft.AAD.BrokerPlugin_1000.19041.4239.0_neutral_neutral_cw5n1h2txyewy!Windows.Security.Authentication.Web.Core.BackgroundGetTokenTask.ClassId.WebAccountProvider</Data></EventData><RenderingInfo Culture='en-SG'><Message>The server Microsoft.AAD.BrokerPlugin_1000.19041.4239.0_neutral_neutral_cw5n1h2txyewy!Windows.Security.Authentication.Web.Core.BackgroundGetTokenTask.ClassId.WebAccountProvider did not register with DCOM within the required timeout.</Message><Level>Error</Level><Task></Task><Opcode>Info</Opcode><Channel></Channel><Provider>Microsoft-Windows-DistributedCOM</Provider><Keywords><Keyword>Classic</Keyword></Keywords></RenderingInfo></Event><Event xmlns='http://schemas.microsoft.com/win/2004/08/events/event'><System><Provider Name='Microsoft-Windows-DistributedCOM' Guid='{1B562E86-B7AA-4131-BADC-B6F3A001407E}' EventSourceName='DCOM'/><EventID Qualifiers='0'>10010</EventID><Version>0</Version><Level>2</Level><Task>0</Task><Opcode>0</Opcode><Keywords>0x8080000000000000</Keywords><TimeCreated SystemTime='2025-08-27T03:55:14.2894133Z'/><EventRecordID>3161635</EventRecordID><Correlation ActivityID='{eb30c22e-15e1-4111-9770-21a47da09abc}'/><Execution ProcessID='1016' ThreadID='3060'/><Channel>System</Channel><Computer>ARROW-PROEJCTS</Computer><Security UserID='S-1-5-21-2552682363-1415638892-1482416837-1001'/></System><EventData><Data Name='param1'>Microsoft.AAD.BrokerPlugin_1000.19041.4239.0_neutral_neutral_cw5n1h2txyewy!Windows.Security.Authentication.Web.Core.BackgroundGetTokenTask.ClassId.WebAccountProvider</Data></EventData><RenderingInfo Culture='en-SG'><Message>The server Microsoft.AAD.BrokerPlugin_1000.19041.4239.0_neutral_neutral_cw5n1h2txyewy!Windows.Security.Authentication.Web.Core.BackgroundGetTokenTask.ClassId.WebAccountProvider did not register with DCOM within the required timeout.</Message><Level>Error</Level><Task></Task><Opcode>Info</Opcode><Channel></Channel><Provider>Microsoft-Windows-DistributedCOM</Provider><Keywords><Keyword>Classic</Keyword></Keywords></RenderingInfo></Event><Event xmlns='http://schemas.microsoft.com/win/2004/08/events/event'><System><Provider Name='Microsoft-Windows-DistributedCOM' Guid='{1B562E86-B7AA-4131-BADC-B6F3A001407E}' EventSourceName='DCOM'/><EventID Qualifiers='0'>10010</EventID><Version>0</Version><Level>2</Level><Task>0</Task><Opcode>0</Opcode><Keywords>0x8080000000000000</Keywords><TimeCreated SystemTime='2025-08-27T03:55:09.6829673Z'/><EventRecordID>3161634</EventRecordID><Correlation ActivityID='{c81ae136-9666-4af7-a76a-fd8b34140644}'/><Execution ProcessID='1016' ThreadID='3060'/><Channel>System</Channel><Computer>ARROW-PROEJCTS</Computer><Security UserID='S-1-5-21-2552682363-1415638892-1482416837-1001'/></System><EventData><Data Name='param1'>Microsoft.AAD.BrokerPlugin_1000.19041.4239.0_neutral_neutral_cw5n1h2txyewy!Windows.Security.Authentication.Web.Core.BackgroundGetTokenTask.ClassId.WebAccountProvider</Data></EventData><RenderingInfo Culture='en-SG'><Message>The server Microsoft.AAD.BrokerPlugin_1000.19041.4239.0_neutral_neutral_cw5n1h2txyewy!Windows.Security.Authentication.Web.Core.BackgroundGetTokenTask.ClassId.WebAccountProvider did not register with DCOM within the required timeout.</Message><Level>Error</Level><Task></Task><Opcode>Info</Opcode><Channel></Channel><Provider>Microsoft-Windows-DistributedCOM</Provider><Keywords><Keyword>Classic</Keyword></Keywords></RenderingInfo></Event><Event xmlns='http://schemas.microsoft.com/win/2004/08/events/event'><System><Provider Name='Service Control Manager' Guid='{555908d1-a6d7-4695-8e1e-26931d2012f4}' EventSourceName='Service Control Manager'/><EventID Qualifiers='16384'>7040</EventID><Version>0</Version><Level>4</Level><Task>0</Task><Opcode>0</Opcode><Keywords>0x8080000000000000</Keywords><TimeCreated SystemTime='2025-08-27T03:39:28.6518517Z'/><EventRecordID>3161633</EventRecordID><Correlation/><Execution ProcessID='716' ThreadID='18956'/><Channel>System</Channel><Computer>ARROW-PROEJCTS</Computer><Security UserID='S-1-5-18'/></System><EventData><Data Name='param1'>Background Intelligent Transfer Service</Data><Data Name='param2'>auto start</Data><Data Name='param3'>demand start</Data><Data Name='param4'>BITS</Data></EventData><RenderingInfo Culture='en-SG'><Message>The start type of the Background Intelligent Transfer Service service was changed from auto start to demand start.</Message><Level>Information</Level><Task></Task><Opcode></Opcode><Channel></Channel><Provider>Microsoft-Windows-Service Control Manager</Provider><Keywords><Keyword>Classic</Keyword></Keywords></RenderingInfo></Event><Event xmlns='http://schemas.microsoft.com/win/2004/08/events/event'><System><Provider Name='Service Control Manager' Guid='{555908d1-a6d7-4695-8e1e-26931d2012f4}' EventSourceName='Service Control Manager'/><EventID Qualifiers='16384'>7040</EventID><Version>0</Version><Level>4</Level><Task>0</Task><Opcode>0</Opcode><Keywords>0x8080000000000000</Keywords><TimeCreated SystemTime='2025-08-27T03:37:03.5209902Z'/><EventRecordID>3161632</EventRecordID><Correlation/><Execution ProcessID='716' ThreadID='7992'/><Channel>System</Channel><Computer>ARROW-PROEJCTS</Computer><Security UserID='S-1-5-18'/></System><EventData><Data Name='param1'>Background Intelligent Transfer Service</Data><Data Name='param2'>demand start</Data><Data Name='param3'>auto start</Data><Data Name='param4'>BITS</Data></EventData><RenderingInfo Culture='en-SG'><Message>The start type of the Background Intelligent Transfer Service service was changed from demand start to auto start.</Message><Level>Information</Level><Task></Task><Opcode></Opcode><Channel></Channel><Provider>Microsoft-Windows-Service Control Manager</Provider><Keywords><Keyword>Classic</Keyword></Keywords></RenderingInfo></Event><Event xmlns='http://schemas.microsoft.com/win/2004/08/events/event'><System><Provider Name='Microsoft-Windows-DistributedCOM' Guid='{1B562E86-B7AA-4131-BADC-B6F3A001407E}' EventSourceName='DCOM'/><EventID Qualifiers='0'>10010</EventID><Version>0</Version><Level>2</Level><Task>0</Task><Opcode>0</Opcode><Keywords>0x8080000000000000</Keywords><TimeCreated SystemTime='2025-08-27T03:36:16.5847286Z'/><EventRecordID>3161631</EventRecordID><Correlation ActivityID='{5473dbce-edcf-4593-923e-b59a2ae99346}'/><Execution ProcessID='1016' ThreadID='16336'/><Channel>System</Channel><Computer>ARROW-PROEJCTS</Computer><Security UserID='S-1-5-21-2552682363-1415638892-1482416837-1001'/></System><EventData><Data Name='param1'>Microsoft.AAD.BrokerPlugin_1000.19041.4239.0_neutral_neutral_cw5n1h2txyewy!Windows.Security.Authentication.Web.Core.BackgroundGetTokenTask.ClassId.WebAccountProvider</Data></EventData><RenderingInfo Culture='en-SG'><Message>The server Microsoft.AAD.BrokerPlugin_1000.19041.4239.0_neutral_neutral_cw5n1h2txyewy!Windows.Security.Authentication.Web.Core.BackgroundGetTokenTask.ClassId.WebAccountProvider did not register with DCOM within the required timeout.</Message><Level>Error</Level><Task></Task><Opcode>Info</Opcode><Channel></Channel><Provider>Microsoft-Windows-DistributedCOM</Provider><Keywords><Keyword>Classic</Keyword></Keywords></RenderingInfo></Event><Event xmlns='http://schemas.microsoft.com/win/2004/08/events/event'><System><Provider Name='Microsoft-Windows-DistributedCOM' Guid='{1B562E86-B7AA-4131-BADC-B6F3A001407E}' EventSourceName='DCOM'/><EventID Qualifiers='0'>10010</EventID><Version>0</Version><Level>2</Level><Task>0</Task><Opcode>0</Opcode><Keywords>0x8080000000000000</Keywords><TimeCreated SystemTime='2025-08-27T03:36:13.2472282Z'/><EventRecordID>3161630</EventRecordID><Correlation ActivityID='{772262e5-f66b-4627-8292-e21ad998d2e9}'/><Execution ProcessID='1016' ThreadID='16336'/><Channel>System</Channel><Computer>ARROW-PROEJCTS</Computer><Security UserID='S-1-5-21-2552682363-1415638892-1482416837-1001'/></System><EventData><Data Name='param1'>Microsoft.AAD.BrokerPlugin_1000.19041.4239.0_neutral_neutral_cw5n1h2txyewy!Windows.Security.Authentication.Web.Core.BackgroundGetTokenTask.ClassId.WebAccountProvider</Data></EventData><RenderingInfo Culture='en-SG'><Message>The server Microsoft.AAD.BrokerPlugin_1000.19041.4239.0_neutral_neutral_cw5n1h2txyewy!Windows.Security.Authentication.Web.Core.BackgroundGetTokenTask.ClassId.WebAccountProvider did not register with DCOM within the required timeout.</Message><Level>Error</Level><Task></Task><Opcode>Info</Opcode><Channel></Channel><Provider>Microsoft-Windows-DistributedCOM</Provider><Keywords><Keyword>Classic</Keyword></Keywords></RenderingInfo></Event><Event xmlns='http://schemas.microsoft.com/win/2004/08/events/event'><System><Provider Name='Microsoft-Windows-DistributedCOM' Guid='{1B562E86-B7AA-4131-BADC-B6F3A001407E}' EventSourceName='DCOM'/><EventID Qualifiers='0'>10010</EventID><Version>0</Version><Level>2</Level><Task>0</Task><Opcode>0</Opcode><Keywords>0x8080000000000000</Keywords><TimeCreated SystemTime='2025-08-27T03:36:09.2042285Z'/><EventRecordID>3161629</EventRecordID><Correlation ActivityID='{f755987b-2116-4912-86d3-0615dbf28525}'/><Execution ProcessID='1016' ThreadID='16336'/><Channel>System</Channel><Computer>ARROW-PROEJCTS</Computer><Security UserID='S-1-5-21-2552682363-1415638892-1482416837-1001'/></System><EventData><Data Name='param1'>Microsoft.AAD.BrokerPlugin_1000.19041.4239.0_neutral_neutral_cw5n1h2txyewy!Windows.Security.Authentication.Web.Core.BackgroundGetTokenTask.ClassId.WebAccountProvider</Data></EventData><RenderingInfo Culture='en-SG'><Message>The server Microsoft.AAD.BrokerPlugin_1000.19041.4239.0_neutral_neutral_cw5n1h2txyewy!Windows.Security.Authentication.Web.Core.BackgroundGetTokenTask.ClassId.WebAccountProvider did not register with DCOM within the required timeout.</Message><Level>Error</Level><Task></Task><Opcode>Info</Opcode><Channel></Channel><Provider>Microsoft-Windows-DistributedCOM</Provider><Keywords><Keyword>Classic</Keyword></Keywords></RenderingInfo></Event><Event xmlns='http://schemas.microsoft.com/win/2004/08/events/event'><System><Provider Name='Microsoft-Windows-Kernel-General' Guid='{a68ca8b7-004f-d7b6-a698-07e2de0f1f5d}'/><EventID>16</EventID><Version>0</Version><Level>4</Level><Task>0</Task><Opcode>0</Opcode><Keywords>0x8000000000000000</Keywords><TimeCreated SystemTime='2025-08-27T03:34:23.5273258Z'/><EventRecordID>3161628</EventRecordID><Correlation/><Execution ProcessID='16236' ThreadID='16256'/><Channel>System</Channel><Computer>ARROW-PROEJCTS</Computer><Security UserID='S-1-5-18'/></System><EventData><Data Name='HiveNameLength'>135</Data><Data Name='HiveName'>\??\C:\ProgramData\Microsoft\Windows\AppRepository\Packages\Microsoft.Edge.GameAssist_1.0.3456.0_x64__8wekyb3d8bbwe\ActivationStore.dat</Data><Data Name='KeysUpdated'>0</Data><Data Name='DirtyPages'>0</Data></EventData><RenderingInfo Culture='en-SG'><Message>The access history in hive \??\C:\ProgramData\Microsoft\Windows\AppRepository\Packages\Microsoft.Edge.GameAssist_1.0.3456.0_x64__8wekyb3d8bbwe\ActivationStore.dat was cleared updating 0 keys and creating 0 modified pages.</Message><Level>Information</Level><Task></Task><Opcode>Info</Opcode><Channel>System</Channel><Provider>Microsoft-Windows-Kernel-General</Provider><Keywords></Keywords></RenderingInfo></Event><Event xmlns='http://schemas.microsoft.com/win/2004/08/events/event'><System><Provider Name='Service Control Manager' Guid='{555908d1-a6d7-4695-8e1e-26931d2012f4}' EventSourceName='Service Control Manager'/><EventID Qualifiers='16384'>7040</EventID><Version>0</Version><Level>4</Level><Task>0</Task><Opcode>0</Opcode><Keywords>0x8080000000000000</Keywords><TimeCreated SystemTime='2025-08-27T03:02:14.8558453Z'/><EventRecordID>3161627</EventRecordID><Correlation/><Execution ProcessID='716' ThreadID='19176'/><Channel>System</Channel><Computer>ARROW-PROEJCTS</Computer><Security UserID='S-1-5-18'/></System><EventData><Data Name='param1'>Background Intelligent Transfer Service</Data><Data Name='param2'>auto start</Data><Data Name='param3'>demand start</Data><Data Name='param4'>BITS</Data></EventData><RenderingInfo Culture='en-SG'><Message>The start type of the Background Intelligent Transfer Service service was changed from auto start to demand start.</Message><Level>Information</Level><Task></Task><Opcode></Opcode><Channel></Channel><Provider>Microsoft-Windows-Service Control Manager</Provider><Keywords><Keyword>Classic</Keyword></Keywords></RenderingInfo></Event><Event xmlns='http://schemas.microsoft.com/win/2004/08/events/event'><System><Provider Name='Service Control Manager' Guid='{555908d1-a6d7-4695-8e1e-26931d2012f4}' EventSourceName='Service Control Manager'/><EventID Qualifiers='16384'>7040</EventID><Version>0</Version><Level>4</Level><Task>0</Task><Opcode>0</Opcode><Keywords>0x8080000000000000</Keywords><TimeCreated SystemTime='2025-08-27T03:00:04.0254813Z'/><EventRecordID>3161626</EventRecordID><Correlation/><Execution ProcessID='716' ThreadID='8948'/><Channel>System</Channel><Computer>ARROW-PROEJCTS</Computer><Security UserID='S-1-5-18'/></System><EventData><Data Name='param1'>Background Intelligent Transfer Service</Data><Data Name='param2'>demand start</Data><Data Name='param3'>auto start</Data><Data Name='param4'>BITS</Data></EventData><RenderingInfo Culture='en-SG'><Message>The start type of the Background Intelligent Transfer Service service was changed from demand start to auto start.</Message><Level>Information</Level><Task></Task><Opcode></Opcode><Channel></Channel><Provider>Microsoft-Windows-Service Control Manager</Provider><Keywords><Keyword>Classic</Keyword></Keywords></RenderingInfo></Event><Event xmlns='http://schemas.microsoft.com/win/2004/08/events/event'><System><Provider Name='Microsoft-Windows-DistributedCOM' Guid='{1B562E86-B7AA-4131-BADC-B6F3A001407E}' EventSourceName='DCOM'/><EventID Qualifiers='0'>10010</EventID><Version>0</Version><Level>2</Level><Task>0</Task><Opcode>0</Opcode><Keywords>0x8080000000000000</Keywords><TimeCreated SystemTime='2025-08-27T02:46:09.0028327Z'/><EventRecordID>3161625</EventRecordID><Correlation ActivityID='{2c1d3ecf-90f5-44e1-a640-f51c14778267}'/><Execution ProcessID='1016' ThreadID='6744'/><Channel>System</Channel><Computer>ARROW-PROEJCTS</Computer><Security UserID='S-1-5-21-2552682363-1415638892-1482416837-1001'/></System><EventData><Data Name='param1'>Microsoft.StorePurchaseApp_22506.1401.4.0_x64__8wekyb3d8bbwe!App.AppXh68f74x901gdx01kwdh3szc5yp7bnmah.mca</Data></EventData><RenderingInfo Culture='en-SG'><Message>The server Microsoft.StorePurchaseApp_22506.1401.4.0_x64__8wekyb3d8bbwe!App.AppXh68f74x901gdx01kwdh3szc5yp7bnmah.mca did not register with DCOM within the required timeout.</Message><Level>Error</Level><Task></Task><Opcode>Info</Opcode><Channel></Channel><Provider>Microsoft-Windows-DistributedCOM</Provider><Keywords><Keyword>Classic</Keyword></Keywords></RenderingInfo></Event>