<Event xmlns='http://schemas.microsoft.com/win/2004/08/events/event'><System><Provider Name='Microsoft-Windows-DistributedCOM' Guid='{1B562E86-B7AA-4131-BADC-B6F3A001407E}' EventSourceName='DCOM'/><EventID Qualifiers='0'>10010</EventID><Version>0</Version><Level>2</Level><Task>0</Task><Opcode>0</Opcode><Keywords>0x8080000000000000</Keywords><TimeCreated SystemTime='2025-08-24T10:16:51.5864614Z'/><EventRecordID>3161254</EventRecordID><Correlation ActivityID='{cc64696f-f9de-40a3-b741-afe27e7260a4}'/><Execution ProcessID='1016' ThreadID='18464'/><Channel>System</Channel><Computer>ARROW-PROEJCTS</Computer><Security UserID='S-1-5-21-2552682363-1415638892-1482416837-1001'/></System><EventData><Data Name='param1'>Microsoft.AAD.BrokerPlugin_1000.19041.4239.0_neutral_neutral_cw5n1h2txyewy!Windows.Security.Authentication.Web.Core.BackgroundGetTokenTask.ClassId.WebAccountProvider</Data></EventData><RenderingInfo Culture='en-SG'><Message>The server Microsoft.AAD.BrokerPlugin_1000.19041.4239.0_neutral_neutral_cw5n1h2txyewy!Windows.Security.Authentication.Web.Core.BackgroundGetTokenTask.ClassId.WebAccountProvider did not register with DCOM within the required timeout.</Message><Level>Error</Level><Task></Task><Opcode>Info</Opcode><Channel></Channel><Provider>Microsoft-Windows-DistributedCOM</Provider><Keywords><Keyword>Classic</Keyword></Keywords></RenderingInfo></Event><Event xmlns='http://schemas.microsoft.com/win/2004/08/events/event'><System><Provider Name='Microsoft-Windows-DistributedCOM' Guid='{1B562E86-B7AA-4131-BADC-B6F3A001407E}' EventSourceName='DCOM'/><EventID Qualifiers='0'>10010</EventID><Version>0</Version><Level>2</Level><Task>0</Task><Opcode>0</Opcode><Keywords>0x8080000000000000</Keywords><TimeCreated SystemTime='2025-08-24T09:53:11.5033831Z'/><EventRecordID>3161253</EventRecordID><Correlation ActivityID='{45bbb517-7464-4eee-9e31-31845a63e54c}'/><Execution ProcessID='1016' ThreadID='5424'/><Channel>System</Channel><Computer>ARROW-PROEJCTS</Computer><Security UserID='S-1-5-21-2552682363-1415638892-1482416837-1001'/></System><EventData><Data Name='param1'>Microsoft.AAD.BrokerPlugin_1000.19041.4239.0_neutral_neutral_cw5n1h2txyewy!Windows.Security.Authentication.Web.Core.BackgroundGetTokenTask.ClassId.WebAccountProvider</Data></EventData><RenderingInfo Culture='en-SG'><Message>The server Microsoft.AAD.BrokerPlugin_1000.19041.4239.0_neutral_neutral_cw5n1h2txyewy!Windows.Security.Authentication.Web.Core.BackgroundGetTokenTask.ClassId.WebAccountProvider did not register with DCOM within the required timeout.</Message><Level>Error</Level><Task></Task><Opcode>Info</Opcode><Channel></Channel><Provider>Microsoft-Windows-DistributedCOM</Provider><Keywords><Keyword>Classic</Keyword></Keywords></RenderingInfo></Event><Event xmlns='http://schemas.microsoft.com/win/2004/08/events/event'><System><Provider Name='Microsoft-Windows-DistributedCOM' Guid='{1B562E86-B7AA-4131-BADC-B6F3A001407E}' EventSourceName='DCOM'/><EventID Qualifiers='0'>10010</EventID><Version>0</Version><Level>2</Level><Task>0</Task><Opcode>0</Opcode><Keywords>0x8080000000000000</Keywords><TimeCreated SystemTime='2025-08-24T09:53:08.6123815Z'/><EventRecordID>3161252</EventRecordID><Correlation ActivityID='{65484e08-8093-49e9-8779-31265e8b9375}'/><Execution ProcessID='1016' ThreadID='13380'/><Channel>System</Channel><Computer>ARROW-PROEJCTS</Computer><Security UserID='S-1-5-21-2552682363-1415638892-1482416837-1001'/></System><EventData><Data Name='param1'>Microsoft.AAD.BrokerPlugin_1000.19041.4239.0_neutral_neutral_cw5n1h2txyewy!Windows.Security.Authentication.Web.Core.BackgroundGetTokenTask.ClassId.WebAccountProvider</Data></EventData><RenderingInfo Culture='en-SG'><Message>The server Microsoft.AAD.BrokerPlugin_1000.19041.4239.0_neutral_neutral_cw5n1h2txyewy!Windows.Security.Authentication.Web.Core.BackgroundGetTokenTask.ClassId.WebAccountProvider did not register with DCOM within the required timeout.</Message><Level>Error</Level><Task></Task><Opcode>Info</Opcode><Channel></Channel><Provider>Microsoft-Windows-DistributedCOM</Provider><Keywords><Keyword>Classic</Keyword></Keywords></RenderingInfo></Event><Event xmlns='http://schemas.microsoft.com/win/2004/08/events/event'><System><Provider Name='Service Control Manager' Guid='{555908d1-a6d7-4695-8e1e-26931d2012f4}' EventSourceName='Service Control Manager'/><EventID Qualifiers='16384'>7040</EventID><Version>0</Version><Level>4</Level><Task>0</Task><Opcode>0</Opcode><Keywords>0x8080000000000000</Keywords><TimeCreated SystemTime='2025-08-24T09:42:45.5160502Z'/><EventRecordID>3161251</EventRecordID><Correlation/><Execution ProcessID='716' ThreadID='340'/><Channel>System</Channel><Computer>ARROW-PROEJCTS</Computer><Security UserID='S-1-5-18'/></System><EventData><Data Name='param1'>Background Intelligent Transfer Service</Data><Data Name='param2'>auto start</Data><Data Name='param3'>demand start</Data><Data Name='param4'>BITS</Data></EventData><RenderingInfo Culture='en-SG'><Message>The start type of the Background Intelligent Transfer Service service was changed from auto start to demand start.</Message><Level>Information</Level><Task></Task><Opcode></Opcode><Channel></Channel><Provider>Microsoft-Windows-Service Control Manager</Provider><Keywords><Keyword>Classic</Keyword></Keywords></RenderingInfo></Event><Event xmlns='http://schemas.microsoft.com/win/2004/08/events/event'><System><Provider Name='Service Control Manager' Guid='{555908d1-a6d7-4695-8e1e-26931d2012f4}' EventSourceName='Service Control Manager'/><EventID Qualifiers='16384'>7040</EventID><Version>0</Version><Level>4</Level><Task>0</Task><Opcode>0</Opcode><Keywords>0x8080000000000000</Keywords><TimeCreated SystemTime='2025-08-24T09:40:33.0132922Z'/><EventRecordID>3161250</EventRecordID><Correlation/><Execution ProcessID='716' ThreadID='3060'/><Channel>System</Channel><Computer>ARROW-PROEJCTS</Computer><Security UserID='S-1-5-18'/></System><EventData><Data Name='param1'>Background Intelligent Transfer Service</Data><Data Name='param2'>demand start</Data><Data Name='param3'>auto start</Data><Data Name='param4'>BITS</Data></EventData><RenderingInfo Culture='en-SG'><Message>The start type of the Background Intelligent Transfer Service service was changed from demand start to auto start.</Message><Level>Information</Level><Task></Task><Opcode></Opcode><Channel></Channel><Provider>Microsoft-Windows-Service Control Manager</Provider><Keywords><Keyword>Classic</Keyword></Keywords></RenderingInfo></Event><Event xmlns='http://schemas.microsoft.com/win/2004/08/events/event'><System><Provider Name='Microsoft-Windows-WAS' Guid='{524B5D04-133C-4A62-8362-64E8EDB9CE40}' EventSourceName='WAS'/><EventID Qualifiers='16384'>5186</EventID><Version>0</Version><Level>4</Level><Task>0</Task><Opcode>0</Opcode><Keywords>0x80000000000000</Keywords><TimeCreated SystemTime='2025-08-24T09:29:12.2056279Z'/><EventRecordID>3161249</EventRecordID><Correlation/><Execution ProcessID='0' ThreadID='0'/><Channel>System</Channel><Computer>ARROW-PROEJCTS</Computer><Security/></System><EventData><Data Name='ProcessID'>18820</Data><Data Name='AppPoolID'>acrm</Data><Data Name='Minutes'>20</Data></EventData><RenderingInfo Culture='en-SG'><Message>A worker process with process id of '18820' serving application pool 'acrm' was shutdown due to inactivity.  Application Pool timeout configuration was set to 20 minutes.  A new worker process will be started when needed.</Message><Level>Information</Level><Task></Task><Opcode></Opcode><Channel></Channel><Provider>Microsoft-Windows-WAS</Provider><Keywords><Keyword>Classic</Keyword></Keywords></RenderingInfo></Event><Event xmlns='http://schemas.microsoft.com/win/2004/08/events/event'><System><Provider Name='Microsoft-Windows-DistributedCOM' Guid='{1B562E86-B7AA-4131-BADC-B6F3A001407E}' EventSourceName='DCOM'/><EventID Qualifiers='0'>10010</EventID><Version>0</Version><Level>2</Level><Task>0</Task><Opcode>0</Opcode><Keywords>0x8080000000000000</Keywords><TimeCreated SystemTime='2025-08-24T09:16:51.5906625Z'/><EventRecordID>3161248</EventRecordID><Correlation ActivityID='{2cd23b05-0961-41f0-b29f-82c5b7d22497}'/><Execution ProcessID='1016' ThreadID='19048'/><Channel>System</Channel><Computer>ARROW-PROEJCTS</Computer><Security UserID='S-1-5-21-2552682363-1415638892-1482416837-1001'/></System><EventData><Data Name='param1'>Microsoft.AAD.BrokerPlugin_1000.19041.4239.0_neutral_neutral_cw5n1h2txyewy!Windows.Security.Authentication.Web.Core.BackgroundGetTokenTask.ClassId.WebAccountProvider</Data></EventData><RenderingInfo Culture='en-SG'><Message>The server Microsoft.AAD.BrokerPlugin_1000.19041.4239.0_neutral_neutral_cw5n1h2txyewy!Windows.Security.Authentication.Web.Core.BackgroundGetTokenTask.ClassId.WebAccountProvider did not register with DCOM within the required timeout.</Message><Level>Error</Level><Task></Task><Opcode>Info</Opcode><Channel></Channel><Provider>Microsoft-Windows-DistributedCOM</Provider><Keywords><Keyword>Classic</Keyword></Keywords></RenderingInfo></Event><Event xmlns='http://schemas.microsoft.com/win/2004/08/events/event'><System><Provider Name='Microsoft-Windows-DistributedCOM' Guid='{1B562E86-B7AA-4131-BADC-B6F3A001407E}' EventSourceName='DCOM'/><EventID Qualifiers='0'>10010</EventID><Version>0</Version><Level>2</Level><Task>0</Task><Opcode>0</Opcode><Keywords>0x8080000000000000</Keywords><TimeCreated SystemTime='2025-08-24T09:07:54.3225305Z'/><EventRecordID>3161247</EventRecordID><Correlation ActivityID='{f6cafc8b-e3ec-4be9-b1db-41041f70298c}'/><Execution ProcessID='1016' ThreadID='4400'/><Channel>System</Channel><Computer>ARROW-PROEJCTS</Computer><Security UserID='S-1-5-21-2552682363-1415638892-1482416837-1001'/></System><EventData><Data Name='param1'>Microsoft.WindowsStore_22506.1401.10.0_x64__8wekyb3d8bbwe!App.AppX19ds9cm7f9evc4x8ayz8h1c2dprymvye.mca</Data></EventData><RenderingInfo Culture='en-SG'><Message>The server Microsoft.WindowsStore_22506.1401.10.0_x64__8wekyb3d8bbwe!App.AppX19ds9cm7f9evc4x8ayz8h1c2dprymvye.mca did not register with DCOM within the required timeout.</Message><Level>Error</Level><Task></Task><Opcode>Info</Opcode><Channel></Channel><Provider>Microsoft-Windows-DistributedCOM</Provider><Keywords><Keyword>Classic</Keyword></Keywords></RenderingInfo></Event><Event xmlns='http://schemas.microsoft.com/win/2004/08/events/event'><System><Provider Name='Microsoft-Windows-WAS' Guid='{524B5D04-133C-4A62-8362-64E8EDB9CE40}' EventSourceName='WAS'/><EventID Qualifiers='16384'>5186</EventID><Version>0</Version><Level>4</Level><Task>0</Task><Opcode>0</Opcode><Keywords>0x80000000000000</Keywords><TimeCreated SystemTime='2025-08-24T08:53:06.8842393Z'/><EventRecordID>3161246</EventRecordID><Correlation/><Execution ProcessID='0' ThreadID='0'/><Channel>System</Channel><Computer>ARROW-PROEJCTS</Computer><Security/></System><EventData><Data Name='ProcessID'>16180</Data><Data Name='AppPoolID'>acrm</Data><Data Name='Minutes'>20</Data></EventData><RenderingInfo Culture='en-SG'><Message>A worker process with process id of '16180' serving application pool 'acrm' was shutdown due to inactivity.  Application Pool timeout configuration was set to 20 minutes.  A new worker process will be started when needed.</Message><Level>Information</Level><Task></Task><Opcode></Opcode><Channel></Channel><Provider>Microsoft-Windows-WAS</Provider><Keywords><Keyword>Classic</Keyword></Keywords></RenderingInfo></Event><Event xmlns='http://schemas.microsoft.com/win/2004/08/events/event'><System><Provider Name='Service Control Manager' Guid='{555908d1-a6d7-4695-8e1e-26931d2012f4}' EventSourceName='Service Control Manager'/><EventID Qualifiers='16384'>7040</EventID><Version>0</Version><Level>4</Level><Task>0</Task><Opcode>0</Opcode><Keywords>0x8080000000000000</Keywords><TimeCreated SystemTime='2025-08-24T08:32:33.6646893Z'/><EventRecordID>3161245</EventRecordID><Correlation/><Execution ProcessID='716' ThreadID='14108'/><Channel>System</Channel><Computer>ARROW-PROEJCTS</Computer><Security UserID='S-1-5-21-2552682363-1415638892-1482416837-1001'/></System><EventData><Data Name='param1'>OpenSSH SSH Server</Data><Data Name='param2'>disabled</Data><Data Name='param3'>auto start</Data><Data Name='param4'>sshd</Data></EventData><RenderingInfo Culture='en-SG'><Message>The start type of the OpenSSH SSH Server service was changed from disabled to auto start.</Message><Level>Information</Level><Task></Task><Opcode></Opcode><Channel></Channel><Provider>Microsoft-Windows-Service Control Manager</Provider><Keywords><Keyword>Classic</Keyword></Keywords></RenderingInfo></Event><Event xmlns='http://schemas.microsoft.com/win/2004/08/events/event'><System><Provider Name='Microsoft-Windows-Kernel-General' Guid='{a68ca8b7-004f-d7b6-a698-07e2de0f1f5d}'/><EventID>16</EventID><Version>0</Version><Level>4</Level><Task>0</Task><Opcode>0</Opcode><Keywords>0x8000000000000000</Keywords><TimeCreated SystemTime='2025-08-24T08:30:06.1356989Z'/><EventRecordID>3161244</EventRecordID><Correlation/><Execution ProcessID='1912' ThreadID='7948'/><Channel>System</Channel><Computer>ARROW-PROEJCTS</Computer><Security UserID='S-1-5-18'/></System><EventData><Data Name='HiveNameLength'>62</Data><Data Name='HiveName'>\??\C:\Users\acrm\AppData\Local\Microsoft\Windows\UsrClass.dat</Data><Data Name='KeysUpdated'>7</Data><Data Name='DirtyPages'>1</Data></EventData><RenderingInfo Culture='en-SG'><Message>The access history in hive \??\C:\Users\acrm\AppData\Local\Microsoft\Windows\UsrClass.dat was cleared updating 7 keys and creating 1 modified pages.</Message><Level>Information</Level><Task></Task><Opcode>Info</Opcode><Channel>System</Channel><Provider>Microsoft-Windows-Kernel-General</Provider><Keywords></Keywords></RenderingInfo></Event><Event xmlns='http://schemas.microsoft.com/win/2004/08/events/event'><System><Provider Name='Microsoft-Windows-Kernel-General' Guid='{a68ca8b7-004f-d7b6-a698-07e2de0f1f5d}'/><EventID>16</EventID><Version>0</Version><Level>4</Level><Task>0</Task><Opcode>0</Opcode><Keywords>0x8000000000000000</Keywords><TimeCreated SystemTime='2025-08-24T08:30:06.0643354Z'/><EventRecordID>3161243</EventRecordID><Correlation/><Execution ProcessID='1912' ThreadID='7948'/><Channel>System</Channel><Computer>ARROW-PROEJCTS</Computer><Security UserID='S-1-5-18'/></System><EventData><Data Name='HiveNameLength'>28</Data><Data Name='HiveName'>\??\C:\Users\acrm\ntuser.dat</Data><Data Name='KeysUpdated'>39</Data><Data Name='DirtyPages'>13</Data></EventData><RenderingInfo Culture='en-SG'><Message>The access history in hive \??\C:\Users\acrm\ntuser.dat was cleared updating 39 keys and creating 13 modified pages.</Message><Level>Information</Level><Task></Task><Opcode>Info</Opcode><Channel>System</Channel><Provider>Microsoft-Windows-Kernel-General</Provider><Keywords></Keywords></RenderingInfo></Event><Event xmlns='http://schemas.microsoft.com/win/2004/08/events/event'><System><Provider Name='Microsoft-Windows-DistributedCOM' Guid='{1B562E86-B7AA-4131-BADC-B6F3A001407E}' EventSourceName='DCOM'/><EventID Qualifiers='0'>10010</EventID><Version>0</Version><Level>2</Level><Task>0</Task><Opcode>0</Opcode><Keywords>0x8080000000000000</Keywords><TimeCreated SystemTime='2025-08-24T08:26:00.8867600Z'/><EventRecordID>3161242</EventRecordID><Correlation ActivityID='{671a1620-ed7e-4fb2-90f2-144e184184db}'/><Execution ProcessID='1016' ThreadID='17924'/><Channel>System</Channel><Computer>ARROW-PROEJCTS</Computer><Security UserID='S-1-5-21-2552682363-1415638892-1482416837-1001'/></System><EventData><Data Name='param1'>Microsoft.StorePurchaseApp_22506.1401.4.0_x64__8wekyb3d8bbwe!App.AppXh68f74x901gdx01kwdh3szc5yp7bnmah.mca</Data></EventData><RenderingInfo Culture='en-SG'><Message>The server Microsoft.StorePurchaseApp_22506.1401.4.0_x64__8wekyb3d8bbwe!App.AppXh68f74x901gdx01kwdh3szc5yp7bnmah.mca did not register with DCOM within the required timeout.</Message><Level>Error</Level><Task></Task><Opcode>Info</Opcode><Channel></Channel><Provider>Microsoft-Windows-DistributedCOM</Provider><Keywords><Keyword>Classic</Keyword></Keywords></RenderingInfo></Event><Event xmlns='http://schemas.microsoft.com/win/2004/08/events/event'><System><Provider Name='Microsoft-Windows-DistributedCOM' Guid='{1B562E86-B7AA-4131-BADC-B6F3A001407E}' EventSourceName='DCOM'/><EventID Qualifiers='0'>10010</EventID><Version>0</Version><Level>2</Level><Task>0</Task><Opcode>0</Opcode><Keywords>0x8080000000000000</Keywords><TimeCreated SystemTime='2025-08-24T08:22:44.6611562Z'/><EventRecordID>3161241</EventRecordID><Correlation ActivityID='{0b628fbd-58bd-479d-988d-91eae07edefe}'/><Execution ProcessID='1016' ThreadID='8648'/><Channel>System</Channel><Computer>ARROW-PROEJCTS</Computer><Security UserID='S-1-5-21-2552682363-1415638892-1482416837-1001'/></System><EventData><Data Name='param1'>Microsoft.Windows.Search_1.14.17.19041_neutral_neutral_cw5n1h2txyewy!CortanaUI.AppX49we79s9ab0xp8xpjb6t6g31ep03r71y.mca</Data></EventData><RenderingInfo Culture='en-SG'><Message>The server Microsoft.Windows.Search_1.14.17.19041_neutral_neutral_cw5n1h2txyewy!CortanaUI.AppX49we79s9ab0xp8xpjb6t6g31ep03r71y.mca did not register with DCOM within the required timeout.</Message><Level>Error</Level><Task></Task><Opcode>Info</Opcode><Channel></Channel><Provider>Microsoft-Windows-DistributedCOM</Provider><Keywords><Keyword>Classic</Keyword></Keywords></RenderingInfo></Event><Event xmlns='http://schemas.microsoft.com/win/2004/08/events/event'><System><Provider Name='Microsoft-Windows-DistributedCOM' Guid='{1B562E86-B7AA-4131-BADC-B6F3A001407E}' EventSourceName='DCOM'/><EventID Qualifiers='0'>10010</EventID><Version>0</Version><Level>2</Level><Task>0</Task><Opcode>0</Opcode><Keywords>0x8080000000000000</Keywords><TimeCreated SystemTime='2025-08-24T08:16:51.6626424Z'/><EventRecordID>3161240</EventRecordID><Correlation ActivityID='{db0eb1e9-ed02-4e1c-8af0-0fd302c90e84}'/><Execution ProcessID='1016' ThreadID='2608'/><Channel>System</Channel><Computer>ARROW-PROEJCTS</Computer><Security UserID='S-1-5-21-2552682363-1415638892-1482416837-1001'/></System><EventData><Data Name='param1'>Microsoft.AAD.BrokerPlugin_1000.19041.4239.0_neutral_neutral_cw5n1h2txyewy!Windows.Security.Authentication.Web.Core.BackgroundGetTokenTask.ClassId.WebAccountProvider</Data></EventData><RenderingInfo Culture='en-SG'><Message>The server Microsoft.AAD.BrokerPlugin_1000.19041.4239.0_neutral_neutral_cw5n1h2txyewy!Windows.Security.Authentication.Web.Core.BackgroundGetTokenTask.ClassId.WebAccountProvider did not register with DCOM within the required timeout.</Message><Level>Error</Level><Task></Task><Opcode>Info</Opcode><Channel></Channel><Provider>Microsoft-Windows-DistributedCOM</Provider><Keywords><Keyword>Classic</Keyword></Keywords></RenderingInfo></Event><Event xmlns='http://schemas.microsoft.com/win/2004/08/events/event'><System><Provider Name='Microsoft-Windows-WAS' Guid='{524B5D04-133C-4A62-8362-64E8EDB9CE40}' EventSourceName='WAS'/><EventID Qualifiers='16384'>5186</EventID><Version>0</Version><Level>4</Level><Task>0</Task><Opcode>0</Opcode><Keywords>0x80000000000000</Keywords><TimeCreated SystemTime='2025-08-24T08:06:01.9719985Z'/><EventRecordID>3161239</EventRecordID><Correlation/><Execution ProcessID='0' ThreadID='0'/><Channel>System</Channel><Computer>ARROW-PROEJCTS</Computer><Security/></System><EventData><Data Name='ProcessID'>4248</Data><Data Name='AppPoolID'>Arrowcrest.Invitation.Api</Data><Data Name='Minutes'>20</Data></EventData><RenderingInfo Culture='en-SG'><Message>A worker process with process id of '4248' serving application pool 'Arrowcrest.Invitation.Api' was shutdown due to inactivity.  Application Pool timeout configuration was set to 20 minutes.  A new worker process will be started when needed.</Message><Level>Information</Level><Task></Task><Opcode></Opcode><Channel></Channel><Provider>Microsoft-Windows-WAS</Provider><Keywords><Keyword>Classic</Keyword></Keywords></RenderingInfo></Event><Event xmlns='http://schemas.microsoft.com/win/2004/08/events/event'><System><Provider Name='Microsoft-Windows-DistributedCOM' Guid='{1B562E86-B7AA-4131-BADC-B6F3A001407E}' EventSourceName='DCOM'/><EventID Qualifiers='0'>10010</EventID><Version>0</Version><Level>2</Level><Task>0</Task><Opcode>0</Opcode><Keywords>0x8080000000000000</Keywords><TimeCreated SystemTime='2025-08-24T07:16:51.8576121Z'/><EventRecordID>3161238</EventRecordID><Correlation ActivityID='{4ec7fa4f-b11a-4884-af75-833a50b0f489}'/><Execution ProcessID='1016' ThreadID='1892'/><Channel>System</Channel><Computer>ARROW-PROEJCTS</Computer><Security UserID='S-1-5-21-2552682363-1415638892-1482416837-1001'/></System><EventData><Data Name='param1'>Microsoft.AAD.BrokerPlugin_1000.19041.4239.0_neutral_neutral_cw5n1h2txyewy!Windows.Security.Authentication.Web.Core.BackgroundGetTokenTask.ClassId.WebAccountProvider</Data></EventData><RenderingInfo Culture='en-SG'><Message>The server Microsoft.AAD.BrokerPlugin_1000.19041.4239.0_neutral_neutral_cw5n1h2txyewy!Windows.Security.Authentication.Web.Core.BackgroundGetTokenTask.ClassId.WebAccountProvider did not register with DCOM within the required timeout.</Message><Level>Error</Level><Task></Task><Opcode>Info</Opcode><Channel></Channel><Provider>Microsoft-Windows-DistributedCOM</Provider><Keywords><Keyword>Classic</Keyword></Keywords></RenderingInfo></Event><Event xmlns='http://schemas.microsoft.com/win/2004/08/events/event'><System><Provider Name='Microsoft-Windows-DistributedCOM' Guid='{1B562E86-B7AA-4131-BADC-B6F3A001407E}' EventSourceName='DCOM'/><EventID Qualifiers='0'>10010</EventID><Version>0</Version><Level>2</Level><Task>0</Task><Opcode>0</Opcode><Keywords>0x8080000000000000</Keywords><TimeCreated SystemTime='2025-08-24T06:16:52.2259701Z'/><EventRecordID>3161237</EventRecordID><Correlation ActivityID='{469064a0-1dce-4ebb-a2a6-6b73fea119e6}'/><Execution ProcessID='1016' ThreadID='18196'/><Channel>System</Channel><Computer>ARROW-PROEJCTS</Computer><Security UserID='S-1-5-21-2552682363-1415638892-1482416837-1001'/></System><EventData><Data Name='param1'>Microsoft.AAD.BrokerPlugin_1000.19041.4239.0_neutral_neutral_cw5n1h2txyewy!Windows.Security.Authentication.Web.Core.BackgroundGetTokenTask.ClassId.WebAccountProvider</Data></EventData><RenderingInfo Culture='en-SG'><Message>The server Microsoft.AAD.BrokerPlugin_1000.19041.4239.0_neutral_neutral_cw5n1h2txyewy!Windows.Security.Authentication.Web.Core.BackgroundGetTokenTask.ClassId.WebAccountProvider did not register with DCOM within the required timeout.</Message><Level>Error</Level><Task></Task><Opcode>Info</Opcode><Channel></Channel><Provider>Microsoft-Windows-DistributedCOM</Provider><Keywords><Keyword>Classic</Keyword></Keywords></RenderingInfo></Event><Event xmlns='http://schemas.microsoft.com/win/2004/08/events/event'><System><Provider Name='Microsoft-Windows-WindowsUpdateClient' Guid='{945a8954-c147-4acd-923f-40c45405a658}'/><EventID>20</EventID><Version>1</Version><Level>2</Level><Task>1</Task><Opcode>13</Opcode><Keywords>0x8000000000000028</Keywords><TimeCreated SystemTime='2025-08-24T06:14:03.4561899Z'/><EventRecordID>3161236</EventRecordID><Correlation ActivityID='{f920090f-04ff-0001-00f4-22faff04dc01}'/><Execution ProcessID='9064' ThreadID='17516'/><Channel>System</Channel><Computer>ARROW-PROEJCTS</Computer><Security UserID='S-1-5-18'/></System><EventData><Data Name='errorCode'>0x80073d02</Data><Data Name='updateTitle'>9NHT9RB2F4HD-Microsoft.Copilot</Data><Data Name='updateGuid'>{d97e741d-7299-4eb6-9165-b56e1e2f56aa}</Data><Data Name='updateRevisionNumber'>1</Data><Data Name='serviceGuid'>{855e8a7c-ecb4-4ca3-b045-1dfa50104289}</Data></EventData><RenderingInfo Culture='en-SG'><Message>Installation Failure: Windows failed to install the following update with error 0x80073D02: 9NHT9RB2F4HD-Microsoft.Copilot.</Message><Level>Error</Level><Task>Windows Update Agent</Task><Opcode>Installation</Opcode><Channel>System</Channel><Provider>Microsoft-Windows-WindowsUpdateClient</Provider><Keywords><Keyword>Installation</Keyword><Keyword>Failure</Keyword></Keywords></RenderingInfo></Event><Event xmlns='http://schemas.microsoft.com/win/2004/08/events/event'><System><Provider Name='Microsoft-Windows-WindowsUpdateClient' Guid='{945a8954-c147-4acd-923f-40c45405a658}'/><EventID>43</EventID><Version>1</Version><Level>4</Level><Task>1</Task><Opcode>13</Opcode><Keywords>0x8000000000002008</Keywords><TimeCreated SystemTime='2025-08-24T06:13:59.8872467Z'/><EventRecordID>3161235</EventRecordID><Correlation/><Execution ProcessID='9064' ThreadID='17516'/><Channel>System</Channel><Computer>ARROW-PROEJCTS</Computer><Security UserID='S-1-5-18'/></System><EventData><Data Name='updateTitle'>9NHT9RB2F4HD-Microsoft.Copilot</Data><Data Name='updateGuid'>{d97e741d-7299-4eb6-9165-b56e1e2f56aa}</Data><Data Name='updateRevisionNumber'>1</Data></EventData><RenderingInfo Culture='en-SG'><Message>Installation Started: Windows has started installing the following update: 9NHT9RB2F4HD-Microsoft.Copilot</Message><Level>Information</Level><Task>Windows Update Agent</Task><Opcode>Installation</Opcode><Channel>System</Channel><Provider>Microsoft-Windows-WindowsUpdateClient</Provider><Keywords><Keyword>Installation</Keyword><Keyword>Started</Keyword></Keywords></RenderingInfo></Event><Event xmlns='http://schemas.microsoft.com/win/2004/08/events/event'><System><Provider Name='Microsoft-Windows-WindowsUpdateClient' Guid='{945a8954-c147-4acd-923f-40c45405a658}'/><EventID>44</EventID><Version>1</Version><Level>4</Level><Task>1</Task><Opcode>12</Opcode><Keywords>0x8000000000002004</Keywords><TimeCreated SystemTime='2025-08-24T06:13:53.3096775Z'/><EventRecordID>3161234</EventRecordID><Correlation/><Execution ProcessID='9064' ThreadID='17324'/><Channel>System</Channel><Computer>ARROW-PROEJCTS</Computer><Security UserID='S-1-5-18'/></System><EventData><Data Name='updateTitle'>9NHT9RB2F4HD-Microsoft.Copilot</Data><Data Name='updateGuid'>{d97e741d-7299-4eb6-9165-b56e1e2f56aa}</Data><Data Name='updateRevisionNumber'>1</Data></EventData><RenderingInfo Culture='en-SG'><Message>Windows Update started downloading an update.</Message><Level>Information</Level><Task>Windows Update Agent</Task><Opcode>Download</Opcode><Channel>System</Channel><Provider>Microsoft-Windows-WindowsUpdateClient</Provider><Keywords><Keyword>Download</Keyword><Keyword>Started</Keyword></Keywords></RenderingInfo></Event><Event xmlns='http://schemas.microsoft.com/win/2004/08/events/event'><System><Provider Name='Microsoft-Windows-DistributedCOM' Guid='{1B562E86-B7AA-4131-BADC-B6F3A001407E}' EventSourceName='DCOM'/><EventID Qualifiers='0'>10010</EventID><Version>0</Version><Level>2</Level><Task>0</Task><Opcode>0</Opcode><Keywords>0x8080000000000000</Keywords><TimeCreated SystemTime='2025-08-24T06:09:45.4197279Z'/><EventRecordID>3161233</EventRecordID><Correlation ActivityID='{101d9e76-b6e0-4f9e-b3ee-55270810e616}'/><Execution ProcessID='1016' ThreadID='18196'/><Channel>System</Channel><Computer>ARROW-PROEJCTS</Computer><Security UserID='S-1-5-21-2552682363-1415638892-1482416837-1001'/></System><EventData><Data Name='param1'>Microsoft.StorePurchaseApp_22506.1401.4.0_x64__8wekyb3d8bbwe!App.AppXh68f74x901gdx01kwdh3szc5yp7bnmah.mca</Data></EventData><RenderingInfo Culture='en-SG'><Message>The server Microsoft.StorePurchaseApp_22506.1401.4.0_x64__8wekyb3d8bbwe!App.AppXh68f74x901gdx01kwdh3szc5yp7bnmah.mca did not register with DCOM within the required timeout.</Message><Level>Error</Level><Task></Task><Opcode>Info</Opcode><Channel></Channel><Provider>Microsoft-Windows-DistributedCOM</Provider><Keywords><Keyword>Classic</Keyword></Keywords></RenderingInfo></Event><Event xmlns='http://schemas.microsoft.com/win/2004/08/events/event'><System><Provider Name='Service Control Manager' Guid='{555908d1-a6d7-4695-8e1e-26931d2012f4}' EventSourceName='Service Control Manager'/><EventID Qualifiers='16384'>7040</EventID><Version>0</Version><Level>4</Level><Task>0</Task><Opcode>0</Opcode><Keywords>0x8080000000000000</Keywords><TimeCreated SystemTime='2025-08-24T06:07:04.3548918Z'/><EventRecordID>3161232</EventRecordID><Correlation/><Execution ProcessID='716' ThreadID='18724'/><Channel>System</Channel><Computer>ARROW-PROEJCTS</Computer><Security UserID='S-1-5-21-2552682363-1415638892-1482416837-1001'/></System><EventData><Data Name='param1'>OpenSSH SSH Server</Data><Data Name='param2'>auto start</Data><Data Name='param3'>disabled</Data><Data Name='param4'>sshd</Data></EventData><RenderingInfo Culture='en-SG'><Message>The start type of the OpenSSH SSH Server service was changed from auto start to disabled.</Message><Level>Information</Level><Task></Task><Opcode></Opcode><Channel></Channel><Provider>Microsoft-Windows-Service Control Manager</Provider><Keywords><Keyword>Classic</Keyword></Keywords></RenderingInfo></Event><Event xmlns='http://schemas.microsoft.com/win/2004/08/events/event'><System><Provider Name='Service Control Manager' Guid='{555908d1-a6d7-4695-8e1e-26931d2012f4}' EventSourceName='Service Control Manager'/><EventID Qualifiers='16384'>7040</EventID><Version>0</Version><Level>4</Level><Task>0</Task><Opcode>0</Opcode><Keywords>0x8080000000000000</Keywords><TimeCreated SystemTime='2025-08-24T06:05:09.2847005Z'/><EventRecordID>3161231</EventRecordID><Correlation/><Execution ProcessID='716' ThreadID='19220'/><Channel>System</Channel><Computer>ARROW-PROEJCTS</Computer><Security UserID='S-1-5-21-2552682363-1415638892-1482416837-1001'/></System><EventData><Data Name='param1'>OpenSSH SSH Server</Data><Data Name='param2'>disabled</Data><Data Name='param3'>auto start</Data><Data Name='param4'>sshd</Data></EventData><RenderingInfo Culture='en-SG'><Message>The start type of the OpenSSH SSH Server service was changed from disabled to auto start.</Message><Level>Information</Level><Task></Task><Opcode></Opcode><Channel></Channel><Provider>Microsoft-Windows-Service Control Manager</Provider><Keywords><Keyword>Classic</Keyword></Keywords></RenderingInfo></Event><Event xmlns='http://schemas.microsoft.com/win/2004/08/events/event'><System><Provider Name='Microsoft-Windows-WAS' Guid='{524B5D04-133C-4A62-8362-64E8EDB9CE40}' EventSourceName='WAS'/><EventID Qualifiers='16384'>5186</EventID><Version>0</Version><Level>4</Level><Task>0</Task><Opcode>0</Opcode><Keywords>0x80000000000000</Keywords><TimeCreated SystemTime='2025-08-24T06:03:14.6385723Z'/><EventRecordID>3161230</EventRecordID><Correlation/><Execution ProcessID='0' ThreadID='0'/><Channel>System</Channel><Computer>ARROW-PROEJCTS</Computer><Security/></System><EventData><Data Name='ProcessID'>17728</Data><Data Name='AppPoolID'>Arrowcrest.Invitation.Api</Data><Data Name='Minutes'>20</Data></EventData><RenderingInfo Culture='en-SG'><Message>A worker process with process id of '17728' serving application pool 'Arrowcrest.Invitation.Api' was shutdown due to inactivity.  Application Pool timeout configuration was set to 20 minutes.  A new worker process will be started when needed.</Message><Level>Information</Level><Task></Task><Opcode></Opcode><Channel></Channel><Provider>Microsoft-Windows-WAS</Provider><Keywords><Keyword>Classic</Keyword></Keywords></RenderingInfo></Event><Event xmlns='http://schemas.microsoft.com/win/2004/08/events/event'><System><Provider Name='Service Control Manager' Guid='{555908d1-a6d7-4695-8e1e-26931d2012f4}' EventSourceName='Service Control Manager'/><EventID Qualifiers='16384'>7040</EventID><Version>0</Version><Level>4</Level><Task>0</Task><Opcode>0</Opcode><Keywords>0x8080000000000000</Keywords><TimeCreated SystemTime='2025-08-24T05:45:40.9968476Z'/><EventRecordID>3161229</EventRecordID><Correlation/><Execution ProcessID='716' ThreadID='19080'/><Channel>System</Channel><Computer>ARROW-PROEJCTS</Computer><Security UserID='S-1-5-21-2552682363-1415638892-1482416837-1001'/></System><EventData><Data Name='param1'>OpenSSH SSH Server</Data><Data Name='param2'>auto start</Data><Data Name='param3'>disabled</Data><Data Name='param4'>sshd</Data></EventData><RenderingInfo Culture='en-SG'><Message>The start type of the OpenSSH SSH Server service was changed from auto start to disabled.</Message><Level>Information</Level><Task></Task><Opcode></Opcode><Channel></Channel><Provider>Microsoft-Windows-Service Control Manager</Provider><Keywords><Keyword>Classic</Keyword></Keywords></RenderingInfo></Event><Event xmlns='http://schemas.microsoft.com/win/2004/08/events/event'><System><Provider Name='Microsoft-Windows-DistributedCOM' Guid='{1B562E86-B7AA-4131-BADC-B6F3A001407E}' EventSourceName='DCOM'/><EventID Qualifiers='0'>10010</EventID><Version>0</Version><Level>2</Level><Task>0</Task><Opcode>0</Opcode><Keywords>0x8080000000000000</Keywords><TimeCreated SystemTime='2025-08-24T05:42:27.6990059Z'/><EventRecordID>3161228</EventRecordID><Correlation ActivityID='{13b0c6d4-37e7-4119-a876-9efcd27f3c8b}'/><Execution ProcessID='1016' ThreadID='16644'/><Channel>System</Channel><Computer>ARROW-PROEJCTS</Computer><Security UserID='S-1-5-21-2552682363-1415638892-1482416837-1001'/></System><EventData><Data Name='param1'>Microsoft.AAD.BrokerPlugin_1000.19041.4239.0_neutral_neutral_cw5n1h2txyewy!Windows.Security.Authentication.Web.Core.BackgroundGetTokenTask.ClassId.WebAccountProvider</Data></EventData><RenderingInfo Culture='en-SG'><Message>The server Microsoft.AAD.BrokerPlugin_1000.19041.4239.0_neutral_neutral_cw5n1h2txyewy!Windows.Security.Authentication.Web.Core.BackgroundGetTokenTask.ClassId.WebAccountProvider did not register with DCOM within the required timeout.</Message><Level>Error</Level><Task></Task><Opcode>Info</Opcode><Channel></Channel><Provider>Microsoft-Windows-DistributedCOM</Provider><Keywords><Keyword>Classic</Keyword></Keywords></RenderingInfo></Event><Event xmlns='http://schemas.microsoft.com/win/2004/08/events/event'><System><Provider Name='Microsoft-Windows-DistributedCOM' Guid='{1B562E86-B7AA-4131-BADC-B6F3A001407E}' EventSourceName='DCOM'/><EventID Qualifiers='0'>10010</EventID><Version>0</Version><Level>2</Level><Task>0</Task><Opcode>0</Opcode><Keywords>0x8080000000000000</Keywords><TimeCreated SystemTime='2025-08-24T05:42:23.3430074Z'/><EventRecordID>3161227</EventRecordID><Correlation ActivityID='{22d7010c-f3b9-4689-9829-2cb5763a2688}'/><Execution ProcessID='1016' ThreadID='16644'/><Channel>System</Channel><Computer>ARROW-PROEJCTS</Computer><Security UserID='S-1-5-21-2552682363-1415638892-1482416837-1001'/></System><EventData><Data Name='param1'>Microsoft.AAD.BrokerPlugin_1000.19041.4239.0_neutral_neutral_cw5n1h2txyewy!Windows.Security.Authentication.Web.Core.BackgroundGetTokenTask.ClassId.WebAccountProvider</Data></EventData><RenderingInfo Culture='en-SG'><Message>The server Microsoft.AAD.BrokerPlugin_1000.19041.4239.0_neutral_neutral_cw5n1h2txyewy!Windows.Security.Authentication.Web.Core.BackgroundGetTokenTask.ClassId.WebAccountProvider did not register with DCOM within the required timeout.</Message><Level>Error</Level><Task></Task><Opcode>Info</Opcode><Channel></Channel><Provider>Microsoft-Windows-DistributedCOM</Provider><Keywords><Keyword>Classic</Keyword></Keywords></RenderingInfo></Event><Event xmlns='http://schemas.microsoft.com/win/2004/08/events/event'><System><Provider Name='Microsoft-Windows-DistributedCOM' Guid='{1B562E86-B7AA-4131-BADC-B6F3A001407E}' EventSourceName='DCOM'/><EventID Qualifiers='0'>10010</EventID><Version>0</Version><Level>2</Level><Task>0</Task><Opcode>0</Opcode><Keywords>0x8080000000000000</Keywords><TimeCreated SystemTime='2025-08-24T05:42:19.0290008Z'/><EventRecordID>3161226</EventRecordID><Correlation ActivityID='{d589137e-3d27-4767-b6f4-630657007022}'/><Execution ProcessID='1016' ThreadID='16928'/><Channel>System</Channel><Computer>ARROW-PROEJCTS</Computer><Security UserID='S-1-5-21-2552682363-1415638892-1482416837-1001'/></System><EventData><Data Name='param1'>Microsoft.AAD.BrokerPlugin_1000.19041.4239.0_neutral_neutral_cw5n1h2txyewy!Windows.Security.Authentication.Web.Core.BackgroundGetTokenTask.ClassId.WebAccountProvider</Data></EventData><RenderingInfo Culture='en-SG'><Message>The server Microsoft.AAD.BrokerPlugin_1000.19041.4239.0_neutral_neutral_cw5n1h2txyewy!Windows.Security.Authentication.Web.Core.BackgroundGetTokenTask.ClassId.WebAccountProvider did not register with DCOM within the required timeout.</Message><Level>Error</Level><Task></Task><Opcode>Info</Opcode><Channel></Channel><Provider>Microsoft-Windows-DistributedCOM</Provider><Keywords><Keyword>Classic</Keyword></Keywords></RenderingInfo></Event><Event xmlns='http://schemas.microsoft.com/win/2004/08/events/event'><System><Provider Name='Schannel' Guid='{1f678132-5938-4686-9fdc-c8ff68f15c85}'/><EventID>36882</EventID><Version>0</Version><Level>2</Level><Task>0</Task><Opcode>0</Opcode><Keywords>0x8000000000000000</Keywords><TimeCreated SystemTime='2025-08-24T05:42:17.2557261Z'/><EventRecordID>3161225</EventRecordID><Correlation ActivityID='{f920090f-04ff-0001-260a-20f9ff04dc01}'/><Execution ProcessID='724' ThreadID='2084'/><Channel>System</Channel><Computer>ARROW-PROEJCTS</Computer><Security UserID='S-1-5-21-2552682363-1415638892-1482416837-1001'/></System><EventData><Binary>30820300308201E8A00302010202101EC8E20CDC1044994094B2D29E4AE4F9300D06092A864886F70D01010B0500303B3139303706035504031E3000530053004C005F00530065006C0066005F005300690067006E00650064005F00460061006C006C006200610063006B3020170D3235303830343035323535315A180F32303535303830343035323535315A303B3139303706035504031E3000530053004C005F00530065006C0066005F005300690067006E00650064005F00460061006C006C006200610063006B30820122300D06092A864886F70D01010105000382010F003082010A0282010100BE5EA8CF13CE43E52844CCC3E14F977CC475766D81FA03899F457F7E2E407D1161012A0BCF989205A97C63BE34B82650FF6ED01CCDDD670B136C7BEAE7295DC94269D7A6690DFB9B4DC2E4247CA09009031428C389A440DB94348A895CABD98F30A8A4D2A69E1BA791F50D95C1A7495B4647B1FF61EAE21EC22C44A28639FF20B4FFC3500F0F671AD6508BCF5CDF9AEB675E365ED6E281BA84C6504780BE1E9F577F13FB9DC3A8FEB2A866985DF2FFDA491581CD916B055D118D81404DD673AA1E329F94927E5BACA3C2495DEC1F8DA06CD25FAC971BCF43665FDB2E67298594CA582F69BDC4886603F242A563181D4A6250855FB07FAC04418197131D7183910203010001300D06092A864886F70D01010B050003820101000E0FA44C649346E2676F5BD6ED95A85C53C1F62C5B4F19E5D203ED92E6A2EE994579015B3210ABDB5A1E5478C21BEE13AB2925F0A546812795FD06CE49304C04366F818627051AFFD2FE443F03C9853DBC6DEB9B87F016CC09795CAF3F10B2968E7CEF660EA689B7364B678F8148967630D70C55A872FF18A379888519900DE433E263C862416AABEF344618423DD93E2912274BCC4480B81D8EF4E2AF3CD7E485F606DBCB50B6920C45A59CDBAA51D3960C5D4ADE3781EEBE2825A7C644DFA6AEA3D8D1908CF0889E02752FC5EBEF54DFF9176560C78ECA80D07544DF8F81BDC8A81111FAD00E5D0A49DC2CC378E90C20CE475F6B77679CF58030FCB3C0F273</Binary></EventData><RenderingInfo Culture='en-SG'><Message>The certificate received from the remote server was issued by an untrusted certificate authority. Because of this, none of the data contained in the certificate can be validated. The TLS connection request has failed. The attached data contains the server certificate.</Message><Level>Error</Level><Task></Task><Opcode>Info</Opcode><Channel>System</Channel><Provider></Provider><Keywords></Keywords></RenderingInfo></Event><Event xmlns='http://schemas.microsoft.com/win/2004/08/events/event'><System><Provider Name='Microsoft-Windows-DistributedCOM' Guid='{1B562E86-B7AA-4131-BADC-B6F3A001407E}' EventSourceName='DCOM'/><EventID Qualifiers='0'>10010</EventID><Version>0</Version><Level>2</Level><Task>0</Task><Opcode>0</Opcode><Keywords>0x8080000000000000</Keywords><TimeCreated SystemTime='2025-08-24T05:42:13.7607112Z'/><EventRecordID>3161224</EventRecordID><Correlation ActivityID='{a62ccb92-87c6-43b2-a259-4da9d653dc8b}'/><Execution ProcessID='1016' ThreadID='8648'/><Channel>System</Channel><Computer>ARROW-PROEJCTS</Computer><Security UserID='S-1-5-21-2552682363-1415638892-1482416837-1001'/></System><EventData><Data Name='param1'>Microsoft.AAD.BrokerPlugin_1000.19041.4239.0_neutral_neutral_cw5n1h2txyewy!Windows.Security.Authentication.Web.Core.BackgroundGetTokenTask.ClassId.WebAccountProvider</Data></EventData><RenderingInfo Culture='en-SG'><Message>The server Microsoft.AAD.BrokerPlugin_1000.19041.4239.0_neutral_neutral_cw5n1h2txyewy!Windows.Security.Authentication.Web.Core.BackgroundGetTokenTask.ClassId.WebAccountProvider did not register with DCOM within the required timeout.</Message><Level>Error</Level><Task></Task><Opcode>Info</Opcode><Channel></Channel><Provider>Microsoft-Windows-DistributedCOM</Provider><Keywords><Keyword>Classic</Keyword></Keywords></RenderingInfo></Event><Event xmlns='http://schemas.microsoft.com/win/2004/08/events/event'><System><Provider Name='Microsoft-Windows-DistributedCOM' Guid='{1B562E86-B7AA-4131-BADC-B6F3A001407E}' EventSourceName='DCOM'/><EventID Qualifiers='0'>10010</EventID><Version>0</Version><Level>2</Level><Task>0</Task><Opcode>0</Opcode><Keywords>0x8080000000000000</Keywords><TimeCreated SystemTime='2025-08-24T05:42:07.3928083Z'/><EventRecordID>3161223</EventRecordID><Correlation ActivityID='{50976dce-b509-4dc0-9031-79e41dffddbf}'/><Execution ProcessID='1016' ThreadID='16928'/><Channel>System</Channel><Computer>ARROW-PROEJCTS</Computer><Security UserID='S-1-5-21-2552682363-1415638892-1482416837-1001'/></System><EventData><Data Name='param1'>Microsoft.AAD.BrokerPlugin_1000.19041.4239.0_neutral_neutral_cw5n1h2txyewy!Windows.Security.Authentication.Web.Core.BackgroundGetTokenTask.ClassId.WebAccountProvider</Data></EventData><RenderingInfo Culture='en-SG'><Message>The server Microsoft.AAD.BrokerPlugin_1000.19041.4239.0_neutral_neutral_cw5n1h2txyewy!Windows.Security.Authentication.Web.Core.BackgroundGetTokenTask.ClassId.WebAccountProvider did not register with DCOM within the required timeout.</Message><Level>Error</Level><Task></Task><Opcode>Info</Opcode><Channel></Channel><Provider>Microsoft-Windows-DistributedCOM</Provider><Keywords><Keyword>Classic</Keyword></Keywords></RenderingInfo></Event><Event xmlns='http://schemas.microsoft.com/win/2004/08/events/event'><System><Provider Name='Microsoft-Windows-DistributedCOM' Guid='{1B562E86-B7AA-4131-BADC-B6F3A001407E}' EventSourceName='DCOM'/><EventID Qualifiers='0'>10010</EventID><Version>0</Version><Level>2</Level><Task>0</Task><Opcode>0</Opcode><Keywords>0x8080000000000000</Keywords><TimeCreated SystemTime='2025-08-24T05:42:02.6717800Z'/><EventRecordID>3161222</EventRecordID><Correlation ActivityID='{9709a467-f653-4413-ad9c-56e2a8533e30}'/><Execution ProcessID='1016' ThreadID='16928'/><Channel>System</Channel><Computer>ARROW-PROEJCTS</Computer><Security UserID='S-1-5-21-2552682363-1415638892-1482416837-1001'/></System><EventData><Data Name='param1'>Microsoft.AAD.BrokerPlugin_1000.19041.4239.0_neutral_neutral_cw5n1h2txyewy!Windows.Security.Authentication.Web.Core.BackgroundGetTokenTask.ClassId.WebAccountProvider</Data></EventData><RenderingInfo Culture='en-SG'><Message>The server Microsoft.AAD.BrokerPlugin_1000.19041.4239.0_neutral_neutral_cw5n1h2txyewy!Windows.Security.Authentication.Web.Core.BackgroundGetTokenTask.ClassId.WebAccountProvider did not register with DCOM within the required timeout.</Message><Level>Error</Level><Task></Task><Opcode>Info</Opcode><Channel></Channel><Provider>Microsoft-Windows-DistributedCOM</Provider><Keywords><Keyword>Classic</Keyword></Keywords></RenderingInfo></Event><Event xmlns='http://schemas.microsoft.com/win/2004/08/events/event'><System><Provider Name='Microsoft-Windows-DistributedCOM' Guid='{1B562E86-B7AA-4131-BADC-B6F3A001407E}' EventSourceName='DCOM'/><EventID Qualifiers='0'>10010</EventID><Version>0</Version><Level>2</Level><Task>0</Task><Opcode>0</Opcode><Keywords>0x8080000000000000</Keywords><TimeCreated SystemTime='2025-08-24T05:41:54.8570136Z'/><EventRecordID>3161221</EventRecordID><Correlation ActivityID='{db3cb736-76d0-47db-8618-673ba04fd009}'/><Execution ProcessID='1016' ThreadID='8648'/><Channel>System</Channel><Computer>ARROW-PROEJCTS</Computer><Security UserID='S-1-5-21-2552682363-1415638892-1482416837-1001'/></System><EventData><Data Name='param1'>Microsoft.AAD.BrokerPlugin_1000.19041.4239.0_neutral_neutral_cw5n1h2txyewy!Windows.Security.Authentication.Web.Core.BackgroundGetTokenTask.ClassId.WebAccountProvider</Data></EventData><RenderingInfo Culture='en-SG'><Message>The server Microsoft.AAD.BrokerPlugin_1000.19041.4239.0_neutral_neutral_cw5n1h2txyewy!Windows.Security.Authentication.Web.Core.BackgroundGetTokenTask.ClassId.WebAccountProvider did not register with DCOM within the required timeout.</Message><Level>Error</Level><Task></Task><Opcode>Info</Opcode><Channel></Channel><Provider>Microsoft-Windows-DistributedCOM</Provider><Keywords><Keyword>Classic</Keyword></Keywords></RenderingInfo></Event><Event xmlns='http://schemas.microsoft.com/win/2004/08/events/event'><System><Provider Name='Service Control Manager' Guid='{555908d1-a6d7-4695-8e1e-26931d2012f4}' EventSourceName='Service Control Manager'/><EventID Qualifiers='16384'>7040</EventID><Version>0</Version><Level>4</Level><Task>0</Task><Opcode>0</Opcode><Keywords>0x8080000000000000</Keywords><TimeCreated SystemTime='2025-08-24T05:38:51.8019914Z'/><EventRecordID>3161220</EventRecordID><Correlation/><Execution ProcessID='716' ThreadID='8480'/><Channel>System</Channel><Computer>ARROW-PROEJCTS</Computer><Security UserID='S-1-5-21-2552682363-1415638892-1482416837-1001'/></System><EventData><Data Name='param1'>OpenSSH SSH Server</Data><Data Name='param2'>demand start</Data><Data Name='param3'>auto start</Data><Data Name='param4'>sshd</Data></EventData><RenderingInfo Culture='en-SG'><Message>The start type of the OpenSSH SSH Server service was changed from demand start to auto start.</Message><Level>Information</Level><Task></Task><Opcode></Opcode><Channel></Channel><Provider>Microsoft-Windows-Service Control Manager</Provider><Keywords><Keyword>Classic</Keyword></Keywords></RenderingInfo></Event><Event xmlns='http://schemas.microsoft.com/win/2004/08/events/event'><System><Provider Name='Microsoft-Windows-DistributedCOM' Guid='{1B562E86-B7AA-4131-BADC-B6F3A001407E}' EventSourceName='DCOM'/><EventID Qualifiers='0'>10010</EventID><Version>0</Version><Level>2</Level><Task>0</Task><Opcode>0</Opcode><Keywords>0x8080000000000000</Keywords><TimeCreated SystemTime='2025-08-24T05:32:53.7694157Z'/><EventRecordID>3161219</EventRecordID><Correlation ActivityID='{d77df457-1c11-43ef-9969-b7123915f087}'/><Execution ProcessID='1016' ThreadID='8648'/><Channel>System</Channel><Computer>ARROW-PROEJCTS</Computer><Security UserID='S-1-5-21-2552682363-1415638892-1482416837-1001'/></System><EventData><Data Name='param1'>Microsoft.Windows.ContentDeliveryManager_10.0.19041.4239_neutral_neutral_cw5n1h2txyewy!App.AppXadns4p0eqjaenk2bd16aj0cypbrs3e5w.mca</Data></EventData><RenderingInfo Culture='en-SG'><Message>The server Microsoft.Windows.ContentDeliveryManager_10.0.19041.4239_neutral_neutral_cw5n1h2txyewy!App.AppXadns4p0eqjaenk2bd16aj0cypbrs3e5w.mca did not register with DCOM within the required timeout.</Message><Level>Error</Level><Task></Task><Opcode>Info</Opcode><Channel></Channel><Provider>Microsoft-Windows-DistributedCOM</Provider><Keywords><Keyword>Classic</Keyword></Keywords></RenderingInfo></Event><Event xmlns='http://schemas.microsoft.com/win/2004/08/events/event'><System><Provider Name='Microsoft-Windows-DistributedCOM' Guid='{1B562E86-B7AA-4131-BADC-B6F3A001407E}' EventSourceName='DCOM'/><EventID Qualifiers='0'>10010</EventID><Version>0</Version><Level>2</Level><Task>0</Task><Opcode>0</Opcode><Keywords>0x8080000000000000</Keywords><TimeCreated SystemTime='2025-08-24T05:32:32.8697210Z'/><EventRecordID>3161218</EventRecordID><Correlation ActivityID='{8d03948f-8b47-48c8-936c-e67e678e5e0d}'/><Execution ProcessID='1016' ThreadID='6952'/><Channel>System</Channel><Computer>ARROW-PROEJCTS</Computer><Security UserID='S-1-5-21-2552682363-1415638892-1482416837-1001'/></System><EventData><Data Name='param1'>Microsoft.StorePurchaseApp_22506.1401.4.0_x64__8wekyb3d8bbwe!App.AppXh68f74x901gdx01kwdh3szc5yp7bnmah.mca</Data></EventData><RenderingInfo Culture='en-SG'><Message>The server Microsoft.StorePurchaseApp_22506.1401.4.0_x64__8wekyb3d8bbwe!App.AppXh68f74x901gdx01kwdh3szc5yp7bnmah.mca did not register with DCOM within the required timeout.</Message><Level>Error</Level><Task></Task><Opcode>Info</Opcode><Channel></Channel><Provider>Microsoft-Windows-DistributedCOM</Provider><Keywords><Keyword>Classic</Keyword></Keywords></RenderingInfo></Event><Event xmlns='http://schemas.microsoft.com/win/2004/08/events/event'><System><Provider Name='Microsoft-Windows-DistributedCOM' Guid='{1B562E86-B7AA-4131-BADC-B6F3A001407E}' EventSourceName='DCOM'/><EventID Qualifiers='0'>10016</EventID><Version>0</Version><Level>3</Level><Task>0</Task><Opcode>0</Opcode><Keywords>0x8080000000000000</Keywords><TimeCreated SystemTime='2025-08-24T05:32:26.4891895Z'/><EventRecordID>3161217</EventRecordID><Correlation ActivityID='{650fd041-a965-401e-b519-93f9a16812a9}'/><Execution ProcessID='1016' ThreadID='6952'/><Channel>System</Channel><Computer>ARROW-PROEJCTS</Computer><Security UserID='S-1-5-21-2552682363-1415638892-1482416837-1001'/></System><EventData><Data Name='param1'>machine-default</Data><Data Name='param2'>Local</Data><Data Name='param3'>Activation</Data><Data Name='param4'>{C2F03A33-21F5-47FA-B4BB-156362A2F239}</Data><Data Name='param5'>{316CDED5-E4AE-4B15-9113-7055D84DCC97}</Data><Data Name='param6'>ARROW-PROEJCTS</Data><Data Name='param7'>Arrowcrest</Data><Data Name='param8'>S-1-5-21-2552682363-1415638892-1482416837-1001</Data><Data Name='param9'>LocalHost (Using LRPC)</Data><Data Name='param10'>Microsoft.Windows.ShellExperienceHost_10.0.19041.5072_neutral_neutral_cw5n1h2txyewy</Data><Data Name='param11'>S-1-15-2-155514346-2573954481-755741238-1654018636-1233331829-3075935687-2861478708</Data></EventData></Event>