<Event xmlns='http://schemas.microsoft.com/win/2004/08/events/event'><System><Provider Name='Microsoft-Windows-DistributedCOM' Guid='{1B562E86-B7AA-4131-BADC-B6F3A001407E}' EventSourceName='DCOM'/><EventID Qualifiers='0'>10010</EventID><Version>0</Version><Level>2</Level><Task>0</Task><Opcode>0</Opcode><Keywords>0x8080000000000000</Keywords><TimeCreated SystemTime='2025-09-01T04:18:22.9349160Z'/><EventRecordID>3162329</EventRecordID><Correlation ActivityID='{db7fec26-472f-44fa-b49c-a93f322e386b}'/><Execution ProcessID='1016' ThreadID='12588'/><Channel>System</Channel><Computer>ARROW-PROEJCTS</Computer><Security UserID='S-1-5-21-2552682363-1415638892-1482416837-1001'/></System><EventData><Data Name='param1'>Microsoft.StorePurchaseApp_22506.1401.4.0_x64__8wekyb3d8bbwe!App.AppXh68f74x901gdx01kwdh3szc5yp7bnmah.mca</Data></EventData><RenderingInfo Culture='en-SG'><Message>The server Microsoft.StorePurchaseApp_22506.1401.4.0_x64__8wekyb3d8bbwe!App.AppXh68f74x901gdx01kwdh3szc5yp7bnmah.mca did not register with DCOM within the required timeout.</Message><Level>Error</Level><Task></Task><Opcode>Info</Opcode><Channel></Channel><Provider>Microsoft-Windows-DistributedCOM</Provider><Keywords><Keyword>Classic</Keyword></Keywords></RenderingInfo></Event><Event xmlns='http://schemas.microsoft.com/win/2004/08/events/event'><System><Provider Name='EventLog'/><EventID Qualifiers='32768'>6013</EventID><Version>0</Version><Level>4</Level><Task>0</Task><Opcode>0</Opcode><Keywords>0x80000000000000</Keywords><TimeCreated SystemTime='2025-09-01T04:00:00.7375967Z'/><EventRecordID>3162328</EventRecordID><Correlation/><Execution ProcessID='0' ThreadID='0'/><Channel>System</Channel><Computer>ARROW-PROEJCTS</Computer><Security/></System><EventData><Data></Data><Data></Data><Data></Data><Data></Data><Data>2414165</Data><Data>60</Data><Data>-480 Malay Peninsula Standard Time</Data><Binary>31002E003100000030000000570069006E0064006F00770073002000310030002000500072006F000000310030002E0030002E003100390030003400350020004200750069006C0064002000310039003000340035002000200000004D0075006C0074006900700072006F0063006500730073006F007200200046007200650065000000310039003000340031002E00760062005F00720065006C0065006100730065002E003100390031003200300036002D00310034003000360000003600300034003700310065003600320000004E006F007400200041007600610069006C00610062006C00650000004E006F007400200041007600610069006C00610062006C006500000039000000320000003800310037003600000034003000390000004100520052004F0057002D00500052004F0045004A0043005400530000000000</Binary></EventData><RenderingInfo Culture='en-SG'><Message>The system uptime is 2414165 seconds.</Message><Level>Information</Level><Task></Task><Opcode></Opcode><Channel></Channel><Provider></Provider><Keywords><Keyword>Classic</Keyword></Keywords></RenderingInfo></Event><Event xmlns='http://schemas.microsoft.com/win/2004/08/events/event'><System><Provider Name='Microsoft-Windows-DistributedCOM' Guid='{1B562E86-B7AA-4131-BADC-B6F3A001407E}' EventSourceName='DCOM'/><EventID Qualifiers='0'>10010</EventID><Version>0</Version><Level>2</Level><Task>0</Task><Opcode>0</Opcode><Keywords>0x8080000000000000</Keywords><TimeCreated SystemTime='2025-09-01T03:36:36.2921157Z'/><EventRecordID>3162327</EventRecordID><Correlation ActivityID='{3f6cdc2d-8a7b-42f1-8692-311c690382db}'/><Execution ProcessID='1016' ThreadID='3200'/><Channel>System</Channel><Computer>ARROW-PROEJCTS</Computer><Security UserID='S-1-5-21-2552682363-1415638892-1482416837-1001'/></System><EventData><Data Name='param1'>Microsoft.AAD.BrokerPlugin_1000.19041.4239.0_neutral_neutral_cw5n1h2txyewy!Windows.Security.Authentication.Web.Core.BackgroundGetTokenTask.ClassId.WebAccountProvider</Data></EventData><RenderingInfo Culture='en-SG'><Message>The server Microsoft.AAD.BrokerPlugin_1000.19041.4239.0_neutral_neutral_cw5n1h2txyewy!Windows.Security.Authentication.Web.Core.BackgroundGetTokenTask.ClassId.WebAccountProvider did not register with DCOM within the required timeout.</Message><Level>Error</Level><Task></Task><Opcode>Info</Opcode><Channel></Channel><Provider>Microsoft-Windows-DistributedCOM</Provider><Keywords><Keyword>Classic</Keyword></Keywords></RenderingInfo></Event><Event xmlns='http://schemas.microsoft.com/win/2004/08/events/event'><System><Provider Name='Microsoft-Windows-WAS' Guid='{524B5D04-133C-4A62-8362-64E8EDB9CE40}' EventSourceName='WAS'/><EventID Qualifiers='16384'>5186</EventID><Version>0</Version><Level>4</Level><Task>0</Task><Opcode>0</Opcode><Keywords>0x80000000000000</Keywords><TimeCreated SystemTime='2025-09-01T03:35:45.2981177Z'/><EventRecordID>3162326</EventRecordID><Correlation/><Execution ProcessID='0' ThreadID='0'/><Channel>System</Channel><Computer>ARROW-PROEJCTS</Computer><Security/></System><EventData><Data Name='ProcessID'>8800</Data><Data Name='AppPoolID'>acrm</Data><Data Name='Minutes'>20</Data></EventData><RenderingInfo Culture='en-SG'><Message>A worker process with process id of '8800' serving application pool 'acrm' was shutdown due to inactivity.  Application Pool timeout configuration was set to 20 minutes.  A new worker process will be started when needed.</Message><Level>Information</Level><Task></Task><Opcode></Opcode><Channel></Channel><Provider>Microsoft-Windows-WAS</Provider><Keywords><Keyword>Classic</Keyword></Keywords></RenderingInfo></Event><Event xmlns='http://schemas.microsoft.com/win/2004/08/events/event'><System><Provider Name='Microsoft-Windows-DistributedCOM' Guid='{1B562E86-B7AA-4131-BADC-B6F3A001407E}' EventSourceName='DCOM'/><EventID Qualifiers='0'>10010</EventID><Version>0</Version><Level>2</Level><Task>0</Task><Opcode>0</Opcode><Keywords>0x8080000000000000</Keywords><TimeCreated SystemTime='2025-09-01T03:30:46.6498559Z'/><EventRecordID>3162325</EventRecordID><Correlation ActivityID='{c05abee1-5010-43c8-9f76-f50aea165876}'/><Execution ProcessID='1016' ThreadID='17528'/><Channel>System</Channel><Computer>ARROW-PROEJCTS</Computer><Security UserID='S-1-5-21-2552682363-1415638892-1482416837-1001'/></System><EventData><Data Name='param1'>Microsoft.AAD.BrokerPlugin_1000.19041.4239.0_neutral_neutral_cw5n1h2txyewy!Windows.Security.Authentication.Web.Core.BackgroundGetTokenTask.ClassId.WebAccountProvider</Data></EventData><RenderingInfo Culture='en-SG'><Message>The server Microsoft.AAD.BrokerPlugin_1000.19041.4239.0_neutral_neutral_cw5n1h2txyewy!Windows.Security.Authentication.Web.Core.BackgroundGetTokenTask.ClassId.WebAccountProvider did not register with DCOM within the required timeout.</Message><Level>Error</Level><Task></Task><Opcode>Info</Opcode><Channel></Channel><Provider>Microsoft-Windows-DistributedCOM</Provider><Keywords><Keyword>Classic</Keyword></Keywords></RenderingInfo></Event><Event xmlns='http://schemas.microsoft.com/win/2004/08/events/event'><System><Provider Name='Microsoft-Windows-DistributedCOM' Guid='{1B562E86-B7AA-4131-BADC-B6F3A001407E}' EventSourceName='DCOM'/><EventID Qualifiers='0'>10010</EventID><Version>0</Version><Level>2</Level><Task>0</Task><Opcode>0</Opcode><Keywords>0x8080000000000000</Keywords><TimeCreated SystemTime='2025-09-01T03:30:36.9300242Z'/><EventRecordID>3162324</EventRecordID><Correlation ActivityID='{afe6d6cf-61c3-4785-88ea-54d37b20c81f}'/><Execution ProcessID='1016' ThreadID='18788'/><Channel>System</Channel><Computer>ARROW-PROEJCTS</Computer><Security UserID='S-1-5-21-2552682363-1415638892-1482416837-1001'/></System><EventData><Data Name='param1'>Microsoft.AAD.BrokerPlugin_1000.19041.4239.0_neutral_neutral_cw5n1h2txyewy!Windows.Security.Authentication.Web.Core.BackgroundGetTokenTask.ClassId.WebAccountProvider</Data></EventData><RenderingInfo Culture='en-SG'><Message>The server Microsoft.AAD.BrokerPlugin_1000.19041.4239.0_neutral_neutral_cw5n1h2txyewy!Windows.Security.Authentication.Web.Core.BackgroundGetTokenTask.ClassId.WebAccountProvider did not register with DCOM within the required timeout.</Message><Level>Error</Level><Task></Task><Opcode>Info</Opcode><Channel></Channel><Provider>Microsoft-Windows-DistributedCOM</Provider><Keywords><Keyword>Classic</Keyword></Keywords></RenderingInfo></Event><Event xmlns='http://schemas.microsoft.com/win/2004/08/events/event'><System><Provider Name='Microsoft-Windows-DistributedCOM' Guid='{1B562E86-B7AA-4131-BADC-B6F3A001407E}' EventSourceName='DCOM'/><EventID Qualifiers='0'>10010</EventID><Version>0</Version><Level>2</Level><Task>0</Task><Opcode>0</Opcode><Keywords>0x8080000000000000</Keywords><TimeCreated SystemTime='2025-09-01T03:30:32.7677204Z'/><EventRecordID>3162323</EventRecordID><Correlation ActivityID='{59202aa4-4756-461b-a71c-ab2187114384}'/><Execution ProcessID='1016' ThreadID='13028'/><Channel>System</Channel><Computer>ARROW-PROEJCTS</Computer><Security UserID='S-1-5-21-2552682363-1415638892-1482416837-1001'/></System><EventData><Data Name='param1'>Microsoft.AAD.BrokerPlugin_1000.19041.4239.0_neutral_neutral_cw5n1h2txyewy!Windows.Security.Authentication.Web.Core.BackgroundGetTokenTask.ClassId.WebAccountProvider</Data></EventData><RenderingInfo Culture='en-SG'><Message>The server Microsoft.AAD.BrokerPlugin_1000.19041.4239.0_neutral_neutral_cw5n1h2txyewy!Windows.Security.Authentication.Web.Core.BackgroundGetTokenTask.ClassId.WebAccountProvider did not register with DCOM within the required timeout.</Message><Level>Error</Level><Task></Task><Opcode>Info</Opcode><Channel></Channel><Provider>Microsoft-Windows-DistributedCOM</Provider><Keywords><Keyword>Classic</Keyword></Keywords></RenderingInfo></Event><Event xmlns='http://schemas.microsoft.com/win/2004/08/events/event'><System><Provider Name='Microsoft-Windows-DistributedCOM' Guid='{1B562E86-B7AA-4131-BADC-B6F3A001407E}' EventSourceName='DCOM'/><EventID Qualifiers='0'>10010</EventID><Version>0</Version><Level>2</Level><Task>0</Task><Opcode>0</Opcode><Keywords>0x8080000000000000</Keywords><TimeCreated SystemTime='2025-09-01T03:30:27.3540300Z'/><EventRecordID>3162322</EventRecordID><Correlation ActivityID='{7e4f9d75-de39-42e1-85d7-a2a519380395}'/><Execution ProcessID='1016' ThreadID='18788'/><Channel>System</Channel><Computer>ARROW-PROEJCTS</Computer><Security UserID='S-1-5-21-2552682363-1415638892-1482416837-1001'/></System><EventData><Data Name='param1'>Microsoft.AAD.BrokerPlugin_1000.19041.4239.0_neutral_neutral_cw5n1h2txyewy!Windows.Security.Authentication.Web.Core.BackgroundGetTokenTask.ClassId.WebAccountProvider</Data></EventData><RenderingInfo Culture='en-SG'><Message>The server Microsoft.AAD.BrokerPlugin_1000.19041.4239.0_neutral_neutral_cw5n1h2txyewy!Windows.Security.Authentication.Web.Core.BackgroundGetTokenTask.ClassId.WebAccountProvider did not register with DCOM within the required timeout.</Message><Level>Error</Level><Task></Task><Opcode>Info</Opcode><Channel></Channel><Provider>Microsoft-Windows-DistributedCOM</Provider><Keywords><Keyword>Classic</Keyword></Keywords></RenderingInfo></Event><Event xmlns='http://schemas.microsoft.com/win/2004/08/events/event'><System><Provider Name='Microsoft-Windows-DistributedCOM' Guid='{1B562E86-B7AA-4131-BADC-B6F3A001407E}' EventSourceName='DCOM'/><EventID Qualifiers='0'>10010</EventID><Version>0</Version><Level>2</Level><Task>0</Task><Opcode>0</Opcode><Keywords>0x8080000000000000</Keywords><TimeCreated SystemTime='2025-09-01T03:26:12.9497313Z'/><EventRecordID>3162321</EventRecordID><Correlation ActivityID='{91d27822-3454-4da2-b518-8f03dd8572e9}'/><Execution ProcessID='1016' ThreadID='13028'/><Channel>System</Channel><Computer>ARROW-PROEJCTS</Computer><Security UserID='S-1-5-21-2552682363-1415638892-1482416837-1001'/></System><EventData><Data Name='param1'>Microsoft.AAD.BrokerPlugin_1000.19041.4239.0_neutral_neutral_cw5n1h2txyewy!Windows.Security.Authentication.Web.Core.BackgroundGetTokenTask.ClassId.WebAccountProvider</Data></EventData><RenderingInfo Culture='en-SG'><Message>The server Microsoft.AAD.BrokerPlugin_1000.19041.4239.0_neutral_neutral_cw5n1h2txyewy!Windows.Security.Authentication.Web.Core.BackgroundGetTokenTask.ClassId.WebAccountProvider did not register with DCOM within the required timeout.</Message><Level>Error</Level><Task></Task><Opcode>Info</Opcode><Channel></Channel><Provider>Microsoft-Windows-DistributedCOM</Provider><Keywords><Keyword>Classic</Keyword></Keywords></RenderingInfo></Event><Event xmlns='http://schemas.microsoft.com/win/2004/08/events/event'><System><Provider Name='Microsoft-Windows-DistributedCOM' Guid='{1B562E86-B7AA-4131-BADC-B6F3A001407E}' EventSourceName='DCOM'/><EventID Qualifiers='0'>10010</EventID><Version>0</Version><Level>2</Level><Task>0</Task><Opcode>0</Opcode><Keywords>0x8080000000000000</Keywords><TimeCreated SystemTime='2025-09-01T03:20:34.7371038Z'/><EventRecordID>3162320</EventRecordID><Correlation ActivityID='{febcfffa-0c6d-4e6a-ad02-9428fc98ad0f}'/><Execution ProcessID='1016' ThreadID='11564'/><Channel>System</Channel><Computer>ARROW-PROEJCTS</Computer><Security UserID='S-1-5-21-2552682363-1415638892-1482416837-1001'/></System><EventData><Data Name='param1'>Microsoft.AAD.BrokerPlugin_1000.19041.4239.0_neutral_neutral_cw5n1h2txyewy!Windows.Security.Authentication.Web.Core.BackgroundGetTokenTask.ClassId.WebAccountProvider</Data></EventData><RenderingInfo Culture='en-SG'><Message>The server Microsoft.AAD.BrokerPlugin_1000.19041.4239.0_neutral_neutral_cw5n1h2txyewy!Windows.Security.Authentication.Web.Core.BackgroundGetTokenTask.ClassId.WebAccountProvider did not register with DCOM within the required timeout.</Message><Level>Error</Level><Task></Task><Opcode>Info</Opcode><Channel></Channel><Provider>Microsoft-Windows-DistributedCOM</Provider><Keywords><Keyword>Classic</Keyword></Keywords></RenderingInfo></Event><Event xmlns='http://schemas.microsoft.com/win/2004/08/events/event'><System><Provider Name='Microsoft-Windows-WAS' Guid='{524B5D04-133C-4A62-8362-64E8EDB9CE40}' EventSourceName='WAS'/><EventID Qualifiers='16384'>5186</EventID><Version>0</Version><Level>4</Level><Task>0</Task><Opcode>0</Opcode><Keywords>0x80000000000000</Keywords><TimeCreated SystemTime='2025-09-01T03:07:53.8596056Z'/><EventRecordID>3162319</EventRecordID><Correlation/><Execution ProcessID='0' ThreadID='0'/><Channel>System</Channel><Computer>ARROW-PROEJCTS</Computer><Security/></System><EventData><Data Name='ProcessID'>13908</Data><Data Name='AppPoolID'>Arrowcrest.Invitation.Api</Data><Data Name='Minutes'>20</Data></EventData><RenderingInfo Culture='en-SG'><Message>A worker process with process id of '13908' serving application pool 'Arrowcrest.Invitation.Api' was shutdown due to inactivity.  Application Pool timeout configuration was set to 20 minutes.  A new worker process will be started when needed.</Message><Level>Information</Level><Task></Task><Opcode></Opcode><Channel></Channel><Provider>Microsoft-Windows-WAS</Provider><Keywords><Keyword>Classic</Keyword></Keywords></RenderingInfo></Event><Event xmlns='http://schemas.microsoft.com/win/2004/08/events/event'><System><Provider Name='Microsoft-Windows-DistributedCOM' Guid='{1B562E86-B7AA-4131-BADC-B6F3A001407E}' EventSourceName='DCOM'/><EventID Qualifiers='0'>10010</EventID><Version>0</Version><Level>2</Level><Task>0</Task><Opcode>0</Opcode><Keywords>0x8080000000000000</Keywords><TimeCreated SystemTime='2025-09-01T02:36:40.1733857Z'/><EventRecordID>3162318</EventRecordID><Correlation ActivityID='{f3695091-937e-45db-b37c-12c68b9eb753}'/><Execution ProcessID='1016' ThreadID='8744'/><Channel>System</Channel><Computer>ARROW-PROEJCTS</Computer><Security UserID='S-1-5-21-2552682363-1415638892-1482416837-1001'/></System><EventData><Data Name='param1'>Microsoft.AAD.BrokerPlugin_1000.19041.4239.0_neutral_neutral_cw5n1h2txyewy!Windows.Security.Authentication.Web.Core.BackgroundGetTokenTask.ClassId.WebAccountProvider</Data></EventData><RenderingInfo Culture='en-SG'><Message>The server Microsoft.AAD.BrokerPlugin_1000.19041.4239.0_neutral_neutral_cw5n1h2txyewy!Windows.Security.Authentication.Web.Core.BackgroundGetTokenTask.ClassId.WebAccountProvider did not register with DCOM within the required timeout.</Message><Level>Error</Level><Task></Task><Opcode>Info</Opcode><Channel></Channel><Provider>Microsoft-Windows-DistributedCOM</Provider><Keywords><Keyword>Classic</Keyword></Keywords></RenderingInfo></Event><Event xmlns='http://schemas.microsoft.com/win/2004/08/events/event'><System><Provider Name='Microsoft-Windows-DistributedCOM' Guid='{1B562E86-B7AA-4131-BADC-B6F3A001407E}' EventSourceName='DCOM'/><EventID Qualifiers='0'>10010</EventID><Version>0</Version><Level>2</Level><Task>0</Task><Opcode>0</Opcode><Keywords>0x8080000000000000</Keywords><TimeCreated SystemTime='2025-09-01T02:36:37.1733896Z'/><EventRecordID>3162317</EventRecordID><Correlation ActivityID='{d5afd8d9-0dca-4bc2-b4e7-c95450ef6e2d}'/><Execution ProcessID='1016' ThreadID='17596'/><Channel>System</Channel><Computer>ARROW-PROEJCTS</Computer><Security UserID='S-1-5-21-2552682363-1415638892-1482416837-1001'/></System><EventData><Data Name='param1'>Microsoft.AAD.BrokerPlugin_1000.19041.4239.0_neutral_neutral_cw5n1h2txyewy!Windows.Security.Authentication.Web.Core.BackgroundGetTokenTask.ClassId.WebAccountProvider</Data></EventData><RenderingInfo Culture='en-SG'><Message>The server Microsoft.AAD.BrokerPlugin_1000.19041.4239.0_neutral_neutral_cw5n1h2txyewy!Windows.Security.Authentication.Web.Core.BackgroundGetTokenTask.ClassId.WebAccountProvider did not register with DCOM within the required timeout.</Message><Level>Error</Level><Task></Task><Opcode>Info</Opcode><Channel></Channel><Provider>Microsoft-Windows-DistributedCOM</Provider><Keywords><Keyword>Classic</Keyword></Keywords></RenderingInfo></Event><Event xmlns='http://schemas.microsoft.com/win/2004/08/events/event'><System><Provider Name='Microsoft-Windows-DistributedCOM' Guid='{1B562E86-B7AA-4131-BADC-B6F3A001407E}' EventSourceName='DCOM'/><EventID Qualifiers='0'>10010</EventID><Version>0</Version><Level>2</Level><Task>0</Task><Opcode>0</Opcode><Keywords>0x8080000000000000</Keywords><TimeCreated SystemTime='2025-09-01T02:24:54.0481717Z'/><EventRecordID>3162316</EventRecordID><Correlation ActivityID='{ab10ea03-5f12-43e3-b1db-818df3c08a7e}'/><Execution ProcessID='1016' ThreadID='1516'/><Channel>System</Channel><Computer>ARROW-PROEJCTS</Computer><Security UserID='S-1-5-21-2552682363-1415638892-1482416837-1001'/></System><EventData><Data Name='param1'>Microsoft.Windows.Search_1.14.17.19041_neutral_neutral_cw5n1h2txyewy!CortanaUI.AppX49we79s9ab0xp8xpjb6t6g31ep03r71y.mca</Data></EventData><RenderingInfo Culture='en-SG'><Message>The server Microsoft.Windows.Search_1.14.17.19041_neutral_neutral_cw5n1h2txyewy!CortanaUI.AppX49we79s9ab0xp8xpjb6t6g31ep03r71y.mca did not register with DCOM within the required timeout.</Message><Level>Error</Level><Task></Task><Opcode>Info</Opcode><Channel></Channel><Provider>Microsoft-Windows-DistributedCOM</Provider><Keywords><Keyword>Classic</Keyword></Keywords></RenderingInfo></Event><Event xmlns='http://schemas.microsoft.com/win/2004/08/events/event'><System><Provider Name='Microsoft-Windows-DistributedCOM' Guid='{1B562E86-B7AA-4131-BADC-B6F3A001407E}' EventSourceName='DCOM'/><EventID Qualifiers='0'>10010</EventID><Version>0</Version><Level>2</Level><Task>0</Task><Opcode>0</Opcode><Keywords>0x8080000000000000</Keywords><TimeCreated SystemTime='2025-09-01T02:20:55.1419457Z'/><EventRecordID>3162315</EventRecordID><Correlation ActivityID='{6e9a3b42-2d00-4a87-99c1-34d4bc437932}'/><Execution ProcessID='1016' ThreadID='8712'/><Channel>System</Channel><Computer>ARROW-PROEJCTS</Computer><Security UserID='S-1-5-21-2552682363-1415638892-1482416837-1001'/></System><EventData><Data Name='param1'>Microsoft.Windows.ContentDeliveryManager_10.0.19041.4239_neutral_neutral_cw5n1h2txyewy!App.AppX76q4xtxwbj16z0zkyp0pnwtt6m850rvk.mca</Data></EventData><RenderingInfo Culture='en-SG'><Message>The server Microsoft.Windows.ContentDeliveryManager_10.0.19041.4239_neutral_neutral_cw5n1h2txyewy!App.AppX76q4xtxwbj16z0zkyp0pnwtt6m850rvk.mca did not register with DCOM within the required timeout.</Message><Level>Error</Level><Task></Task><Opcode>Info</Opcode><Channel></Channel><Provider>Microsoft-Windows-DistributedCOM</Provider><Keywords><Keyword>Classic</Keyword></Keywords></RenderingInfo></Event><Event xmlns='http://schemas.microsoft.com/win/2004/08/events/event'><System><Provider Name='Microsoft-Windows-DistributedCOM' Guid='{1B562E86-B7AA-4131-BADC-B6F3A001407E}' EventSourceName='DCOM'/><EventID Qualifiers='0'>10010</EventID><Version>0</Version><Level>2</Level><Task>0</Task><Opcode>0</Opcode><Keywords>0x8080000000000000</Keywords><TimeCreated SystemTime='2025-09-01T02:09:53.8700275Z'/><EventRecordID>3162314</EventRecordID><Correlation ActivityID='{1ba07c79-a471-46bd-8e0f-962339586ae1}'/><Execution ProcessID='1016' ThreadID='856'/><Channel>System</Channel><Computer>ARROW-PROEJCTS</Computer><Security UserID='S-1-5-21-2552682363-1415638892-1482416837-1001'/></System><EventData><Data Name='param1'>Microsoft.StorePurchaseApp_22506.1401.4.0_x64__8wekyb3d8bbwe!App.AppXh68f74x901gdx01kwdh3szc5yp7bnmah.mca</Data></EventData><RenderingInfo Culture='en-SG'><Message>The server Microsoft.StorePurchaseApp_22506.1401.4.0_x64__8wekyb3d8bbwe!App.AppXh68f74x901gdx01kwdh3szc5yp7bnmah.mca did not register with DCOM within the required timeout.</Message><Level>Error</Level><Task></Task><Opcode>Info</Opcode><Channel></Channel><Provider>Microsoft-Windows-DistributedCOM</Provider><Keywords><Keyword>Classic</Keyword></Keywords></RenderingInfo></Event><Event xmlns='http://schemas.microsoft.com/win/2004/08/events/event'><System><Provider Name='Microsoft-Windows-DistributedCOM' Guid='{1B562E86-B7AA-4131-BADC-B6F3A001407E}' EventSourceName='DCOM'/><EventID Qualifiers='0'>10010</EventID><Version>0</Version><Level>2</Level><Task>0</Task><Opcode>0</Opcode><Keywords>0x8080000000000000</Keywords><TimeCreated SystemTime='2025-09-01T01:36:35.1173630Z'/><EventRecordID>3162313</EventRecordID><Correlation ActivityID='{02e79012-3a12-4b7c-ad79-c3a65dcee5f0}'/><Execution ProcessID='1016' ThreadID='6032'/><Channel>System</Channel><Computer>ARROW-PROEJCTS</Computer><Security UserID='S-1-5-21-2552682363-1415638892-1482416837-1001'/></System><EventData><Data Name='param1'>Microsoft.AAD.BrokerPlugin_1000.19041.4239.0_neutral_neutral_cw5n1h2txyewy!Windows.Security.Authentication.Web.Core.BackgroundGetTokenTask.ClassId.WebAccountProvider</Data></EventData><RenderingInfo Culture='en-SG'><Message>The server Microsoft.AAD.BrokerPlugin_1000.19041.4239.0_neutral_neutral_cw5n1h2txyewy!Windows.Security.Authentication.Web.Core.BackgroundGetTokenTask.ClassId.WebAccountProvider did not register with DCOM within the required timeout.</Message><Level>Error</Level><Task></Task><Opcode>Info</Opcode><Channel></Channel><Provider>Microsoft-Windows-DistributedCOM</Provider><Keywords><Keyword>Classic</Keyword></Keywords></RenderingInfo></Event><Event xmlns='http://schemas.microsoft.com/win/2004/08/events/event'><System><Provider Name='Microsoft-Windows-DistributedCOM' Guid='{1B562E86-B7AA-4131-BADC-B6F3A001407E}' EventSourceName='DCOM'/><EventID Qualifiers='0'>10010</EventID><Version>0</Version><Level>2</Level><Task>0</Task><Opcode>0</Opcode><Keywords>0x8080000000000000</Keywords><TimeCreated SystemTime='2025-09-01T01:17:49.8043193Z'/><EventRecordID>3162312</EventRecordID><Correlation ActivityID='{83997b92-6771-448b-9435-9f1ee2abb936}'/><Execution ProcessID='1016' ThreadID='18104'/><Channel>System</Channel><Computer>ARROW-PROEJCTS</Computer><Security UserID='S-1-5-21-2552682363-1415638892-1482416837-1001'/></System><EventData><Data Name='param1'>Microsoft.AAD.BrokerPlugin_1000.19041.4239.0_neutral_neutral_cw5n1h2txyewy!Windows.Security.Authentication.Web.Core.BackgroundGetTokenTask.ClassId.WebAccountProvider</Data></EventData><RenderingInfo Culture='en-SG'><Message>The server Microsoft.AAD.BrokerPlugin_1000.19041.4239.0_neutral_neutral_cw5n1h2txyewy!Windows.Security.Authentication.Web.Core.BackgroundGetTokenTask.ClassId.WebAccountProvider did not register with DCOM within the required timeout.</Message><Level>Error</Level><Task></Task><Opcode>Info</Opcode><Channel></Channel><Provider>Microsoft-Windows-DistributedCOM</Provider><Keywords><Keyword>Classic</Keyword></Keywords></RenderingInfo></Event><Event xmlns='http://schemas.microsoft.com/win/2004/08/events/event'><System><Provider Name='Microsoft-Windows-DistributedCOM' Guid='{1B562E86-B7AA-4131-BADC-B6F3A001407E}' EventSourceName='DCOM'/><EventID Qualifiers='0'>10010</EventID><Version>0</Version><Level>2</Level><Task>0</Task><Opcode>0</Opcode><Keywords>0x8080000000000000</Keywords><TimeCreated SystemTime='2025-09-01T01:17:23.3377751Z'/><EventRecordID>3162311</EventRecordID><Correlation ActivityID='{59a9b47f-68f8-456f-b547-beb999483a75}'/><Execution ProcessID='1016' ThreadID='18104'/><Channel>System</Channel><Computer>ARROW-PROEJCTS</Computer><Security UserID='S-1-5-21-2552682363-1415638892-1482416837-1001'/></System><EventData><Data Name='param1'>Microsoft.AAD.BrokerPlugin_1000.19041.4239.0_neutral_neutral_cw5n1h2txyewy!Windows.Security.Authentication.Web.Core.BackgroundGetTokenTask.ClassId.WebAccountProvider</Data></EventData><RenderingInfo Culture='en-SG'><Message>The server Microsoft.AAD.BrokerPlugin_1000.19041.4239.0_neutral_neutral_cw5n1h2txyewy!Windows.Security.Authentication.Web.Core.BackgroundGetTokenTask.ClassId.WebAccountProvider did not register with DCOM within the required timeout.</Message><Level>Error</Level><Task></Task><Opcode>Info</Opcode><Channel></Channel><Provider>Microsoft-Windows-DistributedCOM</Provider><Keywords><Keyword>Classic</Keyword></Keywords></RenderingInfo></Event><Event xmlns='http://schemas.microsoft.com/win/2004/08/events/event'><System><Provider Name='Microsoft-Windows-Kernel-General' Guid='{a68ca8b7-004f-d7b6-a698-07e2de0f1f5d}'/><EventID>16</EventID><Version>0</Version><Level>4</Level><Task>0</Task><Opcode>0</Opcode><Keywords>0x8000000000000000</Keywords><TimeCreated SystemTime='2025-09-01T01:02:18.6678513Z'/><EventRecordID>3162310</EventRecordID><Correlation/><Execution ProcessID='900' ThreadID='18568'/><Channel>System</Channel><Computer>ARROW-PROEJCTS</Computer><Security UserID='S-1-5-18'/></System><EventData><Data Name='HiveNameLength'>168</Data><Data Name='HiveName'>\??\C:\ProgramData\Packages\Microsoft.WindowsTerminal_8wekyb3d8bbwe\S-1-5-21-2552682363-1415638892-1482416837-1001\SystemAppData\Helium\Cache\e59fd33af7a9be35_COM15.dat</Data><Data Name='KeysUpdated'>1</Data><Data Name='DirtyPages'>1</Data></EventData><RenderingInfo Culture='en-SG'><Message>The access history in hive \??\C:\ProgramData\Packages\Microsoft.WindowsTerminal_8wekyb3d8bbwe\S-1-5-21-2552682363-1415638892-1482416837-1001\SystemAppData\Helium\Cache\e59fd33af7a9be35_COM15.dat was cleared updating 1 keys and creating 1 modified pages.</Message><Level>Information</Level><Task></Task><Opcode>Info</Opcode><Channel>System</Channel><Provider>Microsoft-Windows-Kernel-General</Provider><Keywords></Keywords></RenderingInfo></Event><Event xmlns='http://schemas.microsoft.com/win/2004/08/events/event'><System><Provider Name='Microsoft-Windows-DistributedCOM' Guid='{1B562E86-B7AA-4131-BADC-B6F3A001407E}' EventSourceName='DCOM'/><EventID Qualifiers='0'>10010</EventID><Version>0</Version><Level>2</Level><Task>0</Task><Opcode>0</Opcode><Keywords>0x8080000000000000</Keywords><TimeCreated SystemTime='2025-09-01T00:51:42.2398143Z'/><EventRecordID>3162309</EventRecordID><Correlation ActivityID='{51c598a2-4639-4513-9e5b-4ad8674fd606}'/><Execution ProcessID='1016' ThreadID='9020'/><Channel>System</Channel><Computer>ARROW-PROEJCTS</Computer><Security UserID='S-1-5-21-2552682363-1415638892-1482416837-1001'/></System><EventData><Data Name='param1'>Microsoft.Windows.ContentDeliveryManager_10.0.19041.4239_neutral_neutral_cw5n1h2txyewy!App.AppXadns4p0eqjaenk2bd16aj0cypbrs3e5w.mca</Data></EventData><RenderingInfo Culture='en-SG'><Message>The server Microsoft.Windows.ContentDeliveryManager_10.0.19041.4239_neutral_neutral_cw5n1h2txyewy!App.AppXadns4p0eqjaenk2bd16aj0cypbrs3e5w.mca did not register with DCOM within the required timeout.</Message><Level>Error</Level><Task></Task><Opcode>Info</Opcode><Channel></Channel><Provider>Microsoft-Windows-DistributedCOM</Provider><Keywords><Keyword>Classic</Keyword></Keywords></RenderingInfo></Event><Event xmlns='http://schemas.microsoft.com/win/2004/08/events/event'><System><Provider Name='Microsoft-Windows-DistributedCOM' Guid='{1B562E86-B7AA-4131-BADC-B6F3A001407E}' EventSourceName='DCOM'/><EventID Qualifiers='0'>10010</EventID><Version>0</Version><Level>2</Level><Task>0</Task><Opcode>0</Opcode><Keywords>0x8080000000000000</Keywords><TimeCreated SystemTime='2025-09-01T00:51:01.8455549Z'/><EventRecordID>3162308</EventRecordID><Correlation ActivityID='{5e28b5f0-ca80-4346-8786-8e2bf5dbdc7a}'/><Execution ProcessID='1016' ThreadID='12924'/><Channel>System</Channel><Computer>ARROW-PROEJCTS</Computer><Security UserID='S-1-5-21-2552682363-1415638892-1482416837-1001'/></System><EventData><Data Name='param1'>Microsoft.StorePurchaseApp_22506.1401.4.0_x64__8wekyb3d8bbwe!App.AppXh68f74x901gdx01kwdh3szc5yp7bnmah.mca</Data></EventData><RenderingInfo Culture='en-SG'><Message>The server Microsoft.StorePurchaseApp_22506.1401.4.0_x64__8wekyb3d8bbwe!App.AppXh68f74x901gdx01kwdh3szc5yp7bnmah.mca did not register with DCOM within the required timeout.</Message><Level>Error</Level><Task></Task><Opcode>Info</Opcode><Channel></Channel><Provider>Microsoft-Windows-DistributedCOM</Provider><Keywords><Keyword>Classic</Keyword></Keywords></RenderingInfo></Event><Event xmlns='http://schemas.microsoft.com/win/2004/08/events/event'><System><Provider Name='Microsoft-Windows-DistributedCOM' Guid='{1B562E86-B7AA-4131-BADC-B6F3A001407E}' EventSourceName='DCOM'/><EventID Qualifiers='0'>10010</EventID><Version>0</Version><Level>2</Level><Task>0</Task><Opcode>0</Opcode><Keywords>0x8080000000000000</Keywords><TimeCreated SystemTime='2025-09-01T00:39:54.5992056Z'/><EventRecordID>3162307</EventRecordID><Correlation ActivityID='{bd2a9d21-7237-4fc0-97a1-9534e7e115f0}'/><Execution ProcessID='1016' ThreadID='9260'/><Channel>System</Channel><Computer>ARROW-PROEJCTS</Computer><Security UserID='S-1-5-21-2552682363-1415638892-1482416837-1001'/></System><EventData><Data Name='param1'>Microsoft.AAD.BrokerPlugin_1000.19041.4239.0_neutral_neutral_cw5n1h2txyewy!Windows.Security.Authentication.Web.Core.BackgroundGetTokenTask.ClassId.WebAccountProvider</Data></EventData><RenderingInfo Culture='en-SG'><Message>The server Microsoft.AAD.BrokerPlugin_1000.19041.4239.0_neutral_neutral_cw5n1h2txyewy!Windows.Security.Authentication.Web.Core.BackgroundGetTokenTask.ClassId.WebAccountProvider did not register with DCOM within the required timeout.</Message><Level>Error</Level><Task></Task><Opcode>Info</Opcode><Channel></Channel><Provider>Microsoft-Windows-DistributedCOM</Provider><Keywords><Keyword>Classic</Keyword></Keywords></RenderingInfo></Event><Event xmlns='http://schemas.microsoft.com/win/2004/08/events/event'><System><Provider Name='Microsoft-Windows-DistributedCOM' Guid='{1B562E86-B7AA-4131-BADC-B6F3A001407E}' EventSourceName='DCOM'/><EventID Qualifiers='0'>10010</EventID><Version>0</Version><Level>2</Level><Task>0</Task><Opcode>0</Opcode><Keywords>0x8080000000000000</Keywords><TimeCreated SystemTime='2025-09-01T00:39:51.2902050Z'/><EventRecordID>3162306</EventRecordID><Correlation ActivityID='{6c0bd61b-568c-47d5-a6a1-18a3681ba5bd}'/><Execution ProcessID='1016' ThreadID='9488'/><Channel>System</Channel><Computer>ARROW-PROEJCTS</Computer><Security UserID='S-1-5-21-2552682363-1415638892-1482416837-1001'/></System><EventData><Data Name='param1'>Microsoft.AAD.BrokerPlugin_1000.19041.4239.0_neutral_neutral_cw5n1h2txyewy!Windows.Security.Authentication.Web.Core.BackgroundGetTokenTask.ClassId.WebAccountProvider</Data></EventData><RenderingInfo Culture='en-SG'><Message>The server Microsoft.AAD.BrokerPlugin_1000.19041.4239.0_neutral_neutral_cw5n1h2txyewy!Windows.Security.Authentication.Web.Core.BackgroundGetTokenTask.ClassId.WebAccountProvider did not register with DCOM within the required timeout.</Message><Level>Error</Level><Task></Task><Opcode>Info</Opcode><Channel></Channel><Provider>Microsoft-Windows-DistributedCOM</Provider><Keywords><Keyword>Classic</Keyword></Keywords></RenderingInfo></Event><Event xmlns='http://schemas.microsoft.com/win/2004/08/events/event'><System><Provider Name='Microsoft-Windows-DistributedCOM' Guid='{1B562E86-B7AA-4131-BADC-B6F3A001407E}' EventSourceName='DCOM'/><EventID Qualifiers='0'>10010</EventID><Version>0</Version><Level>2</Level><Task>0</Task><Opcode>0</Opcode><Keywords>0x8080000000000000</Keywords><TimeCreated SystemTime='2025-09-01T00:36:35.8773054Z'/><EventRecordID>3162305</EventRecordID><Correlation ActivityID='{15429c8f-6bee-4ddb-a0bf-1a62ec536f59}'/><Execution ProcessID='1016' ThreadID='1032'/><Channel>System</Channel><Computer>ARROW-PROEJCTS</Computer><Security UserID='S-1-5-21-2552682363-1415638892-1482416837-1001'/></System><EventData><Data Name='param1'>Microsoft.AAD.BrokerPlugin_1000.19041.4239.0_neutral_neutral_cw5n1h2txyewy!Windows.Security.Authentication.Web.Core.BackgroundGetTokenTask.ClassId.WebAccountProvider</Data></EventData><RenderingInfo Culture='en-SG'><Message>The server Microsoft.AAD.BrokerPlugin_1000.19041.4239.0_neutral_neutral_cw5n1h2txyewy!Windows.Security.Authentication.Web.Core.BackgroundGetTokenTask.ClassId.WebAccountProvider did not register with DCOM within the required timeout.</Message><Level>Error</Level><Task></Task><Opcode>Info</Opcode><Channel></Channel><Provider>Microsoft-Windows-DistributedCOM</Provider><Keywords><Keyword>Classic</Keyword></Keywords></RenderingInfo></Event><Event xmlns='http://schemas.microsoft.com/win/2004/08/events/event'><System><Provider Name='Microsoft-Windows-DistributedCOM' Guid='{1B562E86-B7AA-4131-BADC-B6F3A001407E}' EventSourceName='DCOM'/><EventID Qualifiers='0'>10010</EventID><Version>0</Version><Level>2</Level><Task>0</Task><Opcode>0</Opcode><Keywords>0x8080000000000000</Keywords><TimeCreated SystemTime='2025-08-31T23:36:35.1666091Z'/><EventRecordID>3162304</EventRecordID><Correlation ActivityID='{1a35eb60-9cd2-4d65-90b0-fea68071efc5}'/><Execution ProcessID='1016' ThreadID='2056'/><Channel>System</Channel><Computer>ARROW-PROEJCTS</Computer><Security UserID='S-1-5-21-2552682363-1415638892-1482416837-1001'/></System><EventData><Data Name='param1'>Microsoft.AAD.BrokerPlugin_1000.19041.4239.0_neutral_neutral_cw5n1h2txyewy!Windows.Security.Authentication.Web.Core.BackgroundGetTokenTask.ClassId.WebAccountProvider</Data></EventData><RenderingInfo Culture='en-SG'><Message>The server Microsoft.AAD.BrokerPlugin_1000.19041.4239.0_neutral_neutral_cw5n1h2txyewy!Windows.Security.Authentication.Web.Core.BackgroundGetTokenTask.ClassId.WebAccountProvider did not register with DCOM within the required timeout.</Message><Level>Error</Level><Task></Task><Opcode>Info</Opcode><Channel></Channel><Provider>Microsoft-Windows-DistributedCOM</Provider><Keywords><Keyword>Classic</Keyword></Keywords></RenderingInfo></Event><Event xmlns='http://schemas.microsoft.com/win/2004/08/events/event'><System><Provider Name='Microsoft-Windows-WAS' Guid='{524B5D04-133C-4A62-8362-64E8EDB9CE40}' EventSourceName='WAS'/><EventID Qualifiers='16384'>5186</EventID><Version>0</Version><Level>4</Level><Task>0</Task><Opcode>0</Opcode><Keywords>0x80000000000000</Keywords><TimeCreated SystemTime='2025-08-31T23:25:42.9495559Z'/><EventRecordID>3162303</EventRecordID><Correlation/><Execution ProcessID='0' ThreadID='0'/><Channel>System</Channel><Computer>ARROW-PROEJCTS</Computer><Security/></System><EventData><Data Name='ProcessID'>18816</Data><Data Name='AppPoolID'>Arrowcrest.Invitation.Api</Data><Data Name='Minutes'>20</Data></EventData><RenderingInfo Culture='en-SG'><Message>A worker process with process id of '18816' serving application pool 'Arrowcrest.Invitation.Api' was shutdown due to inactivity.  Application Pool timeout configuration was set to 20 minutes.  A new worker process will be started when needed.</Message><Level>Information</Level><Task></Task><Opcode></Opcode><Channel></Channel><Provider>Microsoft-Windows-WAS</Provider><Keywords><Keyword>Classic</Keyword></Keywords></RenderingInfo></Event><Event xmlns='http://schemas.microsoft.com/win/2004/08/events/event'><System><Provider Name='Microsoft-Windows-DistributedCOM' Guid='{1B562E86-B7AA-4131-BADC-B6F3A001407E}' EventSourceName='DCOM'/><EventID Qualifiers='0'>10010</EventID><Version>0</Version><Level>2</Level><Task>0</Task><Opcode>0</Opcode><Keywords>0x8080000000000000</Keywords><TimeCreated SystemTime='2025-08-31T23:25:02.4380931Z'/><EventRecordID>3162302</EventRecordID><Correlation ActivityID='{392ce96d-d2d7-40b0-a46f-5a7e72dc2fd0}'/><Execution ProcessID='1016' ThreadID='4088'/><Channel>System</Channel><Computer>ARROW-PROEJCTS</Computer><Security UserID='S-1-5-21-2552682363-1415638892-1482416837-1001'/></System><EventData><Data Name='param1'>Microsoft.AAD.BrokerPlugin_1000.19041.4239.0_neutral_neutral_cw5n1h2txyewy!Windows.Security.Authentication.Web.Core.BackgroundGetTokenTask.ClassId.WebAccountProvider</Data></EventData><RenderingInfo Culture='en-SG'><Message>The server Microsoft.AAD.BrokerPlugin_1000.19041.4239.0_neutral_neutral_cw5n1h2txyewy!Windows.Security.Authentication.Web.Core.BackgroundGetTokenTask.ClassId.WebAccountProvider did not register with DCOM within the required timeout.</Message><Level>Error</Level><Task></Task><Opcode>Info</Opcode><Channel></Channel><Provider>Microsoft-Windows-DistributedCOM</Provider><Keywords><Keyword>Classic</Keyword></Keywords></RenderingInfo></Event><Event xmlns='http://schemas.microsoft.com/win/2004/08/events/event'><System><Provider Name='Microsoft-Windows-DistributedCOM' Guid='{1B562E86-B7AA-4131-BADC-B6F3A001407E}' EventSourceName='DCOM'/><EventID Qualifiers='0'>10010</EventID><Version>0</Version><Level>2</Level><Task>0</Task><Opcode>0</Opcode><Keywords>0x8080000000000000</Keywords><TimeCreated SystemTime='2025-08-31T23:24:57.6773587Z'/><EventRecordID>3162301</EventRecordID><Correlation ActivityID='{ac910afc-20f7-4118-80dc-2b0de9c27fe1}'/><Execution ProcessID='1016' ThreadID='10292'/><Channel>System</Channel><Computer>ARROW-PROEJCTS</Computer><Security UserID='S-1-5-21-2552682363-1415638892-1482416837-1001'/></System><EventData><Data Name='param1'>Microsoft.AAD.BrokerPlugin_1000.19041.4239.0_neutral_neutral_cw5n1h2txyewy!Windows.Security.Authentication.Web.Core.BackgroundGetTokenTask.ClassId.WebAccountProvider</Data></EventData><RenderingInfo Culture='en-SG'><Message>The server Microsoft.AAD.BrokerPlugin_1000.19041.4239.0_neutral_neutral_cw5n1h2txyewy!Windows.Security.Authentication.Web.Core.BackgroundGetTokenTask.ClassId.WebAccountProvider did not register with DCOM within the required timeout.</Message><Level>Error</Level><Task></Task><Opcode>Info</Opcode><Channel></Channel><Provider>Microsoft-Windows-DistributedCOM</Provider><Keywords><Keyword>Classic</Keyword></Keywords></RenderingInfo></Event><Event xmlns='http://schemas.microsoft.com/win/2004/08/events/event'><System><Provider Name='Microsoft-Windows-DistributedCOM' Guid='{1B562E86-B7AA-4131-BADC-B6F3A001407E}' EventSourceName='DCOM'/><EventID Qualifiers='0'>10010</EventID><Version>0</Version><Level>2</Level><Task>0</Task><Opcode>0</Opcode><Keywords>0x8080000000000000</Keywords><TimeCreated SystemTime='2025-08-31T23:24:53.7583590Z'/><EventRecordID>3162300</EventRecordID><Correlation ActivityID='{781d2bd1-511b-4b2e-9943-5ad5d5b86f82}'/><Execution ProcessID='1016' ThreadID='10292'/><Channel>System</Channel><Computer>ARROW-PROEJCTS</Computer><Security UserID='S-1-5-21-2552682363-1415638892-1482416837-1001'/></System><EventData><Data Name='param1'>Microsoft.AAD.BrokerPlugin_1000.19041.4239.0_neutral_neutral_cw5n1h2txyewy!Windows.Security.Authentication.Web.Core.BackgroundGetTokenTask.ClassId.WebAccountProvider</Data></EventData><RenderingInfo Culture='en-SG'><Message>The server Microsoft.AAD.BrokerPlugin_1000.19041.4239.0_neutral_neutral_cw5n1h2txyewy!Windows.Security.Authentication.Web.Core.BackgroundGetTokenTask.ClassId.WebAccountProvider did not register with DCOM within the required timeout.</Message><Level>Error</Level><Task></Task><Opcode>Info</Opcode><Channel></Channel><Provider>Microsoft-Windows-DistributedCOM</Provider><Keywords><Keyword>Classic</Keyword></Keywords></RenderingInfo></Event><Event xmlns='http://schemas.microsoft.com/win/2004/08/events/event'><System><Provider Name='Microsoft-Windows-DistributedCOM' Guid='{1B562E86-B7AA-4131-BADC-B6F3A001407E}' EventSourceName='DCOM'/><EventID Qualifiers='0'>10010</EventID><Version>0</Version><Level>2</Level><Task>0</Task><Opcode>0</Opcode><Keywords>0x8080000000000000</Keywords><TimeCreated SystemTime='2025-08-31T23:24:49.6797138Z'/><EventRecordID>3162299</EventRecordID><Correlation ActivityID='{f9d21553-7e25-47dd-8a36-d3e6679fc280}'/><Execution ProcessID='1016' ThreadID='17692'/><Channel>System</Channel><Computer>ARROW-PROEJCTS</Computer><Security UserID='S-1-5-21-2552682363-1415638892-1482416837-1001'/></System><EventData><Data Name='param1'>Microsoft.AAD.BrokerPlugin_1000.19041.4239.0_neutral_neutral_cw5n1h2txyewy!Windows.Security.Authentication.Web.Core.BackgroundGetTokenTask.ClassId.WebAccountProvider</Data></EventData><RenderingInfo Culture='en-SG'><Message>The server Microsoft.AAD.BrokerPlugin_1000.19041.4239.0_neutral_neutral_cw5n1h2txyewy!Windows.Security.Authentication.Web.Core.BackgroundGetTokenTask.ClassId.WebAccountProvider did not register with DCOM within the required timeout.</Message><Level>Error</Level><Task></Task><Opcode>Info</Opcode><Channel></Channel><Provider>Microsoft-Windows-DistributedCOM</Provider><Keywords><Keyword>Classic</Keyword></Keywords></RenderingInfo></Event><Event xmlns='http://schemas.microsoft.com/win/2004/08/events/event'><System><Provider Name='Microsoft-Windows-DistributedCOM' Guid='{1B562E86-B7AA-4131-BADC-B6F3A001407E}' EventSourceName='DCOM'/><EventID Qualifiers='0'>10010</EventID><Version>0</Version><Level>2</Level><Task>0</Task><Opcode>0</Opcode><Keywords>0x8080000000000000</Keywords><TimeCreated SystemTime='2025-08-31T23:24:45.7407142Z'/><EventRecordID>3162298</EventRecordID><Correlation ActivityID='{b304f023-405a-4711-bf90-1fea2a79de37}'/><Execution ProcessID='1016' ThreadID='17692'/><Channel>System</Channel><Computer>ARROW-PROEJCTS</Computer><Security UserID='S-1-5-21-2552682363-1415638892-1482416837-1001'/></System><EventData><Data Name='param1'>Microsoft.AAD.BrokerPlugin_1000.19041.4239.0_neutral_neutral_cw5n1h2txyewy!Windows.Security.Authentication.Web.Core.BackgroundGetTokenTask.ClassId.WebAccountProvider</Data></EventData><RenderingInfo Culture='en-SG'><Message>The server Microsoft.AAD.BrokerPlugin_1000.19041.4239.0_neutral_neutral_cw5n1h2txyewy!Windows.Security.Authentication.Web.Core.BackgroundGetTokenTask.ClassId.WebAccountProvider did not register with DCOM within the required timeout.</Message><Level>Error</Level><Task></Task><Opcode>Info</Opcode><Channel></Channel><Provider>Microsoft-Windows-DistributedCOM</Provider><Keywords><Keyword>Classic</Keyword></Keywords></RenderingInfo></Event><Event xmlns='http://schemas.microsoft.com/win/2004/08/events/event'><System><Provider Name='Microsoft-Windows-DistributedCOM' Guid='{1B562E86-B7AA-4131-BADC-B6F3A001407E}' EventSourceName='DCOM'/><EventID Qualifiers='0'>10010</EventID><Version>0</Version><Level>2</Level><Task>0</Task><Opcode>0</Opcode><Keywords>0x8080000000000000</Keywords><TimeCreated SystemTime='2025-08-31T23:24:38.9304632Z'/><EventRecordID>3162297</EventRecordID><Correlation ActivityID='{d13bd65d-3e6e-4cd2-a1e7-07f5cf341809}'/><Execution ProcessID='1016' ThreadID='10292'/><Channel>System</Channel><Computer>ARROW-PROEJCTS</Computer><Security UserID='S-1-5-21-2552682363-1415638892-1482416837-1001'/></System><EventData><Data Name='param1'>Microsoft.AAD.BrokerPlugin_1000.19041.4239.0_neutral_neutral_cw5n1h2txyewy!Windows.Security.Authentication.Web.Core.BackgroundGetTokenTask.ClassId.WebAccountProvider</Data></EventData><RenderingInfo Culture='en-SG'><Message>The server Microsoft.AAD.BrokerPlugin_1000.19041.4239.0_neutral_neutral_cw5n1h2txyewy!Windows.Security.Authentication.Web.Core.BackgroundGetTokenTask.ClassId.WebAccountProvider did not register with DCOM within the required timeout.</Message><Level>Error</Level><Task></Task><Opcode>Info</Opcode><Channel></Channel><Provider>Microsoft-Windows-DistributedCOM</Provider><Keywords><Keyword>Classic</Keyword></Keywords></RenderingInfo></Event><Event xmlns='http://schemas.microsoft.com/win/2004/08/events/event'><System><Provider Name='Microsoft-Windows-DistributedCOM' Guid='{1B562E86-B7AA-4131-BADC-B6F3A001407E}' EventSourceName='DCOM'/><EventID Qualifiers='0'>10010</EventID><Version>0</Version><Level>2</Level><Task>0</Task><Opcode>0</Opcode><Keywords>0x8080000000000000</Keywords><TimeCreated SystemTime='2025-08-31T23:24:29.4068240Z'/><EventRecordID>3162296</EventRecordID><Correlation ActivityID='{bdbc4e04-32c7-4ed8-87ce-fb095e1a270c}'/><Execution ProcessID='1016' ThreadID='4088'/><Channel>System</Channel><Computer>ARROW-PROEJCTS</Computer><Security UserID='S-1-5-21-2552682363-1415638892-1482416837-1001'/></System><EventData><Data Name='param1'>Microsoft.Windows.Search_1.14.17.19041_neutral_neutral_cw5n1h2txyewy!CortanaUI.AppX49we79s9ab0xp8xpjb6t6g31ep03r71y.mca</Data></EventData><RenderingInfo Culture='en-SG'><Message>The server Microsoft.Windows.Search_1.14.17.19041_neutral_neutral_cw5n1h2txyewy!CortanaUI.AppX49we79s9ab0xp8xpjb6t6g31ep03r71y.mca did not register with DCOM within the required timeout.</Message><Level>Error</Level><Task></Task><Opcode>Info</Opcode><Channel></Channel><Provider>Microsoft-Windows-DistributedCOM</Provider><Keywords><Keyword>Classic</Keyword></Keywords></RenderingInfo></Event><Event xmlns='http://schemas.microsoft.com/win/2004/08/events/event'><System><Provider Name='Microsoft-Windows-WAS' Guid='{524B5D04-133C-4A62-8362-64E8EDB9CE40}' EventSourceName='WAS'/><EventID Qualifiers='16384'>5186</EventID><Version>0</Version><Level>4</Level><Task>0</Task><Opcode>0</Opcode><Keywords>0x80000000000000</Keywords><TimeCreated SystemTime='2025-08-31T22:49:50.5411204Z'/><EventRecordID>3162295</EventRecordID><Correlation/><Execution ProcessID='0' ThreadID='0'/><Channel>System</Channel><Computer>ARROW-PROEJCTS</Computer><Security/></System><EventData><Data Name='ProcessID'>18196</Data><Data Name='AppPoolID'>Arrowcrest.Invitation.Api</Data><Data Name='Minutes'>20</Data></EventData><RenderingInfo Culture='en-SG'><Message>A worker process with process id of '18196' serving application pool 'Arrowcrest.Invitation.Api' was shutdown due to inactivity.  Application Pool timeout configuration was set to 20 minutes.  A new worker process will be started when needed.</Message><Level>Information</Level><Task></Task><Opcode></Opcode><Channel></Channel><Provider>Microsoft-Windows-WAS</Provider><Keywords><Keyword>Classic</Keyword></Keywords></RenderingInfo></Event><Event xmlns='http://schemas.microsoft.com/win/2004/08/events/event'><System><Provider Name='Microsoft-Windows-DistributedCOM' Guid='{1B562E86-B7AA-4131-BADC-B6F3A001407E}' EventSourceName='DCOM'/><EventID Qualifiers='0'>10010</EventID><Version>0</Version><Level>2</Level><Task>0</Task><Opcode>0</Opcode><Keywords>0x8080000000000000</Keywords><TimeCreated SystemTime='2025-08-31T22:36:34.9032369Z'/><EventRecordID>3162294</EventRecordID><Correlation ActivityID='{6c090044-4054-464a-8015-603d53372e5d}'/><Execution ProcessID='1016' ThreadID='11924'/><Channel>System</Channel><Computer>ARROW-PROEJCTS</Computer><Security UserID='S-1-5-21-2552682363-1415638892-1482416837-1001'/></System><EventData><Data Name='param1'>Microsoft.AAD.BrokerPlugin_1000.19041.4239.0_neutral_neutral_cw5n1h2txyewy!Windows.Security.Authentication.Web.Core.BackgroundGetTokenTask.ClassId.WebAccountProvider</Data></EventData><RenderingInfo Culture='en-SG'><Message>The server Microsoft.AAD.BrokerPlugin_1000.19041.4239.0_neutral_neutral_cw5n1h2txyewy!Windows.Security.Authentication.Web.Core.BackgroundGetTokenTask.ClassId.WebAccountProvider did not register with DCOM within the required timeout.</Message><Level>Error</Level><Task></Task><Opcode>Info</Opcode><Channel></Channel><Provider>Microsoft-Windows-DistributedCOM</Provider><Keywords><Keyword>Classic</Keyword></Keywords></RenderingInfo></Event><Event xmlns='http://schemas.microsoft.com/win/2004/08/events/event'><System><Provider Name='Microsoft-Windows-DistributedCOM' Guid='{1B562E86-B7AA-4131-BADC-B6F3A001407E}' EventSourceName='DCOM'/><EventID Qualifiers='0'>10010</EventID><Version>0</Version><Level>2</Level><Task>0</Task><Opcode>0</Opcode><Keywords>0x8080000000000000</Keywords><TimeCreated SystemTime='2025-08-31T22:09:52.4554782Z'/><EventRecordID>3162293</EventRecordID><Correlation ActivityID='{3de31a8d-015e-4bed-a43f-69f962c8c98e}'/><Execution ProcessID='1016' ThreadID='18288'/><Channel>System</Channel><Computer>ARROW-PROEJCTS</Computer><Security UserID='S-1-5-21-2552682363-1415638892-1482416837-1001'/></System><EventData><Data Name='param1'>Microsoft.AAD.BrokerPlugin_1000.19041.4239.0_neutral_neutral_cw5n1h2txyewy!Windows.Security.Authentication.Web.Core.BackgroundGetTokenTask.ClassId.WebAccountProvider</Data></EventData><RenderingInfo Culture='en-SG'><Message>The server Microsoft.AAD.BrokerPlugin_1000.19041.4239.0_neutral_neutral_cw5n1h2txyewy!Windows.Security.Authentication.Web.Core.BackgroundGetTokenTask.ClassId.WebAccountProvider did not register with DCOM within the required timeout.</Message><Level>Error</Level><Task></Task><Opcode>Info</Opcode><Channel></Channel><Provider>Microsoft-Windows-DistributedCOM</Provider><Keywords><Keyword>Classic</Keyword></Keywords></RenderingInfo></Event>